[2022-12-16 14:22:31.311 +05:30  INF]  User profile is available. Using 'C:\Users\logesh.karthik\AppData\Local\ASP.NET\DataProtection-Keys' as key repository and Windows DPAPI to encrypt keys at rest.
[2022-12-16 14:22:31.581 +05:30  INF]  Now listening on: https://localhost:7256
[2022-12-16 14:22:31.586 +05:30  INF]  Now listening on: http://localhost:5155
[2022-12-16 14:22:31.595 +05:30  INF]  Application started. Press Ctrl+C to shut down.
[2022-12-16 14:22:31.598 +05:30  INF]  Hosting environment: Development
[2022-12-16 14:22:31.600 +05:30  INF]  Content root path: C:\Users\logesh.karthik\Desktop\Github\AngularMVC\AngularMVC\Employee\
[2022-12-16 14:22:32.389 +05:30  INF]  Request starting HTTP/2 GET https://localhost:7256/ - -
[2022-12-16 14:22:32.440 +05:30  INF]  Executing endpoint 'Database.Controllers.HomeController.Index (Employee)'
[2022-12-16 14:22:32.457 +05:30  INF]  Route matched with {action = "Index", controller = "Home"}. Executing controller action with signature Microsoft.AspNetCore.Mvc.IActionResult Index() on controller Database.Controllers.HomeController (Employee).
[2022-12-16 14:22:32.472 +05:30  INF]  Executing ViewResult, running view Index.
[2022-12-16 14:22:32.594 +05:30  INF]  Executed ViewResult - view Index executed in 120.4918ms.
[2022-12-16 14:22:32.601 +05:30  INF]  Executed action Database.Controllers.HomeController.Index (Employee) in 143.218ms
[2022-12-16 14:22:32.601 +05:30  INF]  Executed endpoint 'Database.Controllers.HomeController.Index (Employee)'
[2022-12-16 14:22:32.607 +05:30  INF]  Request finished HTTP/2 GET https://localhost:7256/ - - - 200 - text/html;+charset=utf-8 221.6296ms
[2022-12-16 14:22:32.650 +05:30  INF]  Request starting HTTP/2 GET https://localhost:7256/css/site.css?v=AKvNjO3dCPPS0eSU1Ez8T2wI280i08yGycV9ndytL-c - -
[2022-12-16 14:22:32.651 +05:30  INF]  Request starting HTTP/2 GET https://localhost:7256/Employee.styles.css?v=1zBmUAqtmJGZ4iG0upJMx4OCtBwRsT0xXpZ3s3bh0xA - -
[2022-12-16 14:22:32.652 +05:30  INF]  Request starting HTTP/2 GET https://localhost:7256/lib/bootstrap/dist/css/bootstrap.min.css - -
[2022-12-16 14:22:32.652 +05:30  INF]  Request starting HTTP/2 GET https://localhost:7256/lib/jquery/dist/jquery.min.js - -
[2022-12-16 14:22:32.652 +05:30  INF]  Request starting HTTP/2 GET https://localhost:7256/lib/bootstrap/dist/js/bootstrap.bundle.min.js - -
[2022-12-16 14:22:32.669 +05:30  INF]  The file /css/site.css was not modified
[2022-12-16 14:22:32.669 +05:30  INF]  The file /lib/bootstrap/dist/css/bootstrap.min.css was not modified
[2022-12-16 14:22:32.669 +05:30  INF]  The file /Employee.styles.css was not modified
[2022-12-16 14:22:32.669 +05:30  INF]  The file /lib/jquery/dist/jquery.min.js was not modified
[2022-12-16 14:22:32.669 +05:30  INF]  The file /lib/bootstrap/dist/js/bootstrap.bundle.min.js was not modified
[2022-12-16 14:22:32.670 +05:30  INF]  Request finished HTTP/2 GET https://localhost:7256/css/site.css?v=AKvNjO3dCPPS0eSU1Ez8T2wI280i08yGycV9ndytL-c - - - 304 - text/css 20.1718ms
[2022-12-16 14:22:32.670 +05:30  INF]  Request finished HTTP/2 GET https://localhost:7256/lib/bootstrap/dist/js/bootstrap.bundle.min.js - - - 304 - application/javascript 17.8888ms
[2022-12-16 14:22:32.670 +05:30  INF]  Request finished HTTP/2 GET https://localhost:7256/lib/jquery/dist/jquery.min.js - - - 304 - application/javascript 18.2854ms
[2022-12-16 14:22:32.670 +05:30  INF]  Request starting HTTP/2 GET https://localhost:7256/js/site.js?v=4q1jwFhaPaZgr8WAUSrux6hAuh0XDg9kPS3xIVq36I0 - -
[2022-12-16 14:22:32.670 +05:30  INF]  Request finished HTTP/2 GET https://localhost:7256/lib/bootstrap/dist/css/bootstrap.min.css - - - 304 - text/css 18.7041ms
[2022-12-16 14:22:32.670 +05:30  INF]  Request finished HTTP/2 GET https://localhost:7256/Employee.styles.css?v=1zBmUAqtmJGZ4iG0upJMx4OCtBwRsT0xXpZ3s3bh0xA - - - 304 - text/css 18.9100ms
[2022-12-16 14:22:32.671 +05:30  INF]  The file /js/site.js was not modified
[2022-12-16 14:22:32.671 +05:30  INF]  Request finished HTTP/2 GET https://localhost:7256/js/site.js?v=4q1jwFhaPaZgr8WAUSrux6hAuh0XDg9kPS3xIVq36I0 - - - 304 - application/javascript 0.5460ms
[2022-12-16 14:22:32.711 +05:30  INF]  Request starting HTTP/2 GET https://localhost:7256/favicon.ico - -
[2022-12-16 14:22:32.741 +05:30  INF]  Sending file. Request path: '/favicon.ico'. Physical path: 'C:\Users\logesh.karthik\Desktop\Github\AngularMVC\AngularMVC\Employee\wwwroot\favicon.ico'
[2022-12-16 14:22:32.741 +05:30  INF]  Request finished HTTP/2 GET https://localhost:7256/favicon.ico - - - 0 5430 image/x-icon 29.7170ms
[2022-12-16 16:22:04.409 +05:30  INF]  User profile is available. Using 'C:\Users\logesh.karthik\AppData\Local\ASP.NET\DataProtection-Keys' as key repository and Windows DPAPI to encrypt keys at rest.
[2022-12-16 16:22:04.932 +05:30  INF]  Now listening on: https://localhost:7256
[2022-12-16 16:22:04.935 +05:30  INF]  Now listening on: http://localhost:5155
[2022-12-16 16:22:04.949 +05:30  INF]  Application started. Press Ctrl+C to shut down.
[2022-12-16 16:22:04.951 +05:30  INF]  Hosting environment: Development
[2022-12-16 16:22:04.953 +05:30  INF]  Content root path: C:\Users\logesh.karthik\Desktop\Github\AngularMVC\AngularMVC\Employee\
[2022-12-16 16:22:08.377 +05:30  INF]  Request starting HTTP/2 GET https://localhost:7256/ - -
[2022-12-16 16:22:08.425 +05:30  INF]  Executing endpoint 'Database.Controllers.HomeController.Index (Employee)'
[2022-12-16 16:22:08.438 +05:30  INF]  Route matched with {action = "Index", controller = "Home"}. Executing controller action with signature Microsoft.AspNetCore.Mvc.IActionResult Index() on controller Database.Controllers.HomeController (Employee).
[2022-12-16 16:22:08.465 +05:30  INF]  Executing ViewResult, running view Index.
[2022-12-16 16:22:08.749 +05:30  INF]  Executed ViewResult - view Index executed in 300.4017ms.
[2022-12-16 16:22:08.758 +05:30  INF]  Executed action Database.Controllers.HomeController.Index (Employee) in 319.3128ms
[2022-12-16 16:22:08.758 +05:30  INF]  Executed endpoint 'Database.Controllers.HomeController.Index (Employee)'
[2022-12-16 16:22:08.784 +05:30  INF]  Request finished HTTP/2 GET https://localhost:7256/ - - - 200 - text/html;+charset=utf-8 411.0469ms
[2022-12-16 16:22:12.858 +05:30  INF]  Request starting HTTP/2 GET https://localhost:7256/css/site.css?v=AKvNjO3dCPPS0eSU1Ez8T2wI280i08yGycV9ndytL-c - -
[2022-12-16 16:22:12.858 +05:30  INF]  Request starting HTTP/2 GET https://localhost:7256/Employee.styles.css?v=1zBmUAqtmJGZ4iG0upJMx4OCtBwRsT0xXpZ3s3bh0xA - -
[2022-12-16 16:22:12.858 +05:30  INF]  Request starting HTTP/2 GET https://localhost:7256/lib/bootstrap/dist/css/bootstrap.min.css - -
[2022-12-16 16:22:12.885 +05:30  INF]  Sending file. Request path: '/css/site.css'. Physical path: 'C:\Users\logesh.karthik\Desktop\Github\AngularMVC\AngularMVC\Employee\wwwroot\css\site.css'
[2022-12-16 16:22:12.885 +05:30  INF]  Sending file. Request path: '/Employee.styles.css'. Physical path: 'C:\Users\logesh.karthik\Desktop\Github\AngularMVC\AngularMVC\Employee\obj\Debug\net6.0\scopedcss\bundle\Employee.styles.css'
[2022-12-16 16:22:12.885 +05:30  INF]  Request finished HTTP/2 GET https://localhost:7256/css/site.css?v=AKvNjO3dCPPS0eSU1Ez8T2wI280i08yGycV9ndytL-c - - - 200 194 text/css 27.5200ms
[2022-12-16 16:22:12.885 +05:30  INF]  Request finished HTTP/2 GET https://localhost:7256/Employee.styles.css?v=1zBmUAqtmJGZ4iG0upJMx4OCtBwRsT0xXpZ3s3bh0xA - - - 200 1125 text/css 27.5230ms
[2022-12-16 16:22:12.896 +05:30  INF]  Request starting HTTP/2 GET https://localhost:7256/js/site.js?v=4q1jwFhaPaZgr8WAUSrux6hAuh0XDg9kPS3xIVq36I0 - -
[2022-12-16 16:22:12.896 +05:30  INF]  Request starting HTTP/2 GET https://localhost:7256/lib/bootstrap/dist/js/bootstrap.bundle.min.js - -
[2022-12-16 16:22:12.896 +05:30  INF]  Request starting HTTP/2 GET https://localhost:7256/lib/jquery/dist/jquery.min.js - -
[2022-12-16 16:22:12.904 +05:30  INF]  Sending file. Request path: '/lib/bootstrap/dist/js/bootstrap.bundle.min.js'. Physical path: 'C:\Users\logesh.karthik\Desktop\Github\AngularMVC\AngularMVC\Employee\wwwroot\lib\bootstrap\dist\js\bootstrap.bundle.min.js'
[2022-12-16 16:22:12.904 +05:30  INF]  Sending file. Request path: '/lib/jquery/dist/jquery.min.js'. Physical path: 'C:\Users\logesh.karthik\Desktop\Github\AngularMVC\AngularMVC\Employee\wwwroot\lib\jquery\dist\jquery.min.js'
[2022-12-16 16:22:12.904 +05:30  INF]  Sending file. Request path: '/lib/bootstrap/dist/css/bootstrap.min.css'. Physical path: 'C:\Users\logesh.karthik\Desktop\Github\AngularMVC\AngularMVC\Employee\wwwroot\lib\bootstrap\dist\css\bootstrap.min.css'
[2022-12-16 16:22:12.904 +05:30  INF]  Sending file. Request path: '/js/site.js'. Physical path: 'C:\Users\logesh.karthik\Desktop\Github\AngularMVC\AngularMVC\Employee\wwwroot\js\site.js'
[2022-12-16 16:22:12.906 +05:30  INF]  Request finished HTTP/2 GET https://localhost:7256/lib/bootstrap/dist/js/bootstrap.bundle.min.js - - - 200 78468 application/javascript 10.1351ms
[2022-12-16 16:22:12.906 +05:30  INF]  Request finished HTTP/2 GET https://localhost:7256/lib/jquery/dist/jquery.min.js - - - 200 89476 application/javascript 10.1231ms
[2022-12-16 16:22:12.906 +05:30  INF]  Request finished HTTP/2 GET https://localhost:7256/js/site.js?v=4q1jwFhaPaZgr8WAUSrux6hAuh0XDg9kPS3xIVq36I0 - - - 200 230 application/javascript 10.4205ms
[2022-12-16 16:22:12.906 +05:30  INF]  Request finished HTTP/2 GET https://localhost:7256/lib/bootstrap/dist/css/bootstrap.min.css - - - 200 162720 text/css 48.3549ms
[2022-12-16 16:22:16.160 +05:30  INF]  Request starting HTTP/2 GET https://localhost:7256/favicon.ico - -
[2022-12-16 16:22:16.161 +05:30  INF]  Sending file. Request path: '/favicon.ico'. Physical path: 'C:\Users\logesh.karthik\Desktop\Github\AngularMVC\AngularMVC\Employee\wwwroot\favicon.ico'
[2022-12-16 16:22:16.161 +05:30  INF]  Request finished HTTP/2 GET https://localhost:7256/favicon.ico - - - 200 5430 image/x-icon 1.5048ms
[2022-12-16 16:22:21.562 +05:30  INF]  Request starting HTTP/2 GET https://localhost:7256/getallEmployees - -
[2022-12-16 16:22:21.566 +05:30  INF]  Request finished HTTP/2 GET https://localhost:7256/getallEmployees - - - 404 0 - 4.3647ms
[2022-12-16 19:15:31.405 +05:30  INF]  User profile is available. Using 'C:\Users\logesh.karthik\AppData\Local\ASP.NET\DataProtection-Keys' as key repository and Windows DPAPI to encrypt keys at rest.
[2022-12-16 19:15:31.672 +05:30  INF]  Now listening on: https://localhost:7256
[2022-12-16 19:15:31.675 +05:30  INF]  Now listening on: http://localhost:5155
[2022-12-16 19:15:31.683 +05:30  INF]  Application started. Press Ctrl+C to shut down.
[2022-12-16 19:15:31.685 +05:30  INF]  Hosting environment: Development
[2022-12-16 19:15:31.686 +05:30  INF]  Content root path: C:\Users\logesh.karthik\Desktop\Github\AngularMVC\AngularMVC\Employee\
[2022-12-16 19:15:32.459 +05:30  INF]  Request starting HTTP/2 GET https://localhost:7256/ - -
[2022-12-16 19:15:32.502 +05:30  INF]  Executing endpoint 'Database.Controllers.HomeController.Index (Employee)'
[2022-12-16 19:15:32.518 +05:30  INF]  Route matched with {action = "Index", controller = "Home"}. Executing controller action with signature Microsoft.AspNetCore.Mvc.IActionResult Index() on controller Database.Controllers.HomeController (Employee).
[2022-12-16 19:15:32.548 +05:30  INF]  Executing ViewResult, running view Index.
[2022-12-16 19:15:32.668 +05:30  INF]  Executed ViewResult - view Index executed in 124.2183ms.
[2022-12-16 19:15:32.677 +05:30  INF]  Executed action Database.Controllers.HomeController.Index (Employee) in 158.7494ms
[2022-12-16 19:15:32.677 +05:30  INF]  Executed endpoint 'Database.Controllers.HomeController.Index (Employee)'
[2022-12-16 19:15:32.696 +05:30  INF]  Request finished HTTP/2 GET https://localhost:7256/ - - - 200 - text/html;+charset=utf-8 241.5986ms
[2022-12-16 19:19:18.016 +05:30  INF]  User profile is available. Using 'C:\Users\logesh.karthik\AppData\Local\ASP.NET\DataProtection-Keys' as key repository and Windows DPAPI to encrypt keys at rest.
[2022-12-16 19:19:18.302 +05:30  INF]  Now listening on: https://localhost:7256
[2022-12-16 19:19:18.305 +05:30  INF]  Now listening on: http://localhost:5155
[2022-12-16 19:19:18.320 +05:30  INF]  Application started. Press Ctrl+C to shut down.
[2022-12-16 19:19:18.322 +05:30  INF]  Hosting environment: Development
[2022-12-16 19:19:18.325 +05:30  INF]  Content root path: C:\Users\logesh.karthik\Desktop\Github\AngularMVC\AngularMVC\Employee\
[2022-12-16 19:19:19.063 +05:30  INF]  Request starting HTTP/2 GET https://localhost:7256/ - -
[2022-12-16 19:19:19.125 +05:30  INF]  Executing endpoint 'Database.Controllers.HomeController.Index (Employee)'
[2022-12-16 19:19:19.140 +05:30  INF]  Route matched with {action = "Index", controller = "Home"}. Executing controller action with signature Microsoft.AspNetCore.Mvc.IActionResult Index() on controller Database.Controllers.HomeController (Employee).
[2022-12-16 19:19:19.152 +05:30  INF]  Executing ViewResult, running view Index.
[2022-12-16 19:19:19.295 +05:30  INF]  Executed ViewResult - view Index executed in 142.1067ms.
[2022-12-16 19:19:19.303 +05:30  INF]  Executed action Database.Controllers.HomeController.Index (Employee) in 162.0131ms
[2022-12-16 19:19:19.303 +05:30  INF]  Executed endpoint 'Database.Controllers.HomeController.Index (Employee)'
[2022-12-16 19:19:19.310 +05:30  INF]  Request finished HTTP/2 GET https://localhost:7256/ - - - 200 - text/html;+charset=utf-8 251.6804ms
[2022-12-16 19:23:33.502 +05:30  INF]  Request starting HTTP/2 GET https://localhost:7256/ - -
[2022-12-16 19:23:33.511 +05:30  INF]  Executing endpoint 'Database.Controllers.HomeController.Index (Employee)'
[2022-12-16 19:23:33.512 +05:30  INF]  Route matched with {action = "Index", controller = "Home"}. Executing controller action with signature Microsoft.AspNetCore.Mvc.IActionResult Index() on controller Database.Controllers.HomeController (Employee).
[2022-12-16 19:23:33.534 +05:30  INF]  Executing ViewResult, running view Index.
[2022-12-16 19:23:33.537 +05:30  INF]  Executed ViewResult - view Index executed in 23.6052ms.
[2022-12-16 19:23:33.537 +05:30  INF]  Executed action Database.Controllers.HomeController.Index (Employee) in 24.186ms
[2022-12-16 19:23:33.537 +05:30  INF]  Executed endpoint 'Database.Controllers.HomeController.Index (Employee)'
[2022-12-16 19:23:33.542 +05:30  INF]  Request finished HTTP/2 GET https://localhost:7256/ - - - 200 - text/html;+charset=utf-8 40.2928ms
[2022-12-16 19:23:33.663 +05:30  INF]  Request starting HTTP/2 GET https://localhost:7256/favicon.ico - -
[2022-12-16 19:23:33.695 +05:30  INF]  Sending file. Request path: '/favicon.ico'. Physical path: 'C:\Users\logesh.karthik\Desktop\Github\AngularMVC\AngularMVC\Employee\wwwroot\favicon.ico'
[2022-12-16 19:23:33.695 +05:30  INF]  Request finished HTTP/2 GET https://localhost:7256/favicon.ico - - - 0 5430 image/x-icon 31.9220ms
[2022-12-16 19:23:38.163 +05:30  INF]  Request starting HTTP/2 GET https://localhost:7256/Organisation/GetAll - -
[2022-12-16 19:23:38.192 +05:30  INF]  Executing endpoint 'Database.Controllers.OrganisationController.Index (Employee)'
[2022-12-16 19:23:38.199 +05:30  INF]  Route matched with {action = "Index", controller = "Organisation"}. Executing controller action with signature Microsoft.AspNetCore.Mvc.JsonResult Index() on controller Database.Controllers.OrganisationController (Employee).
[2022-12-16 19:23:39.108 +05:30  INF]  Get organisation
[2022-12-16 19:23:39.112 +05:30  INF]  Executing JsonResult, writing value of type 'System.Collections.Generic.List`1[[Database.Models.Organisation, Database, Version=1.0.0.0, Culture=neutral, PublicKeyToken=null]]'.
[2022-12-16 19:23:39.191 +05:30  INF]  Executed action Database.Controllers.OrganisationController.Index (Employee) in 991.6296ms
[2022-12-16 19:23:39.191 +05:30  INF]  Executed endpoint 'Database.Controllers.OrganisationController.Index (Employee)'
[2022-12-16 19:23:39.192 +05:30  INF]  Request finished HTTP/2 GET https://localhost:7256/Organisation/GetAll - - - 200 - application/json;+charset=utf-8 1028.8122ms
[2022-12-16 19:26:15.105 +05:30  INF]  User profile is available. Using 'C:\Users\logesh.karthik\AppData\Local\ASP.NET\DataProtection-Keys' as key repository and Windows DPAPI to encrypt keys at rest.
[2022-12-16 19:26:15.241 +05:30  INF]  Now listening on: https://localhost:7256
[2022-12-16 19:26:15.241 +05:30  INF]  Now listening on: http://localhost:5155
[2022-12-16 19:26:15.247 +05:30  INF]  Application started. Press Ctrl+C to shut down.
[2022-12-16 19:26:15.247 +05:30  INF]  Hosting environment: Development
[2022-12-16 19:26:15.247 +05:30  INF]  Content root path: C:\Users\logesh.karthik\Desktop\Github\AngularMVC\AngularMVC\Employee\
[2022-12-16 19:26:26.773 +05:30  INF]  Request starting HTTP/2 GET https://localhost:7256/ - -
[2022-12-16 19:26:26.806 +05:30  INF]  Executing endpoint 'Database.Controllers.HomeController.Index (Employee)'
[2022-12-16 19:26:26.816 +05:30  INF]  Route matched with {action = "Index", controller = "Home"}. Executing controller action with signature Microsoft.AspNetCore.Mvc.IActionResult Index() on controller Database.Controllers.HomeController (Employee).
[2022-12-16 19:26:26.832 +05:30  INF]  Executing ViewResult, running view Index.
[2022-12-16 19:26:26.924 +05:30  INF]  Executed ViewResult - view Index executed in 92.8958ms.
[2022-12-16 19:26:26.926 +05:30  INF]  Executed action Database.Controllers.HomeController.Index (Employee) in 109.2462ms
[2022-12-16 19:26:26.926 +05:30  INF]  Executed endpoint 'Database.Controllers.HomeController.Index (Employee)'
[2022-12-16 19:26:26.931 +05:30  INF]  Request finished HTTP/2 GET https://localhost:7256/ - - - 200 - text/html;+charset=utf-8 165.0826ms
[2022-12-16 19:27:14.375 +05:30  INF]  Request starting HTTP/2 GET https://localhost:7256/Organisation/GetAll - -
[2022-12-16 19:27:14.377 +05:30  INF]  Executing endpoint 'Database.Controllers.OrganisationController.Index (Employee)'
[2022-12-16 19:27:14.383 +05:30  INF]  Route matched with {action = "Index", controller = "Organisation"}. Executing controller action with signature Microsoft.AspNetCore.Mvc.JsonResult Index() on controller Database.Controllers.OrganisationController (Employee).
[2022-12-16 19:27:15.048 +05:30  INF]  Get organisation
[2022-12-16 19:27:15.051 +05:30  INF]  Executing JsonResult, writing value of type 'System.Collections.Generic.List`1[[Database.Models.Organisation, Database, Version=1.0.0.0, Culture=neutral, PublicKeyToken=null]]'.
[2022-12-16 19:27:15.108 +05:30  INF]  Executed action Database.Controllers.OrganisationController.Index (Employee) in 725.1993ms
[2022-12-16 19:27:15.109 +05:30  INF]  Executed endpoint 'Database.Controllers.OrganisationController.Index (Employee)'
[2022-12-16 19:27:15.109 +05:30  INF]  Request finished HTTP/2 GET https://localhost:7256/Organisation/GetAll - - - 200 - application/json;+charset=utf-8 734.1977ms
[2022-12-16 19:28:39.736 +05:30  INF]  Request starting HTTP/2 GET https://localhost:7256/Employee/GetAll?pageNo=1&size=5&sort=firstname - -
[2022-12-16 19:28:39.741 +05:30  INF]  CORS policy execution successful.
[2022-12-16 19:28:39.743 +05:30  INF]  Executing endpoint 'Database.Controllers.EmployeeController.Index (Employee)'
[2022-12-16 19:28:39.755 +05:30  INF]  Route matched with {action = "Index", controller = "Employee"}. Executing controller action with signature Microsoft.AspNetCore.Mvc.JsonResult Index(Int32, Int32, Int32) on controller Database.Controllers.EmployeeController (Employee).
[2022-12-16 19:28:39.936 +05:30  INF]  Executing JsonResult, writing value of type 'System.Collections.Generic.List`1[[Database.Models.Employee, Database, Version=1.0.0.0, Culture=neutral, PublicKeyToken=null]]'.
[2022-12-16 19:28:39.950 +05:30  INF]  Executed action Database.Controllers.EmployeeController.Index (Employee) in 194.7328ms
[2022-12-16 19:28:39.950 +05:30  INF]  Executed endpoint 'Database.Controllers.EmployeeController.Index (Employee)'
[2022-12-16 19:28:39.950 +05:30  INF]  Request finished HTTP/2 GET https://localhost:7256/Employee/GetAll?pageNo=1&size=5&sort=firstname - - - 200 - application/json;+charset=utf-8 214.4656ms
[2022-12-16 19:28:40.594 +05:30  INF]  Request starting HTTP/2 GET https://localhost:7256/Employee/GetAll?pageNo=1&size=5&sort=firstname/Employee/getcount - -
[2022-12-16 19:28:40.594 +05:30  INF]  CORS policy execution successful.
[2022-12-16 19:28:40.596 +05:30  INF]  Executing endpoint 'Database.Controllers.EmployeeController.Index (Employee)'
[2022-12-16 19:28:40.596 +05:30  INF]  Route matched with {action = "Index", controller = "Employee"}. Executing controller action with signature Microsoft.AspNetCore.Mvc.JsonResult Index(Int32, Int32, Int32) on controller Database.Controllers.EmployeeController (Employee).
[2022-12-16 19:28:40.685 +05:30  INF]  Executing JsonResult, writing value of type 'System.Collections.Generic.List`1[[Database.Models.Employee, Database, Version=1.0.0.0, Culture=neutral, PublicKeyToken=null]]'.
[2022-12-16 19:28:40.686 +05:30  INF]  Executed action Database.Controllers.EmployeeController.Index (Employee) in 89.8106ms
[2022-12-16 19:28:40.686 +05:30  INF]  Executed endpoint 'Database.Controllers.EmployeeController.Index (Employee)'
[2022-12-16 19:28:40.686 +05:30  INF]  Request finished HTTP/2 GET https://localhost:7256/Employee/GetAll?pageNo=1&size=5&sort=firstname/Employee/getcount - - - 200 - application/json;+charset=utf-8 91.9695ms
[2022-12-16 19:29:00.148 +05:30  INF]  Request starting HTTP/2 GET https://localhost:7256/Employee/GetAll?pageNo=1&size=5&sort=firstname - -
[2022-12-16 19:29:00.149 +05:30  INF]  CORS policy execution successful.
[2022-12-16 19:29:00.149 +05:30  INF]  Executing endpoint 'Database.Controllers.EmployeeController.Index (Employee)'
[2022-12-16 19:29:00.149 +05:30  INF]  Route matched with {action = "Index", controller = "Employee"}. Executing controller action with signature Microsoft.AspNetCore.Mvc.JsonResult Index(Int32, Int32, Int32) on controller Database.Controllers.EmployeeController (Employee).
[2022-12-16 19:29:00.627 +05:30  INF]  Executing JsonResult, writing value of type 'System.Collections.Generic.List`1[[Database.Models.Employee, Database, Version=1.0.0.0, Culture=neutral, PublicKeyToken=null]]'.
[2022-12-16 19:29:00.629 +05:30  INF]  Executed action Database.Controllers.EmployeeController.Index (Employee) in 479.4028ms
[2022-12-16 19:29:00.629 +05:30  INF]  Executed endpoint 'Database.Controllers.EmployeeController.Index (Employee)'
[2022-12-16 19:29:00.629 +05:30  INF]  Request finished HTTP/2 GET https://localhost:7256/Employee/GetAll?pageNo=1&size=5&sort=firstname - - - 200 - application/json;+charset=utf-8 481.8158ms
[2022-12-16 19:29:00.650 +05:30  INF]  Request starting HTTP/2 GET https://localhost:7256/Employee/GetAll?pageNo=1&size=5&sort=firstname/Employee/getcount - -
[2022-12-16 19:29:00.650 +05:30  INF]  CORS policy execution successful.
[2022-12-16 19:29:00.650 +05:30  INF]  Executing endpoint 'Database.Controllers.EmployeeController.Index (Employee)'
[2022-12-16 19:29:00.650 +05:30  INF]  Route matched with {action = "Index", controller = "Employee"}. Executing controller action with signature Microsoft.AspNetCore.Mvc.JsonResult Index(Int32, Int32, Int32) on controller Database.Controllers.EmployeeController (Employee).
[2022-12-16 19:29:00.693 +05:30  INF]  Executing JsonResult, writing value of type 'System.Collections.Generic.List`1[[Database.Models.Employee, Database, Version=1.0.0.0, Culture=neutral, PublicKeyToken=null]]'.
[2022-12-16 19:29:00.694 +05:30  INF]  Executed action Database.Controllers.EmployeeController.Index (Employee) in 43.3169ms
[2022-12-16 19:29:00.694 +05:30  INF]  Executed endpoint 'Database.Controllers.EmployeeController.Index (Employee)'
[2022-12-16 19:29:00.694 +05:30  INF]  Request finished HTTP/2 GET https://localhost:7256/Employee/GetAll?pageNo=1&size=5&sort=firstname/Employee/getcount - - - 200 - application/json;+charset=utf-8 43.9013ms
[2022-12-16 19:39:46.437 +05:30  INF]  Application is shutting down...
[2022-12-16 19:39:54.193 +05:30  INF]  User profile is available. Using 'C:\Users\logesh.karthik\AppData\Local\ASP.NET\DataProtection-Keys' as key repository and Windows DPAPI to encrypt keys at rest.
[2022-12-16 19:39:54.721 +05:30  INF]  Now listening on: https://localhost:7256
[2022-12-16 19:39:54.721 +05:30  INF]  Now listening on: http://localhost:5155
[2022-12-16 19:39:54.727 +05:30  INF]  Application started. Press Ctrl+C to shut down.
[2022-12-16 19:39:54.728 +05:30  INF]  Hosting environment: Development
[2022-12-16 19:39:54.728 +05:30  INF]  Content root path: C:\Users\logesh.karthik\Desktop\Github\AngularMVC\AngularMVC\Employee\
[2022-12-16 19:40:24.247 +05:30  INF]  Request starting HTTP/2 GET https://localhost:7256/ - -
[2022-12-16 19:40:24.276 +05:30  INF]  Executing endpoint 'Database.Controllers.HomeController.Index (Employee)'
[2022-12-16 19:40:24.290 +05:30  INF]  Route matched with {action = "Index", controller = "Home"}. Executing controller action with signature Microsoft.AspNetCore.Mvc.IActionResult Index() on controller Database.Controllers.HomeController (Employee).
[2022-12-16 19:40:24.314 +05:30  INF]  Executing ViewResult, running view Index.
[2022-12-16 19:40:24.392 +05:30  INF]  Executed ViewResult - view Index executed in 81.7421ms.
[2022-12-16 19:40:24.396 +05:30  INF]  Executed action Database.Controllers.HomeController.Index (Employee) in 105.1472ms
[2022-12-16 19:40:24.397 +05:30  INF]  Executed endpoint 'Database.Controllers.HomeController.Index (Employee)'
[2022-12-16 19:40:24.402 +05:30  INF]  Request finished HTTP/2 GET https://localhost:7256/ - - - 200 - text/html;+charset=utf-8 159.7981ms
[2022-12-16 19:40:32.294 +05:30  INF]  Request starting HTTP/2 GET https://localhost:7256/Employee/GetAll?pageNo=1&size=5&sort=firstname - -
[2022-12-16 19:40:32.300 +05:30  INF]  CORS policy execution successful.
[2022-12-16 19:40:32.302 +05:30  INF]  Executing endpoint 'Database.Controllers.EmployeeController.Index (Employee)'
[2022-12-16 19:40:32.316 +05:30  INF]  Route matched with {action = "Index", controller = "Employee"}. Executing controller action with signature Microsoft.AspNetCore.Mvc.JsonResult Index(Int32, Int32, Int32) on controller Database.Controllers.EmployeeController (Employee).
[2022-12-16 19:40:32.783 +05:30  INF]  Executed action Database.Controllers.EmployeeController.Index (Employee) in 467.2373ms
[2022-12-16 19:40:32.784 +05:30  INF]  Executed endpoint 'Database.Controllers.EmployeeController.Index (Employee)'
[2022-12-16 19:40:32.868 +05:30  ERR]  An unhandled exception has occurred while executing the request.
System.Data.SqlClient.SqlException (0x80131904): Procedure or function 'getalluserwithpagination' expects parameter '@pagenumber', which was not supplied.
   at System.Data.SqlClient.SqlConnection.OnError(SqlException exception, Boolean breakConnection, Action`1 wrapCloseInAction)
   at System.Data.SqlClient.SqlInternalConnection.OnError(SqlException exception, Boolean breakConnection, Action`1 wrapCloseInAction)
   at System.Data.SqlClient.TdsParser.ThrowExceptionAndWarning(TdsParserStateObject stateObj, Boolean callerHasConnectionLock, Boolean asyncClose)
   at System.Data.SqlClient.TdsParser.TryRun(RunBehavior runBehavior, SqlCommand cmdHandler, SqlDataReader dataStream, BulkCopySimpleResultSet bulkCopyHandler, TdsParserStateObject stateObj, Boolean& dataReady)
   at System.Data.SqlClient.SqlDataReader.TryConsumeMetaData()
   at System.Data.SqlClient.SqlDataReader.get_MetaData()
   at System.Data.SqlClient.SqlCommand.FinishExecuteReader(SqlDataReader ds, RunBehavior runBehavior, String resetOptionsString)
   at System.Data.SqlClient.SqlCommand.RunExecuteReaderTds(CommandBehavior cmdBehavior, RunBehavior runBehavior, Boolean returnStream, Boolean async, Int32 timeout, Task& task, Boolean asyncWrite, SqlDataReader ds)
   at System.Data.SqlClient.SqlCommand.RunExecuteReader(CommandBehavior cmdBehavior, RunBehavior runBehavior, Boolean returnStream, TaskCompletionSource`1 completion, Int32 timeout, Task& task, Boolean asyncWrite, String method)
   at System.Data.SqlClient.SqlCommand.RunExecuteReader(CommandBehavior cmdBehavior, RunBehavior runBehavior, Boolean returnStream, String method)
   at System.Data.SqlClient.SqlCommand.ExecuteReader(CommandBehavior behavior)
   at System.Data.SqlClient.SqlCommand.ExecuteReader()
   at Database.Models.EmployeeDAL.GetAllEmployees(Int32 pageno, Int32 size, Int32 sort) in C:\Users\logesh.karthik\Desktop\Github\AngularMVC\AngularMVC\Database\DataAccessLayer\EmployeeDataAccessLayer.cs:line 267
   at Database.Controllers.EmployeeController.Index(Int32 pageno, Int32 size, Int32 sort) in C:\Users\logesh.karthik\Desktop\Github\AngularMVC\AngularMVC\Employee\Controllers\EmployeeController.cs:line 47
   at lambda_method19(Closure , Object , Object[] )
   at Microsoft.AspNetCore.Mvc.Infrastructure.ActionMethodExecutor.SyncActionResultExecutor.Execute(IActionResultTypeMapper mapper, ObjectMethodExecutor executor, Object controller, Object[] arguments)
   at Microsoft.AspNetCore.Mvc.Infrastructure.ControllerActionInvoker.InvokeActionMethodAsync()
   at Microsoft.AspNetCore.Mvc.Infrastructure.ControllerActionInvoker.Next(State& next, Scope& scope, Object& state, Boolean& isCompleted)
   at Microsoft.AspNetCore.Mvc.Infrastructure.ControllerActionInvoker.InvokeNextActionFilterAsync()
--- End of stack trace from previous location ---
   at Microsoft.AspNetCore.Mvc.Infrastructure.ControllerActionInvoker.Rethrow(ActionExecutedContextSealed context)
   at Microsoft.AspNetCore.Mvc.Infrastructure.ControllerActionInvoker.Next(State& next, Scope& scope, Object& state, Boolean& isCompleted)
   at Microsoft.AspNetCore.Mvc.Infrastructure.ControllerActionInvoker.InvokeInnerFilterAsync()
--- End of stack trace from previous location ---
   at Microsoft.AspNetCore.Mvc.Infrastructure.ResourceInvoker.<InvokeNextResourceFilter>g__Awaited|25_0(ResourceInvoker invoker, Task lastTask, State next, Scope scope, Object state, Boolean isCompleted)
   at Microsoft.AspNetCore.Mvc.Infrastructure.ResourceInvoker.Rethrow(ResourceExecutedContextSealed context)
   at Microsoft.AspNetCore.Mvc.Infrastructure.ResourceInvoker.Next(State& next, Scope& scope, Object& state, Boolean& isCompleted)
   at Microsoft.AspNetCore.Mvc.Infrastructure.ResourceInvoker.InvokeFilterPipelineAsync()
--- End of stack trace from previous location ---
   at Microsoft.AspNetCore.Mvc.Infrastructure.ResourceInvoker.<InvokeAsync>g__Logged|17_1(ResourceInvoker invoker)
   at Microsoft.AspNetCore.Mvc.Infrastructure.ResourceInvoker.<InvokeAsync>g__Logged|17_1(ResourceInvoker invoker)
   at Microsoft.AspNetCore.Routing.EndpointMiddleware.<Invoke>g__AwaitRequestTask|6_0(Endpoint endpoint, Task requestTask, ILogger logger)
   at Microsoft.AspNetCore.Authorization.AuthorizationMiddleware.Invoke(HttpContext context)
   at Microsoft.AspNetCore.Diagnostics.ExceptionHandlerMiddleware.<Invoke>g__Awaited|6_0(ExceptionHandlerMiddleware middleware, HttpContext context, Task task)
ClientConnectionId:c9c6ce00-13d5-4687-abb3-c1f3d6e6daa4
Error Number:201,State:4,Class:16
[2022-12-16 19:40:32.871 +05:30  INF]  CORS policy execution successful.
[2022-12-16 19:40:32.871 +05:30  INF]  Executing endpoint 'Database.Controllers.HomeController.Error (Employee)'
[2022-12-16 19:40:32.873 +05:30  INF]  Route matched with {action = "Error", controller = "Home"}. Executing controller action with signature Microsoft.AspNetCore.Mvc.IActionResult Error() on controller Database.Controllers.HomeController (Employee).
[2022-12-16 19:40:32.875 +05:30  INF]  Executing ViewResult, running view Error.
[2022-12-16 19:40:32.893 +05:30  INF]  Executed ViewResult - view Error executed in 18.1903ms.
[2022-12-16 19:40:32.894 +05:30  INF]  Executed action Database.Controllers.HomeController.Error (Employee) in 20.7637ms
[2022-12-16 19:40:32.894 +05:30  INF]  Executed endpoint 'Database.Controllers.HomeController.Error (Employee)'
[2022-12-16 19:40:32.896 +05:30  INF]  Request finished HTTP/2 GET https://localhost:7256/Employee/GetAll?pageNo=1&size=5&sort=firstname - - - 500 - text/html;+charset=utf-8 602.5668ms
[2022-12-16 19:44:26.504 +05:30  INF]  Application is shutting down...
[2022-12-16 19:44:34.857 +05:30  INF]  User profile is available. Using 'C:\Users\logesh.karthik\AppData\Local\ASP.NET\DataProtection-Keys' as key repository and Windows DPAPI to encrypt keys at rest.
[2022-12-16 19:44:35.246 +05:30  INF]  Now listening on: https://localhost:7256
[2022-12-16 19:44:35.247 +05:30  INF]  Now listening on: http://localhost:5155
[2022-12-16 19:44:35.251 +05:30  INF]  Application started. Press Ctrl+C to shut down.
[2022-12-16 19:44:35.252 +05:30  INF]  Hosting environment: Development
[2022-12-16 19:44:35.253 +05:30  INF]  Content root path: C:\Users\logesh.karthik\Desktop\Github\AngularMVC\AngularMVC\Employee\
[2022-12-16 19:44:44.505 +05:30  INF]  Request starting HTTP/2 GET https://localhost:7256/ - -
[2022-12-16 19:44:44.538 +05:30  INF]  Executing endpoint 'Database.Controllers.HomeController.Index (Employee)'
[2022-12-16 19:44:44.544 +05:30  INF]  Route matched with {action = "Index", controller = "Home"}. Executing controller action with signature Microsoft.AspNetCore.Mvc.IActionResult Index() on controller Database.Controllers.HomeController (Employee).
[2022-12-16 19:44:44.559 +05:30  INF]  Executing ViewResult, running view Index.
[2022-12-16 19:44:44.859 +05:30  INF]  Executed ViewResult - view Index executed in 291.0295ms.
[2022-12-16 19:44:44.863 +05:30  INF]  Executed action Database.Controllers.HomeController.Index (Employee) in 318.2946ms
[2022-12-16 19:44:44.864 +05:30  INF]  Executed endpoint 'Database.Controllers.HomeController.Index (Employee)'
[2022-12-16 19:44:44.875 +05:30  INF]  Request finished HTTP/2 GET https://localhost:7256/ - - - 200 - text/html;+charset=utf-8 376.1438ms
[2022-12-16 19:44:59.691 +05:30  INF]  Request starting HTTP/2 GET https://localhost:7256/Employee/GetAll?pageNo=1&size=5&sort=firstname - -
[2022-12-16 19:44:59.702 +05:30  INF]  CORS policy execution successful.
[2022-12-16 19:44:59.704 +05:30  INF]  Executing endpoint 'Database.Controllers.EmployeeController.Index (Employee)'
[2022-12-16 19:44:59.722 +05:30  INF]  Route matched with {action = "Index", controller = "Employee"}. Executing controller action with signature Microsoft.AspNetCore.Mvc.JsonResult Index(Int32, Int32, System.String) on controller Database.Controllers.EmployeeController (Employee).
[2022-12-16 19:45:00.040 +05:30  INF]  Executed action Database.Controllers.EmployeeController.Index (Employee) in 317.8333ms
[2022-12-16 19:45:00.041 +05:30  INF]  Executed endpoint 'Database.Controllers.EmployeeController.Index (Employee)'
[2022-12-16 19:45:00.124 +05:30  ERR]  An unhandled exception has occurred while executing the request.
System.IndexOutOfRangeException: dept_name
   at System.Data.ProviderBase.BasicFieldNameLookup.GetOrdinal(String fieldName)
   at System.Data.SqlClient.SqlDataReader.GetOrdinal(String name)
   at System.Data.SqlClient.SqlDataReader.get_Item(String name)
   at Database.Models.EmployeeDAL.GetAllEmployees(Int32 pageno, Int32 size, String sort) in C:\Users\logesh.karthik\Desktop\Github\AngularMVC\AngularMVC\Database\DataAccessLayer\EmployeeDataAccessLayer.cs:line 283
   at Database.Controllers.EmployeeController.Index(Int32 pageno, Int32 size, String sort) in C:\Users\logesh.karthik\Desktop\Github\AngularMVC\AngularMVC\Employee\Controllers\EmployeeController.cs:line 47
   at lambda_method19(Closure , Object , Object[] )
   at Microsoft.AspNetCore.Mvc.Infrastructure.ActionMethodExecutor.SyncActionResultExecutor.Execute(IActionResultTypeMapper mapper, ObjectMethodExecutor executor, Object controller, Object[] arguments)
   at Microsoft.AspNetCore.Mvc.Infrastructure.ControllerActionInvoker.InvokeActionMethodAsync()
   at Microsoft.AspNetCore.Mvc.Infrastructure.ControllerActionInvoker.Next(State& next, Scope& scope, Object& state, Boolean& isCompleted)
   at Microsoft.AspNetCore.Mvc.Infrastructure.ControllerActionInvoker.InvokeNextActionFilterAsync()
--- End of stack trace from previous location ---
   at Microsoft.AspNetCore.Mvc.Infrastructure.ControllerActionInvoker.Rethrow(ActionExecutedContextSealed context)
   at Microsoft.AspNetCore.Mvc.Infrastructure.ControllerActionInvoker.Next(State& next, Scope& scope, Object& state, Boolean& isCompleted)
   at Microsoft.AspNetCore.Mvc.Infrastructure.ControllerActionInvoker.InvokeInnerFilterAsync()
--- End of stack trace from previous location ---
   at Microsoft.AspNetCore.Mvc.Infrastructure.ResourceInvoker.<InvokeNextResourceFilter>g__Awaited|25_0(ResourceInvoker invoker, Task lastTask, State next, Scope scope, Object state, Boolean isCompleted)
   at Microsoft.AspNetCore.Mvc.Infrastructure.ResourceInvoker.Rethrow(ResourceExecutedContextSealed context)
   at Microsoft.AspNetCore.Mvc.Infrastructure.ResourceInvoker.Next(State& next, Scope& scope, Object& state, Boolean& isCompleted)
   at Microsoft.AspNetCore.Mvc.Infrastructure.ResourceInvoker.InvokeFilterPipelineAsync()
--- End of stack trace from previous location ---
   at Microsoft.AspNetCore.Mvc.Infrastructure.ResourceInvoker.<InvokeAsync>g__Logged|17_1(ResourceInvoker invoker)
   at Microsoft.AspNetCore.Mvc.Infrastructure.ResourceInvoker.<InvokeAsync>g__Logged|17_1(ResourceInvoker invoker)
   at Microsoft.AspNetCore.Routing.EndpointMiddleware.<Invoke>g__AwaitRequestTask|6_0(Endpoint endpoint, Task requestTask, ILogger logger)
   at Microsoft.AspNetCore.Authorization.AuthorizationMiddleware.Invoke(HttpContext context)
   at Microsoft.AspNetCore.Diagnostics.ExceptionHandlerMiddleware.<Invoke>g__Awaited|6_0(ExceptionHandlerMiddleware middleware, HttpContext context, Task task)
[2022-12-16 19:45:00.137 +05:30  INF]  CORS policy execution successful.
[2022-12-16 19:45:00.138 +05:30  INF]  Executing endpoint 'Database.Controllers.HomeController.Error (Employee)'
[2022-12-16 19:45:00.139 +05:30  INF]  Route matched with {action = "Error", controller = "Home"}. Executing controller action with signature Microsoft.AspNetCore.Mvc.IActionResult Error() on controller Database.Controllers.HomeController (Employee).
[2022-12-16 19:45:00.144 +05:30  INF]  Executing ViewResult, running view Error.
[2022-12-16 19:45:00.176 +05:30  INF]  Executed ViewResult - view Error executed in 34.5619ms.
[2022-12-16 19:45:00.176 +05:30  INF]  Executed action Database.Controllers.HomeController.Error (Employee) in 36.9791ms
[2022-12-16 19:45:00.176 +05:30  INF]  Executed endpoint 'Database.Controllers.HomeController.Error (Employee)'
[2022-12-16 19:45:00.227 +05:30  INF]  Request finished HTTP/2 GET https://localhost:7256/Employee/GetAll?pageNo=1&size=5&sort=firstname - - - 500 - text/html;+charset=utf-8 535.5251ms
[2022-12-16 19:45:42.372 +05:30  INF]  Application is shutting down...
[2022-12-16 19:56:54.763 +05:30  INF]  User profile is available. Using 'C:\Users\logesh.karthik\AppData\Local\ASP.NET\DataProtection-Keys' as key repository and Windows DPAPI to encrypt keys at rest.
[2022-12-16 19:56:55.486 +05:30  INF]  Now listening on: https://localhost:7256
[2022-12-16 19:56:55.486 +05:30  INF]  Now listening on: http://localhost:5155
[2022-12-16 19:56:55.490 +05:30  INF]  Application started. Press Ctrl+C to shut down.
[2022-12-16 19:56:55.490 +05:30  INF]  Hosting environment: Development
[2022-12-16 19:56:55.490 +05:30  INF]  Content root path: C:\Users\logesh.karthik\Desktop\Github\AngularMVC\AngularMVC\employee\
[2022-12-16 19:57:11.420 +05:30  INF]  Request starting HTTP/2 GET https://localhost:7256/Employee/GetAll?pageNo=1&size=5&sort=firstname - -
[2022-12-16 19:57:11.460 +05:30  INF]  CORS policy execution successful.
[2022-12-16 19:57:11.598 +05:30  INF]  Executing endpoint 'Database.Controllers.EmployeeController.Index (Employee)'
[2022-12-16 19:57:11.675 +05:30  INF]  Route matched with {action = "Index", controller = "Employee"}. Executing controller action with signature Microsoft.AspNetCore.Mvc.JsonResult Index(Int32, Int32, System.String) on controller Database.Controllers.EmployeeController (Employee).
[2022-12-16 19:57:12.038 +05:30  INF]  Executing JsonResult, writing value of type 'System.Collections.Generic.List`1[[Database.Models.Employee, Database, Version=1.0.0.0, Culture=neutral, PublicKeyToken=null]]'.
[2022-12-16 19:57:12.126 +05:30  INF]  Executed action Database.Controllers.EmployeeController.Index (Employee) in 433.1386ms
[2022-12-16 19:57:12.127 +05:30  INF]  Executed endpoint 'Database.Controllers.EmployeeController.Index (Employee)'
[2022-12-16 19:57:12.130 +05:30  INF]  Request finished HTTP/2 GET https://localhost:7256/Employee/GetAll?pageNo=1&size=5&sort=firstname - - - 200 - application/json;+charset=utf-8 720.4193ms
[2022-12-16 19:57:12.159 +05:30  INF]  Request starting HTTP/2 GET https://localhost:7256/Employee/GetAll?pageNo=1&size=5&sort=firstname/Employee/getcount - -
[2022-12-16 19:57:12.159 +05:30  INF]  CORS policy execution successful.
[2022-12-16 19:57:12.162 +05:30  INF]  Executing endpoint 'Database.Controllers.EmployeeController.Index (Employee)'
[2022-12-16 19:57:12.162 +05:30  INF]  Route matched with {action = "Index", controller = "Employee"}. Executing controller action with signature Microsoft.AspNetCore.Mvc.JsonResult Index(Int32, Int32, System.String) on controller Database.Controllers.EmployeeController (Employee).
[2022-12-16 19:57:12.183 +05:30  INF]  Executing JsonResult, writing value of type 'System.Collections.Generic.List`1[[Database.Models.Employee, Database, Version=1.0.0.0, Culture=neutral, PublicKeyToken=null]]'.
[2022-12-16 19:57:12.183 +05:30  INF]  Executed action Database.Controllers.EmployeeController.Index (Employee) in 20.6462ms
[2022-12-16 19:57:12.183 +05:30  INF]  Executed endpoint 'Database.Controllers.EmployeeController.Index (Employee)'
[2022-12-16 19:57:12.183 +05:30  INF]  Request finished HTTP/2 GET https://localhost:7256/Employee/GetAll?pageNo=1&size=5&sort=firstname/Employee/getcount - - - 200 - application/json;+charset=utf-8 24.4888ms
[2022-12-16 19:59:08.471 +05:30  INF]  Request starting HTTP/2 GET https://localhost:7256/Employee/GetAll?pageNo=1&size=5&sort=firstname - -
[2022-12-16 19:59:08.472 +05:30  INF]  CORS policy execution successful.
[2022-12-16 19:59:08.473 +05:30  INF]  Executing endpoint 'Database.Controllers.EmployeeController.Index (Employee)'
[2022-12-16 19:59:08.473 +05:30  INF]  Route matched with {action = "Index", controller = "Employee"}. Executing controller action with signature Microsoft.AspNetCore.Mvc.JsonResult Index(Int32, Int32, System.String) on controller Database.Controllers.EmployeeController (Employee).
[2022-12-16 19:59:08.677 +05:30  INF]  Executing JsonResult, writing value of type 'System.Collections.Generic.List`1[[Database.Models.Employee, Database, Version=1.0.0.0, Culture=neutral, PublicKeyToken=null]]'.
[2022-12-16 19:59:08.678 +05:30  INF]  Executed action Database.Controllers.EmployeeController.Index (Employee) in 204.9912ms
[2022-12-16 19:59:08.678 +05:30  INF]  Executed endpoint 'Database.Controllers.EmployeeController.Index (Employee)'
[2022-12-16 19:59:08.678 +05:30  INF]  Request finished HTTP/2 GET https://localhost:7256/Employee/GetAll?pageNo=1&size=5&sort=firstname - - - 200 - application/json;+charset=utf-8 206.5420ms
[2022-12-16 19:59:08.725 +05:30  INF]  Request starting HTTP/2 GET https://localhost:7256/Employee/GetAll?pageNo=1&size=5&sort=firstname/Employee/getcount - -
[2022-12-16 19:59:08.725 +05:30  INF]  CORS policy execution successful.
[2022-12-16 19:59:08.725 +05:30  INF]  Executing endpoint 'Database.Controllers.EmployeeController.Index (Employee)'
[2022-12-16 19:59:08.725 +05:30  INF]  Route matched with {action = "Index", controller = "Employee"}. Executing controller action with signature Microsoft.AspNetCore.Mvc.JsonResult Index(Int32, Int32, System.String) on controller Database.Controllers.EmployeeController (Employee).
[2022-12-16 19:59:08.760 +05:30  INF]  Executing JsonResult, writing value of type 'System.Collections.Generic.List`1[[Database.Models.Employee, Database, Version=1.0.0.0, Culture=neutral, PublicKeyToken=null]]'.
[2022-12-16 19:59:08.760 +05:30  INF]  Executed action Database.Controllers.EmployeeController.Index (Employee) in 35.4229ms
[2022-12-16 19:59:08.760 +05:30  INF]  Executed endpoint 'Database.Controllers.EmployeeController.Index (Employee)'
[2022-12-16 19:59:08.761 +05:30  INF]  Request finished HTTP/2 GET https://localhost:7256/Employee/GetAll?pageNo=1&size=5&sort=firstname/Employee/getcount - - - 200 - application/json;+charset=utf-8 35.9418ms
[2022-12-16 19:59:21.823 +05:30  INF]  Request starting HTTP/2 GET https://localhost:7256/Employee/GetAll?pageNo=1&size=5&sort=firstname - -
[2022-12-16 19:59:21.823 +05:30  INF]  CORS policy execution successful.
[2022-12-16 19:59:21.823 +05:30  INF]  Executing endpoint 'Database.Controllers.EmployeeController.Index (Employee)'
[2022-12-16 19:59:21.823 +05:30  INF]  Route matched with {action = "Index", controller = "Employee"}. Executing controller action with signature Microsoft.AspNetCore.Mvc.JsonResult Index(Int32, Int32, System.String) on controller Database.Controllers.EmployeeController (Employee).
[2022-12-16 19:59:21.869 +05:30  INF]  Executing JsonResult, writing value of type 'System.Collections.Generic.List`1[[Database.Models.Employee, Database, Version=1.0.0.0, Culture=neutral, PublicKeyToken=null]]'.
[2022-12-16 19:59:21.869 +05:30  INF]  Executed action Database.Controllers.EmployeeController.Index (Employee) in 45.62ms
[2022-12-16 19:59:21.869 +05:30  INF]  Executed endpoint 'Database.Controllers.EmployeeController.Index (Employee)'
[2022-12-16 19:59:21.869 +05:30  INF]  Request finished HTTP/2 GET https://localhost:7256/Employee/GetAll?pageNo=1&size=5&sort=firstname - - - 200 - application/json;+charset=utf-8 46.1488ms
[2022-12-16 19:59:21.907 +05:30  INF]  Request starting HTTP/2 GET https://localhost:7256/Employee/GetAll?pageNo=1&size=5&sort=firstname/Employee/getcount - -
[2022-12-16 19:59:21.907 +05:30  INF]  CORS policy execution successful.
[2022-12-16 19:59:21.907 +05:30  INF]  Executing endpoint 'Database.Controllers.EmployeeController.Index (Employee)'
[2022-12-16 19:59:21.907 +05:30  INF]  Route matched with {action = "Index", controller = "Employee"}. Executing controller action with signature Microsoft.AspNetCore.Mvc.JsonResult Index(Int32, Int32, System.String) on controller Database.Controllers.EmployeeController (Employee).
[2022-12-16 19:59:21.936 +05:30  INF]  Executing JsonResult, writing value of type 'System.Collections.Generic.List`1[[Database.Models.Employee, Database, Version=1.0.0.0, Culture=neutral, PublicKeyToken=null]]'.
[2022-12-16 19:59:21.936 +05:30  INF]  Executed action Database.Controllers.EmployeeController.Index (Employee) in 28.9735ms
[2022-12-16 19:59:21.936 +05:30  INF]  Executed endpoint 'Database.Controllers.EmployeeController.Index (Employee)'
[2022-12-16 19:59:21.936 +05:30  INF]  Request finished HTTP/2 GET https://localhost:7256/Employee/GetAll?pageNo=1&size=5&sort=firstname/Employee/getcount - - - 200 - application/json;+charset=utf-8 29.4719ms
[2022-12-16 19:59:30.132 +05:30  INF]  Request starting HTTP/2 GET https://localhost:7256/Employee/GetAll?pageNo=1&size=5&sort=firstname - -
[2022-12-16 19:59:30.132 +05:30  INF]  CORS policy execution successful.
[2022-12-16 19:59:30.132 +05:30  INF]  Executing endpoint 'Database.Controllers.EmployeeController.Index (Employee)'
[2022-12-16 19:59:30.132 +05:30  INF]  Route matched with {action = "Index", controller = "Employee"}. Executing controller action with signature Microsoft.AspNetCore.Mvc.JsonResult Index(Int32, Int32, System.String) on controller Database.Controllers.EmployeeController (Employee).
[2022-12-16 19:59:30.269 +05:30  INF]  Executing JsonResult, writing value of type 'System.Collections.Generic.List`1[[Database.Models.Employee, Database, Version=1.0.0.0, Culture=neutral, PublicKeyToken=null]]'.
[2022-12-16 19:59:30.269 +05:30  INF]  Executed action Database.Controllers.EmployeeController.Index (Employee) in 137.3602ms
[2022-12-16 19:59:30.269 +05:30  INF]  Executed endpoint 'Database.Controllers.EmployeeController.Index (Employee)'
[2022-12-16 19:59:30.271 +05:30  INF]  Request finished HTTP/2 GET https://localhost:7256/Employee/GetAll?pageNo=1&size=5&sort=firstname - - - 200 - application/json;+charset=utf-8 137.8059ms
[2022-12-16 19:59:30.299 +05:30  INF]  Request starting HTTP/2 GET https://localhost:7256/Employee/GetAll?pageNo=1&size=5&sort=firstname/Employee/getcount - -
[2022-12-16 19:59:30.299 +05:30  INF]  CORS policy execution successful.
[2022-12-16 19:59:30.299 +05:30  INF]  Executing endpoint 'Database.Controllers.EmployeeController.Index (Employee)'
[2022-12-16 19:59:30.299 +05:30  INF]  Route matched with {action = "Index", controller = "Employee"}. Executing controller action with signature Microsoft.AspNetCore.Mvc.JsonResult Index(Int32, Int32, System.String) on controller Database.Controllers.EmployeeController (Employee).
[2022-12-16 19:59:30.319 +05:30  INF]  Executing JsonResult, writing value of type 'System.Collections.Generic.List`1[[Database.Models.Employee, Database, Version=1.0.0.0, Culture=neutral, PublicKeyToken=null]]'.
[2022-12-16 19:59:30.319 +05:30  INF]  Executed action Database.Controllers.EmployeeController.Index (Employee) in 20.0203ms
[2022-12-16 19:59:30.319 +05:30  INF]  Executed endpoint 'Database.Controllers.EmployeeController.Index (Employee)'
[2022-12-16 19:59:30.319 +05:30  INF]  Request finished HTTP/2 GET https://localhost:7256/Employee/GetAll?pageNo=1&size=5&sort=firstname/Employee/getcount - - - 200 - application/json;+charset=utf-8 20.5718ms
[2022-12-16 20:00:00.172 +05:30  INF]  Request starting HTTP/2 GET https://localhost:7256/Employee/GetAll?pageNo=1&size=5&sort=firstname - -
[2022-12-16 20:00:00.172 +05:30  INF]  CORS policy execution successful.
[2022-12-16 20:00:00.172 +05:30  INF]  Executing endpoint 'Database.Controllers.EmployeeController.Index (Employee)'
[2022-12-16 20:00:00.172 +05:30  INF]  Route matched with {action = "Index", controller = "Employee"}. Executing controller action with signature Microsoft.AspNetCore.Mvc.JsonResult Index(Int32, Int32, System.String) on controller Database.Controllers.EmployeeController (Employee).
[2022-12-16 20:00:00.190 +05:30  INF]  Executing JsonResult, writing value of type 'System.Collections.Generic.List`1[[Database.Models.Employee, Database, Version=1.0.0.0, Culture=neutral, PublicKeyToken=null]]'.
[2022-12-16 20:00:00.190 +05:30  INF]  Executed action Database.Controllers.EmployeeController.Index (Employee) in 17.5525ms
[2022-12-16 20:00:00.190 +05:30  INF]  Executed endpoint 'Database.Controllers.EmployeeController.Index (Employee)'
[2022-12-16 20:00:00.190 +05:30  INF]  Request finished HTTP/2 GET https://localhost:7256/Employee/GetAll?pageNo=1&size=5&sort=firstname - - - 200 - application/json;+charset=utf-8 18.3943ms
[2022-12-16 20:00:00.223 +05:30  INF]  Request starting HTTP/2 GET https://localhost:7256/Employee/GetAll?pageNo=1&size=5&sort=firstname/Employee/getcount - -
[2022-12-16 20:00:00.224 +05:30  INF]  CORS policy execution successful.
[2022-12-16 20:00:00.224 +05:30  INF]  Executing endpoint 'Database.Controllers.EmployeeController.Index (Employee)'
[2022-12-16 20:00:00.224 +05:30  INF]  Route matched with {action = "Index", controller = "Employee"}. Executing controller action with signature Microsoft.AspNetCore.Mvc.JsonResult Index(Int32, Int32, System.String) on controller Database.Controllers.EmployeeController (Employee).
[2022-12-16 20:00:00.248 +05:30  INF]  Executing JsonResult, writing value of type 'System.Collections.Generic.List`1[[Database.Models.Employee, Database, Version=1.0.0.0, Culture=neutral, PublicKeyToken=null]]'.
[2022-12-16 20:00:00.248 +05:30  INF]  Executed action Database.Controllers.EmployeeController.Index (Employee) in 23.8532ms
[2022-12-16 20:00:00.248 +05:30  INF]  Executed endpoint 'Database.Controllers.EmployeeController.Index (Employee)'
[2022-12-16 20:00:00.248 +05:30  INF]  Request finished HTTP/2 GET https://localhost:7256/Employee/GetAll?pageNo=1&size=5&sort=firstname/Employee/getcount - - - 200 - application/json;+charset=utf-8 25.8265ms
[2022-12-16 20:05:54.058 +05:30  INF]  Request starting HTTP/2 GET https://localhost:7256/Employee/GetAll?pageNo=1&size=5&sort=firstname - -
[2022-12-16 20:05:54.058 +05:30  INF]  CORS policy execution successful.
[2022-12-16 20:05:54.058 +05:30  INF]  Executing endpoint 'Database.Controllers.EmployeeController.Index (Employee)'
[2022-12-16 20:05:54.059 +05:30  INF]  Route matched with {action = "Index", controller = "Employee"}. Executing controller action with signature Microsoft.AspNetCore.Mvc.JsonResult Index(Int32, Int32, System.String) on controller Database.Controllers.EmployeeController (Employee).
[2022-12-16 20:05:54.370 +05:30  INF]  Executing JsonResult, writing value of type 'System.Collections.Generic.List`1[[Database.Models.Employee, Database, Version=1.0.0.0, Culture=neutral, PublicKeyToken=null]]'.
[2022-12-16 20:05:54.370 +05:30  INF]  Executed action Database.Controllers.EmployeeController.Index (Employee) in 311.8327ms
[2022-12-16 20:05:54.371 +05:30  INF]  Executed endpoint 'Database.Controllers.EmployeeController.Index (Employee)'
[2022-12-16 20:05:54.371 +05:30  INF]  Request finished HTTP/2 GET https://localhost:7256/Employee/GetAll?pageNo=1&size=5&sort=firstname - - - 200 - application/json;+charset=utf-8 312.8557ms
[2022-12-16 20:05:54.386 +05:30  INF]  Request starting HTTP/2 GET https://localhost:7256/Employee/GetAll?pageNo=1&size=5&sort=firstname/Employee/getcount - -
[2022-12-16 20:05:54.386 +05:30  INF]  CORS policy execution successful.
[2022-12-16 20:05:54.386 +05:30  INF]  Executing endpoint 'Database.Controllers.EmployeeController.Index (Employee)'
[2022-12-16 20:05:54.386 +05:30  INF]  Route matched with {action = "Index", controller = "Employee"}. Executing controller action with signature Microsoft.AspNetCore.Mvc.JsonResult Index(Int32, Int32, System.String) on controller Database.Controllers.EmployeeController (Employee).
[2022-12-16 20:05:54.402 +05:30  INF]  Executing JsonResult, writing value of type 'System.Collections.Generic.List`1[[Database.Models.Employee, Database, Version=1.0.0.0, Culture=neutral, PublicKeyToken=null]]'.
[2022-12-16 20:05:54.402 +05:30  INF]  Executed action Database.Controllers.EmployeeController.Index (Employee) in 15.7869ms
[2022-12-16 20:05:54.402 +05:30  INF]  Executed endpoint 'Database.Controllers.EmployeeController.Index (Employee)'
[2022-12-16 20:05:54.402 +05:30  INF]  Request finished HTTP/2 GET https://localhost:7256/Employee/GetAll?pageNo=1&size=5&sort=firstname/Employee/getcount - - - 200 - application/json;+charset=utf-8 16.1933ms
[2022-12-16 20:11:44.362 +05:30  INF]  Request starting HTTP/2 GET https://localhost:7256/Employee/GetAll?pageNo=1&size=5&sort=firstname - -
[2022-12-16 20:11:44.362 +05:30  INF]  CORS policy execution successful.
[2022-12-16 20:11:44.362 +05:30  INF]  Executing endpoint 'Database.Controllers.EmployeeController.Index (Employee)'
[2022-12-16 20:11:44.362 +05:30  INF]  Route matched with {action = "Index", controller = "Employee"}. Executing controller action with signature Microsoft.AspNetCore.Mvc.JsonResult Index(Int32, Int32, System.String) on controller Database.Controllers.EmployeeController (Employee).
[2022-12-16 20:11:44.540 +05:30  INF]  Executing JsonResult, writing value of type 'System.Collections.Generic.List`1[[Database.Models.Employee, Database, Version=1.0.0.0, Culture=neutral, PublicKeyToken=null]]'.
[2022-12-16 20:11:44.540 +05:30  INF]  Executed action Database.Controllers.EmployeeController.Index (Employee) in 177.4284ms
[2022-12-16 20:11:44.541 +05:30  INF]  Executed endpoint 'Database.Controllers.EmployeeController.Index (Employee)'
[2022-12-16 20:11:44.541 +05:30  INF]  Request finished HTTP/2 GET https://localhost:7256/Employee/GetAll?pageNo=1&size=5&sort=firstname - - - 200 - application/json;+charset=utf-8 178.6233ms
[2022-12-16 20:11:44.655 +05:30  INF]  Request starting HTTP/2 GET https://localhost:7256/Employee/GetAll?pageNo=1&size=5&sort=firstname/Employee/getcount - -
[2022-12-16 20:11:44.656 +05:30  INF]  CORS policy execution successful.
[2022-12-16 20:11:44.656 +05:30  INF]  Executing endpoint 'Database.Controllers.EmployeeController.Index (Employee)'
[2022-12-16 20:11:44.656 +05:30  INF]  Route matched with {action = "Index", controller = "Employee"}. Executing controller action with signature Microsoft.AspNetCore.Mvc.JsonResult Index(Int32, Int32, System.String) on controller Database.Controllers.EmployeeController (Employee).
[2022-12-16 20:11:44.729 +05:30  INF]  Executing JsonResult, writing value of type 'System.Collections.Generic.List`1[[Database.Models.Employee, Database, Version=1.0.0.0, Culture=neutral, PublicKeyToken=null]]'.
[2022-12-16 20:11:44.729 +05:30  INF]  Executed action Database.Controllers.EmployeeController.Index (Employee) in 73.1472ms
[2022-12-16 20:11:44.729 +05:30  INF]  Executed endpoint 'Database.Controllers.EmployeeController.Index (Employee)'
[2022-12-16 20:11:44.729 +05:30  INF]  Request finished HTTP/2 GET https://localhost:7256/Employee/GetAll?pageNo=1&size=5&sort=firstname/Employee/getcount - - - 200 - application/json;+charset=utf-8 75.9259ms
[2022-12-16 20:12:22.058 +05:30  INF]  Request starting HTTP/2 GET https://localhost:7256/Employee/GetAll?pageNo=1&size=5&sort=firstname - -
[2022-12-16 20:12:22.058 +05:30  INF]  CORS policy execution successful.
[2022-12-16 20:12:22.058 +05:30  INF]  Executing endpoint 'Database.Controllers.EmployeeController.Index (Employee)'
[2022-12-16 20:12:22.058 +05:30  INF]  Route matched with {action = "Index", controller = "Employee"}. Executing controller action with signature Microsoft.AspNetCore.Mvc.JsonResult Index(Int32, Int32, System.String) on controller Database.Controllers.EmployeeController (Employee).
[2022-12-16 20:12:22.069 +05:30  INF]  Executing JsonResult, writing value of type 'System.Collections.Generic.List`1[[Database.Models.Employee, Database, Version=1.0.0.0, Culture=neutral, PublicKeyToken=null]]'.
[2022-12-16 20:12:22.069 +05:30  INF]  Executed action Database.Controllers.EmployeeController.Index (Employee) in 10.8332ms
[2022-12-16 20:12:22.069 +05:30  INF]  Executed endpoint 'Database.Controllers.EmployeeController.Index (Employee)'
[2022-12-16 20:12:22.069 +05:30  INF]  Request finished HTTP/2 GET https://localhost:7256/Employee/GetAll?pageNo=1&size=5&sort=firstname - - - 200 - application/json;+charset=utf-8 11.2538ms
[2022-12-16 20:12:22.095 +05:30  INF]  Request starting HTTP/2 GET https://localhost:7256/Employee/GetAll?pageNo=1&size=5&sort=firstname/Employee/getcount - -
[2022-12-16 20:12:22.095 +05:30  INF]  CORS policy execution successful.
[2022-12-16 20:12:22.095 +05:30  INF]  Executing endpoint 'Database.Controllers.EmployeeController.Index (Employee)'
[2022-12-16 20:12:22.095 +05:30  INF]  Route matched with {action = "Index", controller = "Employee"}. Executing controller action with signature Microsoft.AspNetCore.Mvc.JsonResult Index(Int32, Int32, System.String) on controller Database.Controllers.EmployeeController (Employee).
[2022-12-16 20:12:22.172 +05:30  INF]  Executing JsonResult, writing value of type 'System.Collections.Generic.List`1[[Database.Models.Employee, Database, Version=1.0.0.0, Culture=neutral, PublicKeyToken=null]]'.
[2022-12-16 20:12:22.172 +05:30  INF]  Executed action Database.Controllers.EmployeeController.Index (Employee) in 76.9304ms
[2022-12-16 20:12:22.172 +05:30  INF]  Executed endpoint 'Database.Controllers.EmployeeController.Index (Employee)'
[2022-12-16 20:12:22.172 +05:30  INF]  Request finished HTTP/2 GET https://localhost:7256/Employee/GetAll?pageNo=1&size=5&sort=firstname/Employee/getcount - - - 200 - application/json;+charset=utf-8 77.7075ms
[2022-12-16 20:12:24.858 +05:30  INF]  Request starting HTTP/2 GET https://localhost:7256/Employee/GetAll?pageNo=1&size=5&sort=firstname - -
[2022-12-16 20:12:24.858 +05:30  INF]  CORS policy execution successful.
[2022-12-16 20:12:24.858 +05:30  INF]  Executing endpoint 'Database.Controllers.EmployeeController.Index (Employee)'
[2022-12-16 20:12:24.858 +05:30  INF]  Route matched with {action = "Index", controller = "Employee"}. Executing controller action with signature Microsoft.AspNetCore.Mvc.JsonResult Index(Int32, Int32, System.String) on controller Database.Controllers.EmployeeController (Employee).
[2022-12-16 20:12:24.982 +05:30  INF]  Executing JsonResult, writing value of type 'System.Collections.Generic.List`1[[Database.Models.Employee, Database, Version=1.0.0.0, Culture=neutral, PublicKeyToken=null]]'.
[2022-12-16 20:12:24.983 +05:30  INF]  Executed action Database.Controllers.EmployeeController.Index (Employee) in 124.2219ms
[2022-12-16 20:12:24.983 +05:30  INF]  Executed endpoint 'Database.Controllers.EmployeeController.Index (Employee)'
[2022-12-16 20:12:24.983 +05:30  INF]  Request finished HTTP/2 GET https://localhost:7256/Employee/GetAll?pageNo=1&size=5&sort=firstname - - - 200 - application/json;+charset=utf-8 124.6755ms
[2022-12-16 20:12:25.031 +05:30  INF]  Request starting HTTP/2 GET https://localhost:7256/Employee/GetAll?pageNo=1&size=5&sort=firstname/Employee/getcount - -
[2022-12-16 20:12:25.031 +05:30  INF]  CORS policy execution successful.
[2022-12-16 20:12:25.032 +05:30  INF]  Executing endpoint 'Database.Controllers.EmployeeController.Index (Employee)'
[2022-12-16 20:12:25.032 +05:30  INF]  Route matched with {action = "Index", controller = "Employee"}. Executing controller action with signature Microsoft.AspNetCore.Mvc.JsonResult Index(Int32, Int32, System.String) on controller Database.Controllers.EmployeeController (Employee).
[2022-12-16 20:12:25.045 +05:30  INF]  Executing JsonResult, writing value of type 'System.Collections.Generic.List`1[[Database.Models.Employee, Database, Version=1.0.0.0, Culture=neutral, PublicKeyToken=null]]'.
[2022-12-16 20:12:25.045 +05:30  INF]  Executed action Database.Controllers.EmployeeController.Index (Employee) in 13.3126ms
[2022-12-16 20:12:25.045 +05:30  INF]  Executed endpoint 'Database.Controllers.EmployeeController.Index (Employee)'
[2022-12-16 20:12:25.045 +05:30  INF]  Request finished HTTP/2 GET https://localhost:7256/Employee/GetAll?pageNo=1&size=5&sort=firstname/Employee/getcount - - - 200 - application/json;+charset=utf-8 14.1518ms
[2022-12-16 20:12:28.284 +05:30  INF]  Request starting HTTP/2 GET https://localhost:7256/Employee/GetAll?pageNo=1&size=5&sort=firstname - -
[2022-12-16 20:12:28.284 +05:30  INF]  CORS policy execution successful.
[2022-12-16 20:12:28.284 +05:30  INF]  Executing endpoint 'Database.Controllers.EmployeeController.Index (Employee)'
[2022-12-16 20:12:28.284 +05:30  INF]  Route matched with {action = "Index", controller = "Employee"}. Executing controller action with signature Microsoft.AspNetCore.Mvc.JsonResult Index(Int32, Int32, System.String) on controller Database.Controllers.EmployeeController (Employee).
[2022-12-16 20:12:28.343 +05:30  INF]  Executing JsonResult, writing value of type 'System.Collections.Generic.List`1[[Database.Models.Employee, Database, Version=1.0.0.0, Culture=neutral, PublicKeyToken=null]]'.
[2022-12-16 20:12:28.345 +05:30  INF]  Executed action Database.Controllers.EmployeeController.Index (Employee) in 60.7029ms
[2022-12-16 20:12:28.345 +05:30  INF]  Executed endpoint 'Database.Controllers.EmployeeController.Index (Employee)'
[2022-12-16 20:12:28.346 +05:30  INF]  Request finished HTTP/2 GET https://localhost:7256/Employee/GetAll?pageNo=1&size=5&sort=firstname - - - 200 - application/json;+charset=utf-8 62.0533ms
[2022-12-16 20:12:28.363 +05:30  INF]  Request starting HTTP/2 GET https://localhost:7256/Employee/GetAll?pageNo=1&size=5&sort=firstname/Employee/getcount - -
[2022-12-16 20:12:28.363 +05:30  INF]  CORS policy execution successful.
[2022-12-16 20:12:28.363 +05:30  INF]  Executing endpoint 'Database.Controllers.EmployeeController.Index (Employee)'
[2022-12-16 20:12:28.363 +05:30  INF]  Route matched with {action = "Index", controller = "Employee"}. Executing controller action with signature Microsoft.AspNetCore.Mvc.JsonResult Index(Int32, Int32, System.String) on controller Database.Controllers.EmployeeController (Employee).
[2022-12-16 20:12:28.367 +05:30  INF]  Executing JsonResult, writing value of type 'System.Collections.Generic.List`1[[Database.Models.Employee, Database, Version=1.0.0.0, Culture=neutral, PublicKeyToken=null]]'.
[2022-12-16 20:12:28.367 +05:30  INF]  Executed action Database.Controllers.EmployeeController.Index (Employee) in 3.7093ms
[2022-12-16 20:12:28.367 +05:30  INF]  Executed endpoint 'Database.Controllers.EmployeeController.Index (Employee)'
[2022-12-16 20:12:28.367 +05:30  INF]  Request finished HTTP/2 GET https://localhost:7256/Employee/GetAll?pageNo=1&size=5&sort=firstname/Employee/getcount - - - 200 - application/json;+charset=utf-8 4.0766ms
[2022-12-16 20:12:32.175 +05:30  INF]  Request starting HTTP/2 GET https://localhost:7256/Employee/GetAll?pageNo=1&size=5&sort=firstname - -
[2022-12-16 20:12:32.175 +05:30  INF]  CORS policy execution successful.
[2022-12-16 20:12:32.175 +05:30  INF]  Executing endpoint 'Database.Controllers.EmployeeController.Index (Employee)'
[2022-12-16 20:12:32.175 +05:30  INF]  Route matched with {action = "Index", controller = "Employee"}. Executing controller action with signature Microsoft.AspNetCore.Mvc.JsonResult Index(Int32, Int32, System.String) on controller Database.Controllers.EmployeeController (Employee).
[2022-12-16 20:12:32.215 +05:30  INF]  Executing JsonResult, writing value of type 'System.Collections.Generic.List`1[[Database.Models.Employee, Database, Version=1.0.0.0, Culture=neutral, PublicKeyToken=null]]'.
[2022-12-16 20:12:32.215 +05:30  INF]  Executed action Database.Controllers.EmployeeController.Index (Employee) in 39.7078ms
[2022-12-16 20:12:32.215 +05:30  INF]  Executed endpoint 'Database.Controllers.EmployeeController.Index (Employee)'
[2022-12-16 20:12:32.215 +05:30  INF]  Request finished HTTP/2 GET https://localhost:7256/Employee/GetAll?pageNo=1&size=5&sort=firstname - - - 200 - application/json;+charset=utf-8 40.0778ms
[2022-12-16 20:12:32.223 +05:30  INF]  Request starting HTTP/2 GET https://localhost:7256/Employee/GetAll?pageNo=1&size=5&sort=firstname/Employee/getcount - -
[2022-12-16 20:12:32.223 +05:30  INF]  CORS policy execution successful.
[2022-12-16 20:12:32.223 +05:30  INF]  Executing endpoint 'Database.Controllers.EmployeeController.Index (Employee)'
[2022-12-16 20:12:32.223 +05:30  INF]  Route matched with {action = "Index", controller = "Employee"}. Executing controller action with signature Microsoft.AspNetCore.Mvc.JsonResult Index(Int32, Int32, System.String) on controller Database.Controllers.EmployeeController (Employee).
[2022-12-16 20:12:32.233 +05:30  INF]  Executing JsonResult, writing value of type 'System.Collections.Generic.List`1[[Database.Models.Employee, Database, Version=1.0.0.0, Culture=neutral, PublicKeyToken=null]]'.
[2022-12-16 20:12:32.233 +05:30  INF]  Executed action Database.Controllers.EmployeeController.Index (Employee) in 10.2557ms
[2022-12-16 20:12:32.233 +05:30  INF]  Executed endpoint 'Database.Controllers.EmployeeController.Index (Employee)'
[2022-12-16 20:12:32.233 +05:30  INF]  Request finished HTTP/2 GET https://localhost:7256/Employee/GetAll?pageNo=1&size=5&sort=firstname/Employee/getcount - - - 200 - application/json;+charset=utf-8 10.8580ms
