[2023-01-05 10:49:37.719 +05:30  INF]  Request starting HTTP/2 GET https://localhost:7256/Designation/GetAll - -
[2023-01-05 10:49:37.719 +05:30  INF]  Request starting HTTP/2 GET https://localhost:7256/Department/GetAll - -
[2023-01-05 10:49:37.719 +05:30  INF]  Request starting HTTP/2 GET https://localhost:7256/Organisation/GetAll - -
[2023-01-05 10:49:37.789 +05:30  INF]  CORS policy execution successful.
[2023-01-05 10:49:37.789 +05:30  INF]  CORS policy execution successful.
[2023-01-05 10:49:37.789 +05:30  INF]  CORS policy execution successful.
[2023-01-05 10:49:37.791 +05:30  INF]  Executing endpoint 'Database.Controllers.DepartmentController.Index (Employee)'
[2023-01-05 10:49:37.791 +05:30  INF]  Executing endpoint 'Database.Controllers.DesignationController.Index (Employee)'
[2023-01-05 10:49:37.791 +05:30  INF]  Executing endpoint 'Database.Controllers.OrganisationController.Index (Employee)'
[2023-01-05 10:49:37.791 +05:30  INF]  Route matched with {action = "Index", controller = "Designation"}. Executing controller action with signature Microsoft.AspNetCore.Mvc.JsonResult Index() on controller Database.Controllers.DesignationController (Employee).
[2023-01-05 10:49:37.791 +05:30  INF]  Route matched with {action = "Index", controller = "Department"}. Executing controller action with signature Microsoft.AspNetCore.Mvc.JsonResult Index() on controller Database.Controllers.DepartmentController (Employee).
[2023-01-05 10:49:37.791 +05:30  INF]  Route matched with {action = "Index", controller = "Organisation"}. Executing controller action with signature Microsoft.AspNetCore.Mvc.JsonResult Index() on controller Database.Controllers.OrganisationController (Employee).
[2023-01-05 10:49:38.784 +05:30  INF]  Executing JsonResult, writing value of type 'System.Collections.Generic.List`1[[Database.Models.Department, Database, Version=1.0.0.0, Culture=neutral, PublicKeyToken=null]]'.
[2023-01-05 10:49:38.785 +05:30  INF]  Executed action Database.Controllers.DepartmentController.Index (Employee) in 993.4252ms
[2023-01-05 10:49:38.785 +05:30  INF]  Executed endpoint 'Database.Controllers.DepartmentController.Index (Employee)'
[2023-01-05 10:49:38.785 +05:30  INF]  Request finished HTTP/2 GET https://localhost:7256/Department/GetAll - - - 200 - application/json;+charset=utf-8 1066.2562ms
[2023-01-05 10:49:38.793 +05:30  INF]  Get organisation
[2023-01-05 10:49:38.794 +05:30  INF]  Executing JsonResult, writing value of type 'System.Collections.Generic.List`1[[Database.Models.Organisation, Database, Version=1.0.0.0, Culture=neutral, PublicKeyToken=null]]'.
[2023-01-05 10:49:38.795 +05:30  INF]  Executed action Database.Controllers.OrganisationController.Index (Employee) in 1003.3394ms
[2023-01-05 10:49:38.795 +05:30  INF]  Executed endpoint 'Database.Controllers.OrganisationController.Index (Employee)'
[2023-01-05 10:49:38.795 +05:30  INF]  Request finished HTTP/2 GET https://localhost:7256/Organisation/GetAll - - - 200 - application/json;+charset=utf-8 1076.1721ms
[2023-01-05 10:49:38.798 +05:30  INF]  Get Designations
[2023-01-05 10:49:38.798 +05:30  INF]  Executing JsonResult, writing value of type 'System.Collections.Generic.List`1[[Database.Models.Designation, Database, Version=1.0.0.0, Culture=neutral, PublicKeyToken=null]]'.
[2023-01-05 10:49:38.798 +05:30  INF]  Executed action Database.Controllers.DesignationController.Index (Employee) in 1006.8144ms
[2023-01-05 10:49:38.798 +05:30  INF]  Executed endpoint 'Database.Controllers.DesignationController.Index (Employee)'
[2023-01-05 10:49:38.798 +05:30  INF]  Request finished HTTP/2 GET https://localhost:7256/Designation/GetAll - - - 200 - application/json;+charset=utf-8 1079.6178ms
[2023-01-05 10:50:26.792 +05:30  INF]  Request starting HTTP/2 GET https://localhost:7256/Organisation/GetAll - -
[2023-01-05 10:50:26.792 +05:30  INF]  CORS policy execution successful.
[2023-01-05 10:50:26.792 +05:30  INF]  Executing endpoint 'Database.Controllers.OrganisationController.Index (Employee)'
[2023-01-05 10:50:26.792 +05:30  INF]  Route matched with {action = "Index", controller = "Organisation"}. Executing controller action with signature Microsoft.AspNetCore.Mvc.JsonResult Index() on controller Database.Controllers.OrganisationController (Employee).
[2023-01-05 10:50:26.793 +05:30  INF]  Request starting HTTP/2 GET https://localhost:7256/Department/GetAll - -
[2023-01-05 10:50:26.793 +05:30  INF]  CORS policy execution successful.
[2023-01-05 10:50:26.793 +05:30  INF]  Executing endpoint 'Database.Controllers.DepartmentController.Index (Employee)'
[2023-01-05 10:50:26.793 +05:30  INF]  Route matched with {action = "Index", controller = "Department"}. Executing controller action with signature Microsoft.AspNetCore.Mvc.JsonResult Index() on controller Database.Controllers.DepartmentController (Employee).
[2023-01-05 10:50:26.794 +05:30  INF]  Request starting HTTP/2 GET https://localhost:7256/Designation/GetAll - -
[2023-01-05 10:50:26.794 +05:30  INF]  CORS policy execution successful.
[2023-01-05 10:50:26.794 +05:30  INF]  Executing endpoint 'Database.Controllers.DesignationController.Index (Employee)'
[2023-01-05 10:50:26.794 +05:30  INF]  Route matched with {action = "Index", controller = "Designation"}. Executing controller action with signature Microsoft.AspNetCore.Mvc.JsonResult Index() on controller Database.Controllers.DesignationController (Employee).
[2023-01-05 10:50:26.891 +05:30  INF]  Executing JsonResult, writing value of type 'System.Collections.Generic.List`1[[Database.Models.Department, Database, Version=1.0.0.0, Culture=neutral, PublicKeyToken=null]]'.
[2023-01-05 10:50:26.893 +05:30  INF]  Get Designations
[2023-01-05 10:50:26.893 +05:30  INF]  Executed action Database.Controllers.DepartmentController.Index (Employee) in 99.3846ms
[2023-01-05 10:50:26.893 +05:30  INF]  Executing JsonResult, writing value of type 'System.Collections.Generic.List`1[[Database.Models.Designation, Database, Version=1.0.0.0, Culture=neutral, PublicKeyToken=null]]'.
[2023-01-05 10:50:26.893 +05:30  INF]  Executed endpoint 'Database.Controllers.DepartmentController.Index (Employee)'
[2023-01-05 10:50:26.894 +05:30  INF]  Executed action Database.Controllers.DesignationController.Index (Employee) in 100.1824ms
[2023-01-05 10:50:26.894 +05:30  INF]  Executed endpoint 'Database.Controllers.DesignationController.Index (Employee)'
[2023-01-05 10:50:26.894 +05:30  INF]  Request finished HTTP/2 GET https://localhost:7256/Department/GetAll - - - 200 - application/json;+charset=utf-8 99.7967ms
[2023-01-05 10:50:26.894 +05:30  INF]  Request finished HTTP/2 GET https://localhost:7256/Designation/GetAll - - - 200 - application/json;+charset=utf-8 100.5746ms
[2023-01-05 10:50:26.900 +05:30  INF]  Get organisation
[2023-01-05 10:50:26.900 +05:30  INF]  Executing JsonResult, writing value of type 'System.Collections.Generic.List`1[[Database.Models.Organisation, Database, Version=1.0.0.0, Culture=neutral, PublicKeyToken=null]]'.
[2023-01-05 10:50:26.900 +05:30  INF]  Executed action Database.Controllers.OrganisationController.Index (Employee) in 108.1574ms
[2023-01-05 10:50:26.900 +05:30  INF]  Executed endpoint 'Database.Controllers.OrganisationController.Index (Employee)'
[2023-01-05 10:50:26.900 +05:30  INF]  Request finished HTTP/2 GET https://localhost:7256/Organisation/GetAll - - - 200 - application/json;+charset=utf-8 108.9719ms
[2023-01-05 10:51:52.166 +05:30  INF]  Request starting HTTP/2 GET https://localhost:7256/Employee/GetAll - -
[2023-01-05 10:51:52.204 +05:30  INF]  CORS policy execution successful.
[2023-01-05 10:51:52.204 +05:30  INF]  Executing endpoint 'Database.Controllers.EmployeeController.GetAll (Employee)'
[2023-01-05 10:51:52.207 +05:30  INF]  Route matched with {action = "GetAll", controller = "Employee"}. Executing controller action with signature System.Threading.Tasks.Task`1[Microsoft.AspNetCore.Mvc.ActionResult] GetAll() on controller Database.Controllers.EmployeeController (Employee).
[2023-01-05 10:51:52.389 +05:30  INF]  Executing JsonResult, writing value of type 'System.Collections.Generic.List`1[[Database.Models.Employee, Database, Version=1.0.0.0, Culture=neutral, PublicKeyToken=null]]'.
[2023-01-05 10:51:52.390 +05:30  INF]  Executed action Database.Controllers.EmployeeController.GetAll (Employee) in 182.2007ms
[2023-01-05 10:51:52.390 +05:30  INF]  Executed endpoint 'Database.Controllers.EmployeeController.GetAll (Employee)'
[2023-01-05 10:51:52.390 +05:30  INF]  Request finished HTTP/2 GET https://localhost:7256/Employee/GetAll - - - 200 - application/json;+charset=utf-8 223.7436ms
[2023-01-05 10:56:19.231 +05:30  INF]  Request starting HTTP/2 GET https://localhost:7256/Employee/GetAll - -
[2023-01-05 10:56:19.231 +05:30  INF]  CORS policy execution successful.
[2023-01-05 10:56:19.231 +05:30  INF]  Executing endpoint 'Database.Controllers.EmployeeController.GetAll (Employee)'
[2023-01-05 10:56:19.231 +05:30  INF]  Route matched with {action = "GetAll", controller = "Employee"}. Executing controller action with signature System.Threading.Tasks.Task`1[Microsoft.AspNetCore.Mvc.ActionResult] GetAll() on controller Database.Controllers.EmployeeController (Employee).
[2023-01-05 10:56:19.330 +05:30  INF]  Executing JsonResult, writing value of type 'System.Collections.Generic.List`1[[Database.Models.Employee, Database, Version=1.0.0.0, Culture=neutral, PublicKeyToken=null]]'.
[2023-01-05 10:56:19.331 +05:30  INF]  Executed action Database.Controllers.EmployeeController.GetAll (Employee) in 99.4042ms
[2023-01-05 10:56:19.331 +05:30  INF]  Executed endpoint 'Database.Controllers.EmployeeController.GetAll (Employee)'
[2023-01-05 10:56:19.331 +05:30  INF]  Request finished HTTP/2 GET https://localhost:7256/Employee/GetAll - - - 200 - application/json;+charset=utf-8 99.8923ms
[2023-01-05 10:57:07.935 +05:30  INF]  Request starting HTTP/2 GET https://localhost:7256/Employee/GetAll - -
[2023-01-05 10:57:07.935 +05:30  INF]  CORS policy execution successful.
[2023-01-05 10:57:07.935 +05:30  INF]  Executing endpoint 'Database.Controllers.EmployeeController.GetAll (Employee)'
[2023-01-05 10:57:07.935 +05:30  INF]  Route matched with {action = "GetAll", controller = "Employee"}. Executing controller action with signature System.Threading.Tasks.Task`1[Microsoft.AspNetCore.Mvc.ActionResult] GetAll() on controller Database.Controllers.EmployeeController (Employee).
[2023-01-05 10:57:08.028 +05:30  INF]  Executing JsonResult, writing value of type 'System.Collections.Generic.List`1[[Database.Models.Employee, Database, Version=1.0.0.0, Culture=neutral, PublicKeyToken=null]]'.
[2023-01-05 10:57:08.028 +05:30  INF]  Executed action Database.Controllers.EmployeeController.GetAll (Employee) in 92.3995ms
[2023-01-05 10:57:08.028 +05:30  INF]  Executed endpoint 'Database.Controllers.EmployeeController.GetAll (Employee)'
[2023-01-05 10:57:08.028 +05:30  INF]  Request finished HTTP/2 GET https://localhost:7256/Employee/GetAll - - - 200 - application/json;+charset=utf-8 93.1596ms
[2023-01-05 10:57:13.258 +05:30  INF]  Request starting HTTP/2 GET https://localhost:7256/swagger/v1/swagger.json - -
[2023-01-05 10:57:13.333 +05:30  INF]  Request finished HTTP/2 GET https://localhost:7256/swagger/v1/swagger.json - - - 200 - application/json;charset=utf-8 74.9881ms
[2023-01-05 12:30:19.168 +05:30  INF]  Request starting HTTP/2 GET https://localhost:7256/Employee/GetAll - -
[2023-01-05 12:30:19.191 +05:30  INF]  CORS policy execution successful.
[2023-01-05 12:30:19.211 +05:30  INF]  Executing endpoint 'Database.Controllers.EmployeeController.GetAll (Employee)'
[2023-01-05 12:30:19.220 +05:30  INF]  Route matched with {action = "GetAll", controller = "Employee"}. Executing controller action with signature System.Threading.Tasks.Task`1[Microsoft.AspNetCore.Mvc.ActionResult] GetAll() on controller Database.Controllers.EmployeeController (Employee).
[2023-01-05 12:30:19.335 +05:30  INF]  Executing JsonResult, writing value of type 'System.Collections.Generic.List`1[[Database.Models.Employee, Database, Version=1.0.0.0, Culture=neutral, PublicKeyToken=null]]'.
[2023-01-05 12:30:19.340 +05:30  INF]  Executed action Database.Controllers.EmployeeController.GetAll (Employee) in 119.3959ms
[2023-01-05 12:30:19.340 +05:30  INF]  Executed endpoint 'Database.Controllers.EmployeeController.GetAll (Employee)'
[2023-01-05 12:30:19.341 +05:30  INF]  Request finished HTTP/2 GET https://localhost:7256/Employee/GetAll - - - 200 - application/json;+charset=utf-8 179.7098ms
[2023-01-05 12:30:44.063 +05:30  INF]  Request starting HTTP/2 OPTIONS https://localhost:7256/Employee/Delete?id=1017 - -
[2023-01-05 12:30:44.064 +05:30  INF]  CORS policy execution successful.
[2023-01-05 12:30:44.069 +05:30  INF]  Request finished HTTP/2 OPTIONS https://localhost:7256/Employee/Delete?id=1017 - - - 204 - - 5.7216ms
[2023-01-05 12:30:44.081 +05:30  INF]  Request starting HTTP/2 POST https://localhost:7256/Employee/Delete?id=1017 application/json 4
[2023-01-05 12:30:44.081 +05:30  INF]  CORS policy execution successful.
[2023-01-05 12:30:44.082 +05:30  INF]  Executing endpoint 'Database.Controllers.EmployeeController.DeleteConfirmed (Employee)'
[2023-01-05 12:30:44.127 +05:30  INF]  Route matched with {action = "DeleteConfirmed", controller = "Employee"}. Executing controller action with signature Microsoft.AspNetCore.Mvc.JsonResult DeleteConfirmed(System.Nullable`1[System.Int32]) on controller Database.Controllers.EmployeeController (Employee).
[2023-01-05 12:30:44.170 +05:30  INF]  Executing JsonResult, writing value of type 'System.Int32'.
[2023-01-05 12:30:44.180 +05:30  INF]  Executed action Database.Controllers.EmployeeController.DeleteConfirmed (Employee) in 52.9252ms
[2023-01-05 12:30:44.180 +05:30  INF]  Executed endpoint 'Database.Controllers.EmployeeController.DeleteConfirmed (Employee)'
[2023-01-05 12:30:44.180 +05:30  INF]  Request finished HTTP/2 POST https://localhost:7256/Employee/Delete?id=1017 application/json 4 - 200 - application/json;+charset=utf-8 99.1851ms
[2023-01-05 12:30:47.393 +05:30  INF]  Request starting HTTP/2 POST https://localhost:7256/Employee/Delete?id=1017 application/json 4
[2023-01-05 12:30:47.393 +05:30  INF]  CORS policy execution successful.
[2023-01-05 12:30:47.393 +05:30  INF]  Executing endpoint 'Database.Controllers.EmployeeController.DeleteConfirmed (Employee)'
[2023-01-05 12:30:47.393 +05:30  INF]  Route matched with {action = "DeleteConfirmed", controller = "Employee"}. Executing controller action with signature Microsoft.AspNetCore.Mvc.JsonResult DeleteConfirmed(System.Nullable`1[System.Int32]) on controller Database.Controllers.EmployeeController (Employee).
[2023-01-05 12:30:47.434 +05:30  INF]  Executing JsonResult, writing value of type 'System.Int32'.
[2023-01-05 12:30:47.434 +05:30  INF]  Executed action Database.Controllers.EmployeeController.DeleteConfirmed (Employee) in 40.9187ms
[2023-01-05 12:30:47.435 +05:30  INF]  Executed endpoint 'Database.Controllers.EmployeeController.DeleteConfirmed (Employee)'
[2023-01-05 12:30:47.435 +05:30  INF]  Request finished HTTP/2 POST https://localhost:7256/Employee/Delete?id=1017 application/json 4 - 200 - application/json;+charset=utf-8 41.4277ms
[2023-01-05 12:30:47.599 +05:30  INF]  Request starting HTTP/2 POST https://localhost:7256/Employee/Delete?id=1017 application/json 4
[2023-01-05 12:30:47.599 +05:30  INF]  CORS policy execution successful.
[2023-01-05 12:30:47.599 +05:30  INF]  Executing endpoint 'Database.Controllers.EmployeeController.DeleteConfirmed (Employee)'
[2023-01-05 12:30:47.599 +05:30  INF]  Route matched with {action = "DeleteConfirmed", controller = "Employee"}. Executing controller action with signature Microsoft.AspNetCore.Mvc.JsonResult DeleteConfirmed(System.Nullable`1[System.Int32]) on controller Database.Controllers.EmployeeController (Employee).
[2023-01-05 12:30:47.606 +05:30  INF]  Executing JsonResult, writing value of type 'System.Int32'.
[2023-01-05 12:30:47.606 +05:30  INF]  Executed action Database.Controllers.EmployeeController.DeleteConfirmed (Employee) in 6.9638ms
[2023-01-05 12:30:47.606 +05:30  INF]  Executed endpoint 'Database.Controllers.EmployeeController.DeleteConfirmed (Employee)'
[2023-01-05 12:30:47.606 +05:30  INF]  Request finished HTTP/2 POST https://localhost:7256/Employee/Delete?id=1017 application/json 4 - 200 - application/json;+charset=utf-8 7.3483ms
[2023-01-05 12:30:50.880 +05:30  INF]  Request starting HTTP/2 GET https://localhost:7256/Employee/GetAll - -
[2023-01-05 12:30:50.883 +05:30  INF]  CORS policy execution successful.
[2023-01-05 12:30:50.884 +05:30  INF]  Executing endpoint 'Database.Controllers.EmployeeController.GetAll (Employee)'
[2023-01-05 12:30:50.885 +05:30  INF]  Route matched with {action = "GetAll", controller = "Employee"}. Executing controller action with signature System.Threading.Tasks.Task`1[Microsoft.AspNetCore.Mvc.ActionResult] GetAll() on controller Database.Controllers.EmployeeController (Employee).
[2023-01-05 12:30:51.161 +05:30  INF]  Executing JsonResult, writing value of type 'System.Collections.Generic.List`1[[Database.Models.Employee, Database, Version=1.0.0.0, Culture=neutral, PublicKeyToken=null]]'.
[2023-01-05 12:30:51.161 +05:30  INF]  Executed action Database.Controllers.EmployeeController.GetAll (Employee) in 276.6362ms
[2023-01-05 12:30:51.161 +05:30  INF]  Executed endpoint 'Database.Controllers.EmployeeController.GetAll (Employee)'
[2023-01-05 12:30:51.162 +05:30  INF]  Request finished HTTP/2 GET https://localhost:7256/Employee/GetAll - - - 200 - application/json;+charset=utf-8 281.4966ms
[2023-01-05 15:31:07.287 +05:30  INF]  User profile is available. Using 'C:\Users\logesh.karthik\AppData\Local\ASP.NET\DataProtection-Keys' as key repository and Windows DPAPI to encrypt keys at rest.
[2023-01-05 15:31:07.775 +05:30  INF]  Now listening on: https://localhost:7256
[2023-01-05 15:31:07.777 +05:30  INF]  Now listening on: http://localhost:5155
[2023-01-05 15:31:07.787 +05:30  INF]  Application started. Press Ctrl+C to shut down.
[2023-01-05 15:31:07.789 +05:30  INF]  Hosting environment: Development
[2023-01-05 15:31:07.790 +05:30  INF]  Content root path: C:\Users\logesh.karthik\Desktop\Github\AngularMVC\AngularMVC\Employee\
[2023-01-05 15:31:08.678 +05:30  INF]  Request starting HTTP/2 GET https://localhost:7256/ - -
[2023-01-05 15:31:09.005 +05:30  INF]  Executing endpoint 'Database.Controllers.HomeController.Index (Employee)'
[2023-01-05 15:31:09.025 +05:30  INF]  Route matched with {action = "Index", controller = "Home"}. Executing controller action with signature Microsoft.AspNetCore.Mvc.IActionResult Index() on controller Database.Controllers.HomeController (Employee).
[2023-01-05 15:31:09.045 +05:30  INF]  Executing ViewResult, running view Index.
[2023-01-05 15:31:09.206 +05:30  INF]  Executed ViewResult - view Index executed in 163.3608ms.
[2023-01-05 15:31:09.211 +05:30  INF]  Executed action Database.Controllers.HomeController.Index (Employee) in 185.1513ms
[2023-01-05 15:31:09.211 +05:30  INF]  Executed endpoint 'Database.Controllers.HomeController.Index (Employee)'
[2023-01-05 15:31:09.217 +05:30  INF]  Request finished HTTP/2 GET https://localhost:7256/ - - - 200 - text/html;+charset=utf-8 546.1195ms
[2023-01-05 15:31:09.274 +05:30  INF]  Request starting HTTP/2 GET https://localhost:7256/css/site.css?v=AKvNjO3dCPPS0eSU1Ez8T2wI280i08yGycV9ndytL-c - -
[2023-01-05 15:31:09.274 +05:30  INF]  Request starting HTTP/2 GET https://localhost:7256/lib/bootstrap/dist/css/bootstrap.min.css - -
[2023-01-05 15:31:09.274 +05:30  INF]  Request starting HTTP/2 GET https://localhost:7256/Employee.styles.css?v=1zBmUAqtmJGZ4iG0upJMx4OCtBwRsT0xXpZ3s3bh0xA - -
[2023-01-05 15:31:09.275 +05:30  INF]  Request starting HTTP/2 GET https://localhost:7256/lib/jquery/dist/jquery.min.js - -
[2023-01-05 15:31:09.275 +05:30  INF]  Request starting HTTP/2 GET https://localhost:7256/lib/bootstrap/dist/js/bootstrap.bundle.min.js - -
[2023-01-05 15:31:09.297 +05:30  INF]  Sending file. Request path: '/Employee.styles.css'. Physical path: 'C:\Users\logesh.karthik\Desktop\Github\AngularMVC\AngularMVC\Employee\obj\Debug\net6.0\scopedcss\bundle\Employee.styles.css'
[2023-01-05 15:31:09.297 +05:30  INF]  Sending file. Request path: '/css/site.css'. Physical path: 'C:\Users\logesh.karthik\Desktop\Github\AngularMVC\AngularMVC\Employee\wwwroot\css\site.css'
[2023-01-05 15:31:09.298 +05:30  INF]  Request finished HTTP/2 GET https://localhost:7256/Employee.styles.css?v=1zBmUAqtmJGZ4iG0upJMx4OCtBwRsT0xXpZ3s3bh0xA - - - 200 1125 text/css 23.2679ms
[2023-01-05 15:31:09.298 +05:30  INF]  Request finished HTTP/2 GET https://localhost:7256/css/site.css?v=AKvNjO3dCPPS0eSU1Ez8T2wI280i08yGycV9ndytL-c - - - 200 194 text/css 23.4369ms
[2023-01-05 15:31:09.298 +05:30  INF]  Request starting HTTP/2 GET https://localhost:7256/js/site.js?v=4q1jwFhaPaZgr8WAUSrux6hAuh0XDg9kPS3xIVq36I0 - -
[2023-01-05 15:31:09.301 +05:30  INF]  Sending file. Request path: '/js/site.js'. Physical path: 'C:\Users\logesh.karthik\Desktop\Github\AngularMVC\AngularMVC\Employee\wwwroot\js\site.js'
[2023-01-05 15:31:09.301 +05:30  INF]  Request finished HTTP/2 GET https://localhost:7256/js/site.js?v=4q1jwFhaPaZgr8WAUSrux6hAuh0XDg9kPS3xIVq36I0 - - - 200 230 application/javascript 2.9701ms
[2023-01-05 15:31:09.359 +05:30  INF]  Sending file. Request path: '/lib/jquery/dist/jquery.min.js'. Physical path: 'C:\Users\logesh.karthik\Desktop\Github\AngularMVC\AngularMVC\Employee\wwwroot\lib\jquery\dist\jquery.min.js'
[2023-01-05 15:31:09.359 +05:30  INF]  Sending file. Request path: '/lib/bootstrap/dist/js/bootstrap.bundle.min.js'. Physical path: 'C:\Users\logesh.karthik\Desktop\Github\AngularMVC\AngularMVC\Employee\wwwroot\lib\bootstrap\dist\js\bootstrap.bundle.min.js'
[2023-01-05 15:31:09.361 +05:30  INF]  Sending file. Request path: '/lib/bootstrap/dist/css/bootstrap.min.css'. Physical path: 'C:\Users\logesh.karthik\Desktop\Github\AngularMVC\AngularMVC\Employee\wwwroot\lib\bootstrap\dist\css\bootstrap.min.css'
[2023-01-05 15:31:09.364 +05:30  INF]  Request finished HTTP/2 GET https://localhost:7256/lib/bootstrap/dist/js/bootstrap.bundle.min.js - - - 200 78468 application/javascript 88.8118ms
[2023-01-05 15:31:09.364 +05:30  INF]  Request finished HTTP/2 GET https://localhost:7256/lib/jquery/dist/jquery.min.js - - - 200 89476 application/javascript 88.8949ms
[2023-01-05 15:31:09.364 +05:30  INF]  Request finished HTTP/2 GET https://localhost:7256/lib/bootstrap/dist/css/bootstrap.min.css - - - 200 162720 text/css 89.2486ms
[2023-01-05 15:31:09.466 +05:30  INF]  Request starting HTTP/2 GET https://localhost:7256/favicon.ico - -
[2023-01-05 15:31:09.480 +05:30  INF]  Sending file. Request path: '/favicon.ico'. Physical path: 'C:\Users\logesh.karthik\Desktop\Github\AngularMVC\AngularMVC\Employee\wwwroot\favicon.ico'
[2023-01-05 15:31:09.480 +05:30  INF]  Request finished HTTP/2 GET https://localhost:7256/favicon.ico - - - 200 5430 image/x-icon 13.8429ms
[2023-01-05 15:31:52.943 +05:30  INF]  Request starting HTTP/2 GET https://localhost:7256/Employee/GetAll - -
[2023-01-05 15:31:52.947 +05:30  INF]  CORS policy execution successful.
[2023-01-05 15:31:52.963 +05:30  INF]  Executing endpoint 'Database.Controllers.EmployeeController.GetAll (Employee)'
[2023-01-05 15:31:52.987 +05:30  INF]  Route matched with {action = "GetAll", controller = "Employee"}. Executing controller action with signature System.Threading.Tasks.Task`1[Microsoft.AspNetCore.Mvc.ActionResult] GetAll() on controller Database.Controllers.EmployeeController (Employee).
[2023-01-05 15:31:53.447 +05:30  INF]  Executing JsonResult, writing value of type 'System.Collections.Generic.List`1[[Database.Models.Employee, Database, Version=1.0.0.0, Culture=neutral, PublicKeyToken=null]]'.
[2023-01-05 15:31:53.497 +05:30  INF]  Executed action Database.Controllers.EmployeeController.GetAll (Employee) in 510.5312ms
[2023-01-05 15:31:53.498 +05:30  INF]  Executed endpoint 'Database.Controllers.EmployeeController.GetAll (Employee)'
[2023-01-05 15:31:53.499 +05:30  INF]  Request finished HTTP/2 GET https://localhost:7256/Employee/GetAll - - - 200 - application/json;+charset=utf-8 556.4521ms
[2023-01-05 15:32:18.454 +05:30  INF]  Request starting HTTP/2 GET https://localhost:7256/Department/GetAll - -
[2023-01-05 15:32:18.454 +05:30  INF]  Request starting HTTP/2 GET https://localhost:7256/Designation/GetAll - -
[2023-01-05 15:32:18.454 +05:30  INF]  Request starting HTTP/2 GET https://localhost:7256/Organisation/GetAll - -
[2023-01-05 15:32:18.454 +05:30  INF]  CORS policy execution successful.
[2023-01-05 15:32:18.454 +05:30  INF]  CORS policy execution successful.
[2023-01-05 15:32:18.455 +05:30  INF]  CORS policy execution successful.
[2023-01-05 15:32:18.456 +05:30  INF]  Executing endpoint 'Database.Controllers.DepartmentController.Index (Employee)'
[2023-01-05 15:32:18.456 +05:30  INF]  Executing endpoint 'Database.Controllers.OrganisationController.Index (Employee)'
[2023-01-05 15:32:18.457 +05:30  INF]  Executing endpoint 'Database.Controllers.DesignationController.Index (Employee)'
[2023-01-05 15:32:18.458 +05:30  INF]  Route matched with {action = "Index", controller = "Organisation"}. Executing controller action with signature Microsoft.AspNetCore.Mvc.JsonResult Index() on controller Database.Controllers.OrganisationController (Employee).
[2023-01-05 15:32:18.458 +05:30  INF]  Route matched with {action = "Index", controller = "Department"}. Executing controller action with signature Microsoft.AspNetCore.Mvc.JsonResult Index() on controller Database.Controllers.DepartmentController (Employee).
[2023-01-05 15:32:18.458 +05:30  INF]  Route matched with {action = "Index", controller = "Designation"}. Executing controller action with signature Microsoft.AspNetCore.Mvc.JsonResult Index() on controller Database.Controllers.DesignationController (Employee).
[2023-01-05 15:32:19.547 +05:30  INF]  Executing JsonResult, writing value of type 'System.Collections.Generic.List`1[[Database.Models.Department, Database, Version=1.0.0.0, Culture=neutral, PublicKeyToken=null]]'.
[2023-01-05 15:32:19.549 +05:30  INF]  Get organisation
[2023-01-05 15:32:19.550 +05:30  INF]  Get Designations
[2023-01-05 15:32:19.550 +05:30  INF]  Executing JsonResult, writing value of type 'System.Collections.Generic.List`1[[Database.Models.Organisation, Database, Version=1.0.0.0, Culture=neutral, PublicKeyToken=null]]'.
[2023-01-05 15:32:19.550 +05:30  INF]  Executing JsonResult, writing value of type 'System.Collections.Generic.List`1[[Database.Models.Designation, Database, Version=1.0.0.0, Culture=neutral, PublicKeyToken=null]]'.
[2023-01-05 15:32:19.566 +05:30  INF]  Executed action Database.Controllers.DesignationController.Index (Employee) in 1107.4579ms
[2023-01-05 15:32:19.566 +05:30  INF]  Executed action Database.Controllers.OrganisationController.Index (Employee) in 1108.1161ms
[2023-01-05 15:32:19.566 +05:30  INF]  Executed action Database.Controllers.DepartmentController.Index (Employee) in 1107.7643ms
[2023-01-05 15:32:19.566 +05:30  INF]  Executed endpoint 'Database.Controllers.OrganisationController.Index (Employee)'
[2023-01-05 15:32:19.566 +05:30  INF]  Executed endpoint 'Database.Controllers.DepartmentController.Index (Employee)'
[2023-01-05 15:32:19.566 +05:30  INF]  Executed endpoint 'Database.Controllers.DesignationController.Index (Employee)'
[2023-01-05 15:32:19.566 +05:30  INF]  Request finished HTTP/2 GET https://localhost:7256/Designation/GetAll - - - 200 - application/json;+charset=utf-8 1111.8838ms
[2023-01-05 15:32:19.566 +05:30  INF]  Request finished HTTP/2 GET https://localhost:7256/Department/GetAll - - - 200 - application/json;+charset=utf-8 1111.8626ms
[2023-01-05 15:32:19.566 +05:30  INF]  Request finished HTTP/2 GET https://localhost:7256/Organisation/GetAll - - - 200 - application/json;+charset=utf-8 1111.7702ms
[2023-01-05 15:34:09.299 +05:30  INF]  Request starting HTTP/2 GET https://localhost:7256/Employee/GetAll - -
[2023-01-05 15:34:09.306 +05:30  INF]  CORS policy execution successful.
[2023-01-05 15:34:09.308 +05:30  INF]  Executing endpoint 'Database.Controllers.EmployeeController.GetAll (Employee)'
[2023-01-05 15:34:09.308 +05:30  INF]  Route matched with {action = "GetAll", controller = "Employee"}. Executing controller action with signature System.Threading.Tasks.Task`1[Microsoft.AspNetCore.Mvc.ActionResult] GetAll() on controller Database.Controllers.EmployeeController (Employee).
[2023-01-05 15:34:09.564 +05:30  INF]  Executing JsonResult, writing value of type 'System.Collections.Generic.List`1[[Database.Models.Employee, Database, Version=1.0.0.0, Culture=neutral, PublicKeyToken=null]]'.
[2023-01-05 15:34:09.579 +05:30  INF]  Executed action Database.Controllers.EmployeeController.GetAll (Employee) in 271.2629ms
[2023-01-05 15:34:09.579 +05:30  INF]  Executed endpoint 'Database.Controllers.EmployeeController.GetAll (Employee)'
[2023-01-05 15:34:09.580 +05:30  INF]  Request finished HTTP/2 GET https://localhost:7256/Employee/GetAll - - - 0 - application/json;+charset=utf-8 280.0518ms
[2023-01-05 15:34:10.892 +05:30  INF]  Request starting HTTP/2 GET https://localhost:7256/Employee/GetAll - -
[2023-01-05 15:34:10.892 +05:30  INF]  CORS policy execution successful.
[2023-01-05 15:34:10.892 +05:30  INF]  Executing endpoint 'Database.Controllers.EmployeeController.GetAll (Employee)'
[2023-01-05 15:34:10.892 +05:30  INF]  Route matched with {action = "GetAll", controller = "Employee"}. Executing controller action with signature System.Threading.Tasks.Task`1[Microsoft.AspNetCore.Mvc.ActionResult] GetAll() on controller Database.Controllers.EmployeeController (Employee).
[2023-01-05 15:34:10.927 +05:30  INF]  Executing JsonResult, writing value of type 'System.Collections.Generic.List`1[[Database.Models.Employee, Database, Version=1.0.0.0, Culture=neutral, PublicKeyToken=null]]'.
[2023-01-05 15:34:10.927 +05:30  INF]  Executed action Database.Controllers.EmployeeController.GetAll (Employee) in 34.8555ms
[2023-01-05 15:34:10.927 +05:30  INF]  Executed endpoint 'Database.Controllers.EmployeeController.GetAll (Employee)'
[2023-01-05 15:34:10.927 +05:30  INF]  Request finished HTTP/2 GET https://localhost:7256/Employee/GetAll - - - 200 - application/json;+charset=utf-8 35.3369ms
[2023-01-05 15:35:01.056 +05:30  INF]  User profile is available. Using 'C:\Users\logesh.karthik\AppData\Local\ASP.NET\DataProtection-Keys' as key repository and Windows DPAPI to encrypt keys at rest.
[2023-01-05 15:35:01.402 +05:30  INF]  Now listening on: https://localhost:7256
[2023-01-05 15:35:01.421 +05:30  INF]  Now listening on: http://localhost:5155
[2023-01-05 15:35:01.439 +05:30  INF]  Application started. Press Ctrl+C to shut down.
[2023-01-05 15:35:01.450 +05:30  INF]  Hosting environment: Development
[2023-01-05 15:35:01.453 +05:30  INF]  Content root path: C:\Users\logesh.karthik\Desktop\Github\AngularMVC\AngularMVC\Employee\
[2023-01-05 15:35:02.776 +05:30  INF]  Request starting HTTP/2 GET https://localhost:7256/ - -
[2023-01-05 15:35:02.932 +05:30  INF]  Executing endpoint 'Database.Controllers.HomeController.Index (Employee)'
[2023-01-05 15:35:02.963 +05:30  INF]  Route matched with {action = "Index", controller = "Home"}. Executing controller action with signature Microsoft.AspNetCore.Mvc.IActionResult Index() on controller Database.Controllers.HomeController (Employee).
[2023-01-05 15:35:02.985 +05:30  INF]  Executing ViewResult, running view Index.
[2023-01-05 15:35:03.472 +05:30  INF]  Executed ViewResult - view Index executed in 467.3599ms.
[2023-01-05 15:35:03.565 +05:30  INF]  Executed action Database.Controllers.HomeController.Index (Employee) in 600.9723ms
[2023-01-05 15:35:03.565 +05:30  INF]  Executed endpoint 'Database.Controllers.HomeController.Index (Employee)'
[2023-01-05 15:35:03.581 +05:30  INF]  Request finished HTTP/2 GET https://localhost:7256/ - - - 200 - text/html;+charset=utf-8 820.1970ms
[2023-01-05 15:35:30.454 +05:30  INF]  Request starting HTTP/2 GET https://localhost:7256/Employee/GetAll - -
[2023-01-05 15:35:30.463 +05:30  INF]  CORS policy execution successful.
[2023-01-05 15:35:30.506 +05:30  INF]  Executing endpoint 'Database.Controllers.EmployeeController.GetAll (Employee)'
[2023-01-05 15:35:30.517 +05:30  INF]  Route matched with {action = "GetAll", controller = "Employee"}. Executing controller action with signature System.Threading.Tasks.Task`1[Microsoft.AspNetCore.Mvc.ActionResult] GetAll() on controller Database.Controllers.EmployeeController (Employee).
[2023-01-05 15:35:31.723 +05:30  INF]  Executing JsonResult, writing value of type 'System.Collections.Generic.List`1[[Database.Models.Employee, Database, Version=1.0.0.0, Culture=neutral, PublicKeyToken=null]]'.
[2023-01-05 15:35:31.793 +05:30  INF]  Executed action Database.Controllers.EmployeeController.GetAll (Employee) in 1275.6086ms
[2023-01-05 15:35:31.794 +05:30  INF]  Executed endpoint 'Database.Controllers.EmployeeController.GetAll (Employee)'
[2023-01-05 15:35:31.799 +05:30  INF]  Request finished HTTP/2 GET https://localhost:7256/Employee/GetAll - - - 0 - application/json;+charset=utf-8 1344.9146ms
[2023-01-05 15:35:32.788 +05:30  INF]  Request starting HTTP/2 GET https://localhost:7256/Employee/GetAll - -
[2023-01-05 15:35:32.789 +05:30  INF]  CORS policy execution successful.
[2023-01-05 15:35:32.792 +05:30  INF]  Executing endpoint 'Database.Controllers.EmployeeController.GetAll (Employee)'
[2023-01-05 15:35:32.792 +05:30  INF]  Route matched with {action = "GetAll", controller = "Employee"}. Executing controller action with signature System.Threading.Tasks.Task`1[Microsoft.AspNetCore.Mvc.ActionResult] GetAll() on controller Database.Controllers.EmployeeController (Employee).
[2023-01-05 15:35:32.823 +05:30  INF]  Executing JsonResult, writing value of type 'System.Collections.Generic.List`1[[Database.Models.Employee, Database, Version=1.0.0.0, Culture=neutral, PublicKeyToken=null]]'.
[2023-01-05 15:35:32.824 +05:30  INF]  Executed action Database.Controllers.EmployeeController.GetAll (Employee) in 31.6343ms
[2023-01-05 15:35:32.824 +05:30  INF]  Executed endpoint 'Database.Controllers.EmployeeController.GetAll (Employee)'
[2023-01-05 15:35:32.824 +05:30  INF]  Request finished HTTP/2 GET https://localhost:7256/Employee/GetAll - - - 200 - application/json;+charset=utf-8 36.5539ms
