[2023-01-08 12:35:37.987 +05:30  INF]  User profile is available. Using 'C:\Users\logesh.karthik\AppData\Local\ASP.NET\DataProtection-Keys' as key repository and Windows DPAPI to encrypt keys at rest.
[2023-01-08 12:35:39.041 +05:30  INF]  Now listening on: https://localhost:7256
[2023-01-08 12:35:39.078 +05:30  INF]  Now listening on: http://localhost:5155
[2023-01-08 12:35:39.139 +05:30  INF]  Application started. Press Ctrl+C to shut down.
[2023-01-08 12:35:39.169 +05:30  INF]  Hosting environment: Development
[2023-01-08 12:35:39.257 +05:30  INF]  Content root path: C:\Users\logesh.karthik\Desktop\Github\AngularMVC\AngularMVC\Employee\
[2023-01-08 12:35:42.794 +05:30  INF]  Request starting HTTP/2 GET https://localhost:7256/ - -
[2023-01-08 12:35:46.604 +05:30  INF]  Executing endpoint 'Database.Controllers.HomeController.Index (Employee)'
[2023-01-08 12:35:46.617 +05:30  INF]  Route matched with {action = "Index", controller = "Home"}. Executing controller action with signature Microsoft.AspNetCore.Mvc.IActionResult Index() on controller Database.Controllers.HomeController (Employee).
[2023-01-08 12:35:46.632 +05:30  INF]  Executing ViewResult, running view Index.
[2023-01-08 12:35:47.355 +05:30  INF]  Executed ViewResult - view Index executed in 704.8818ms.
[2023-01-08 12:35:47.365 +05:30  INF]  Executed action Database.Controllers.HomeController.Index (Employee) in 746.8487ms
[2023-01-08 12:35:47.365 +05:30  INF]  Executed endpoint 'Database.Controllers.HomeController.Index (Employee)'
[2023-01-08 12:35:47.375 +05:30  INF]  Request finished HTTP/2 GET https://localhost:7256/ - - - 200 - text/html;+charset=utf-8 4584.8335ms
[2023-01-08 12:35:47.414 +05:30  INF]  Request starting HTTP/2 GET https://localhost:7256/css/site.css?v=AKvNjO3dCPPS0eSU1Ez8T2wI280i08yGycV9ndytL-c - -
[2023-01-08 12:35:47.415 +05:30  INF]  Request starting HTTP/2 GET https://localhost:7256/lib/bootstrap/dist/css/bootstrap.min.css - -
[2023-01-08 12:35:47.416 +05:30  INF]  Request starting HTTP/2 GET https://localhost:7256/lib/bootstrap/dist/js/bootstrap.bundle.min.js - -
[2023-01-08 12:35:47.417 +05:30  INF]  Request starting HTTP/2 GET https://localhost:7256/lib/jquery/dist/jquery.min.js - -
[2023-01-08 12:35:47.418 +05:30  INF]  Request starting HTTP/2 GET https://localhost:7256/Employee.styles.css?v=1zBmUAqtmJGZ4iG0upJMx4OCtBwRsT0xXpZ3s3bh0xA - -
[2023-01-08 12:35:47.448 +05:30  INF]  Sending file. Request path: '/css/site.css'. Physical path: 'C:\Users\logesh.karthik\Desktop\Github\AngularMVC\AngularMVC\Employee\wwwroot\css\site.css'
[2023-01-08 12:35:47.448 +05:30  INF]  Sending file. Request path: '/Employee.styles.css'. Physical path: 'C:\Users\logesh.karthik\Desktop\Github\AngularMVC\AngularMVC\Employee\obj\Debug\net6.0\scopedcss\bundle\Employee.styles.css'
[2023-01-08 12:35:47.449 +05:30  INF]  Request finished HTTP/2 GET https://localhost:7256/css/site.css?v=AKvNjO3dCPPS0eSU1Ez8T2wI280i08yGycV9ndytL-c - - - 0 194 text/css 34.3883ms
[2023-01-08 12:35:47.449 +05:30  INF]  Request finished HTTP/2 GET https://localhost:7256/Employee.styles.css?v=1zBmUAqtmJGZ4iG0upJMx4OCtBwRsT0xXpZ3s3bh0xA - - - 0 1125 text/css 31.0023ms
[2023-01-08 12:35:47.449 +05:30  INF]  Request starting HTTP/2 GET https://localhost:7256/js/site.js?v=4q1jwFhaPaZgr8WAUSrux6hAuh0XDg9kPS3xIVq36I0 - -
[2023-01-08 12:35:47.451 +05:30  INF]  Sending file. Request path: '/js/site.js'. Physical path: 'C:\Users\logesh.karthik\Desktop\Github\AngularMVC\AngularMVC\Employee\wwwroot\js\site.js'
[2023-01-08 12:35:47.451 +05:30  INF]  Request finished HTTP/2 GET https://localhost:7256/js/site.js?v=4q1jwFhaPaZgr8WAUSrux6hAuh0XDg9kPS3xIVq36I0 - - - 0 230 application/javascript 2.3271ms
[2023-01-08 12:35:47.479 +05:30  INF]  Sending file. Request path: '/lib/bootstrap/dist/css/bootstrap.min.css'. Physical path: 'C:\Users\logesh.karthik\Desktop\Github\AngularMVC\AngularMVC\Employee\wwwroot\lib\bootstrap\dist\css\bootstrap.min.css'
[2023-01-08 12:35:47.479 +05:30  INF]  Sending file. Request path: '/lib/bootstrap/dist/js/bootstrap.bundle.min.js'. Physical path: 'C:\Users\logesh.karthik\Desktop\Github\AngularMVC\AngularMVC\Employee\wwwroot\lib\bootstrap\dist\js\bootstrap.bundle.min.js'
[2023-01-08 12:35:47.479 +05:30  INF]  Sending file. Request path: '/lib/jquery/dist/jquery.min.js'. Physical path: 'C:\Users\logesh.karthik\Desktop\Github\AngularMVC\AngularMVC\Employee\wwwroot\lib\jquery\dist\jquery.min.js'
[2023-01-08 12:35:47.484 +05:30  INF]  Request finished HTTP/2 GET https://localhost:7256/lib/bootstrap/dist/css/bootstrap.min.css - - - 200 162720 text/css 68.9705ms
[2023-01-08 12:35:47.484 +05:30  INF]  Request finished HTTP/2 GET https://localhost:7256/lib/bootstrap/dist/js/bootstrap.bundle.min.js - - - 200 78468 application/javascript 67.5326ms
[2023-01-08 12:35:47.484 +05:30  INF]  Request finished HTTP/2 GET https://localhost:7256/lib/jquery/dist/jquery.min.js - - - 200 89476 application/javascript 67.1597ms
[2023-01-08 12:35:47.542 +05:30  INF]  Request starting HTTP/2 GET https://localhost:7256/favicon.ico - -
[2023-01-08 12:35:47.552 +05:30  INF]  Sending file. Request path: '/favicon.ico'. Physical path: 'C:\Users\logesh.karthik\Desktop\Github\AngularMVC\AngularMVC\Employee\wwwroot\favicon.ico'
[2023-01-08 12:35:47.552 +05:30  INF]  Request finished HTTP/2 GET https://localhost:7256/favicon.ico - - - 200 5430 image/x-icon 10.3917ms
[2023-01-08 12:36:03.801 +05:30  INF]  Request starting HTTP/2 OPTIONS https://localhost:7256/Employee/GetAll - -
[2023-01-08 12:36:04.116 +05:30  INF]  CORS policy execution successful.
[2023-01-08 12:36:04.118 +05:30  INF]  Request finished HTTP/2 OPTIONS https://localhost:7256/Employee/GetAll - - - 204 - - 317.4465ms
[2023-01-08 12:36:06.240 +05:30  INF]  Request starting HTTP/2 GET https://localhost:7256/Employee/GetAll - -
[2023-01-08 12:36:06.240 +05:30  INF]  CORS policy execution successful.
[2023-01-08 12:36:06.926 +05:30  INF]  Executing endpoint 'Database.Controllers.EmployeeController.GetAll (Employee)'
[2023-01-08 12:36:06.942 +05:30  INF]  Route matched with {action = "GetAll", controller = "Employee"}. Executing controller action with signature System.Threading.Tasks.Task`1[Microsoft.AspNetCore.Mvc.ActionResult] GetAll() on controller Database.Controllers.EmployeeController (Employee).
[2023-01-08 12:39:43.302 +05:30  INF]  User profile is available. Using 'C:\Users\logesh.karthik\AppData\Local\ASP.NET\DataProtection-Keys' as key repository and Windows DPAPI to encrypt keys at rest.
[2023-01-08 12:39:43.898 +05:30  INF]  Now listening on: https://localhost:7256
[2023-01-08 12:39:43.903 +05:30  INF]  Now listening on: http://localhost:5155
[2023-01-08 12:39:43.917 +05:30  INF]  Application started. Press Ctrl+C to shut down.
[2023-01-08 12:39:43.922 +05:30  INF]  Hosting environment: Development
[2023-01-08 12:39:43.924 +05:30  INF]  Content root path: C:\Users\logesh.karthik\Desktop\Github\AngularMVC\AngularMVC\Employee\
[2023-01-08 12:39:45.654 +05:30  INF]  Request starting HTTP/2 GET https://localhost:7256/ - -
[2023-01-08 12:39:45.993 +05:30  INF]  Executing endpoint 'Database.Controllers.HomeController.Index (Employee)'
[2023-01-08 12:39:46.017 +05:30  INF]  Route matched with {action = "Index", controller = "Home"}. Executing controller action with signature Microsoft.AspNetCore.Mvc.IActionResult Index() on controller Database.Controllers.HomeController (Employee).
[2023-01-08 12:39:46.075 +05:30  INF]  Executing ViewResult, running view Index.
[2023-01-08 12:39:46.574 +05:30  INF]  Executed ViewResult - view Index executed in 437.5095ms.
[2023-01-08 12:39:46.637 +05:30  INF]  Executed action Database.Controllers.HomeController.Index (Employee) in 617.3445ms
[2023-01-08 12:39:46.637 +05:30  INF]  Executed endpoint 'Database.Controllers.HomeController.Index (Employee)'
[2023-01-08 12:39:46.661 +05:30  INF]  Request finished HTTP/2 GET https://localhost:7256/ - - - 200 - text/html;+charset=utf-8 1002.4554ms
[2023-01-08 12:39:46.785 +05:30  INF]  Request starting HTTP/2 GET https://localhost:7256/favicon.ico - -
[2023-01-08 12:39:46.852 +05:30  INF]  Sending file. Request path: '/favicon.ico'. Physical path: 'C:\Users\logesh.karthik\Desktop\Github\AngularMVC\AngularMVC\Employee\wwwroot\favicon.ico'
[2023-01-08 12:39:46.862 +05:30  INF]  Request finished HTTP/2 GET https://localhost:7256/favicon.ico - - - 200 5430 image/x-icon 77.5542ms
[2023-01-08 12:39:57.880 +05:30  INF]  Request starting HTTP/2 OPTIONS https://localhost:7256/Employee/GetAll - -
[2023-01-08 12:39:57.897 +05:30  INF]  CORS policy execution successful.
[2023-01-08 12:39:57.904 +05:30  INF]  Request finished HTTP/2 OPTIONS https://localhost:7256/Employee/GetAll - - - 204 - - 23.3369ms
[2023-01-08 12:40:00.841 +05:30  INF]  Request starting HTTP/2 GET https://localhost:7256/Employee/GetAll - -
[2023-01-08 12:40:00.912 +05:30  INF]  CORS policy execution successful.
[2023-01-08 12:40:01.643 +05:30  INF]  Executing endpoint 'Database.Controllers.EmployeeController.GetAll (Employee)'
[2023-01-08 12:40:01.655 +05:30  INF]  Route matched with {action = "GetAll", controller = "Employee"}. Executing controller action with signature System.Threading.Tasks.Task`1[Microsoft.AspNetCore.Mvc.ActionResult] GetAll() on controller Database.Controllers.EmployeeController (Employee).
[2023-01-08 12:40:53.038 +05:30  INF]  User profile is available. Using 'C:\Users\logesh.karthik\AppData\Local\ASP.NET\DataProtection-Keys' as key repository and Windows DPAPI to encrypt keys at rest.
[2023-01-08 12:40:53.568 +05:30  INF]  Now listening on: https://localhost:7256
[2023-01-08 12:40:53.573 +05:30  INF]  Now listening on: http://localhost:5155
[2023-01-08 12:40:53.583 +05:30  INF]  Application started. Press Ctrl+C to shut down.
[2023-01-08 12:40:53.585 +05:30  INF]  Hosting environment: Development
[2023-01-08 12:40:53.589 +05:30  INF]  Content root path: C:\Users\logesh.karthik\Desktop\Github\AngularMVC\AngularMVC\Employee\
[2023-01-08 12:40:56.831 +05:30  INF]  Request starting HTTP/2 GET https://localhost:7256/ - -
[2023-01-08 12:40:57.348 +05:30  INF]  Executing endpoint 'Database.Controllers.HomeController.Index (Employee)'
[2023-01-08 12:40:57.371 +05:30  INF]  Route matched with {action = "Index", controller = "Home"}. Executing controller action with signature Microsoft.AspNetCore.Mvc.IActionResult Index() on controller Database.Controllers.HomeController (Employee).
[2023-01-08 12:40:57.398 +05:30  INF]  Executing ViewResult, running view Index.
[2023-01-08 12:40:57.833 +05:30  INF]  Executed ViewResult - view Index executed in 440.8544ms.
[2023-01-08 12:40:57.839 +05:30  INF]  Executed action Database.Controllers.HomeController.Index (Employee) in 467.0724ms
[2023-01-08 12:40:57.839 +05:30  INF]  Executed endpoint 'Database.Controllers.HomeController.Index (Employee)'
[2023-01-08 12:40:57.849 +05:30  INF]  Request finished HTTP/2 GET https://localhost:7256/ - - - 200 - text/html;+charset=utf-8 1030.0196ms
[2023-01-08 12:40:57.894 +05:30  INF]  Request starting HTTP/2 GET https://localhost:7256/lib/bootstrap/dist/css/bootstrap.min.css - -
[2023-01-08 12:40:58.102 +05:30  INF]  Sending file. Request path: '/lib/bootstrap/dist/css/bootstrap.min.css'. Physical path: 'C:\Users\logesh.karthik\Desktop\Github\AngularMVC\AngularMVC\Employee\wwwroot\lib\bootstrap\dist\css\bootstrap.min.css'
[2023-01-08 12:40:58.102 +05:30  INF]  Request finished HTTP/2 GET https://localhost:7256/lib/bootstrap/dist/css/bootstrap.min.css - - - 0 162720 text/css 208.2149ms
[2023-01-08 12:41:08.545 +05:30  INF]  Request starting HTTP/2 OPTIONS https://localhost:7256/Employee/GetAll - -
[2023-01-08 12:41:08.557 +05:30  INF]  CORS policy execution successful.
[2023-01-08 12:41:08.584 +05:30  INF]  Request finished HTTP/2 OPTIONS https://localhost:7256/Employee/GetAll - - - 204 - - 38.6748ms
[2023-01-08 12:41:08.672 +05:30  INF]  Request starting HTTP/2 GET https://localhost:7256/Employee/GetAll - -
[2023-01-08 12:41:08.673 +05:30  INF]  CORS policy execution successful.
[2023-01-08 12:41:09.696 +05:30  INF]  Executing endpoint 'Database.Controllers.EmployeeController.GetAll (Employee)'
[2023-01-08 12:41:09.721 +05:30  INF]  Route matched with {action = "GetAll", controller = "Employee"}. Executing controller action with signature System.Threading.Tasks.Task`1[Microsoft.AspNetCore.Mvc.ActionResult] GetAll() on controller Database.Controllers.EmployeeController (Employee).
[2023-01-08 12:42:15.345 +05:30  INF]  User profile is available. Using 'C:\Users\logesh.karthik\AppData\Local\ASP.NET\DataProtection-Keys' as key repository and Windows DPAPI to encrypt keys at rest.
[2023-01-08 12:42:16.283 +05:30  INF]  Now listening on: https://localhost:7256
[2023-01-08 12:42:16.298 +05:30  INF]  Now listening on: http://localhost:5155
[2023-01-08 12:42:16.319 +05:30  INF]  Application started. Press Ctrl+C to shut down.
[2023-01-08 12:42:16.441 +05:30  INF]  Hosting environment: Development
[2023-01-08 12:42:16.525 +05:30  INF]  Content root path: C:\Users\logesh.karthik\Desktop\Github\AngularMVC\AngularMVC\Employee\
[2023-01-08 12:42:21.047 +05:30  INF]  Request starting HTTP/2 GET https://localhost:7256/ - -
[2023-01-08 12:42:21.047 +05:30  INF]  Request starting HTTP/2 OPTIONS https://localhost:7256/Employee/GetAll - -
[2023-01-08 12:42:21.351 +05:30  INF]  CORS policy execution successful.
[2023-01-08 12:42:21.360 +05:30  INF]  Request finished HTTP/2 OPTIONS https://localhost:7256/Employee/GetAll - - - 204 - - 316.9451ms
[2023-01-08 12:42:21.411 +05:30  INF]  Request starting HTTP/2 GET https://localhost:7256/Employee/GetAll - -
[2023-01-08 12:42:21.413 +05:30  INF]  CORS policy execution successful.
[2023-01-08 12:42:21.760 +05:30  INF]  Executing endpoint 'Database.Controllers.HomeController.Index (Employee)'
[2023-01-08 12:42:21.810 +05:30  INF]  Route matched with {action = "Index", controller = "Home"}. Executing controller action with signature Microsoft.AspNetCore.Mvc.IActionResult Index() on controller Database.Controllers.HomeController (Employee).
[2023-01-08 12:42:21.828 +05:30  INF]  Executing ViewResult, running view Index.
[2023-01-08 12:42:23.094 +05:30  INF]  Executed ViewResult - view Index executed in 1249.5739ms.
[2023-01-08 12:42:23.098 +05:30  INF]  Executed action Database.Controllers.HomeController.Index (Employee) in 1286.8711ms
[2023-01-08 12:42:23.098 +05:30  INF]  Executed endpoint 'Database.Controllers.HomeController.Index (Employee)'
[2023-01-08 12:42:23.104 +05:30  INF]  Request finished HTTP/2 GET https://localhost:7256/ - - - 200 - text/html;+charset=utf-8 2062.9298ms
[2023-01-08 12:42:23.543 +05:30  INF]  Executing endpoint 'Database.Controllers.EmployeeController.GetAll (Employee)'
[2023-01-08 12:42:23.556 +05:30  INF]  Route matched with {action = "GetAll", controller = "Employee"}. Executing controller action with signature System.Threading.Tasks.Task`1[Microsoft.AspNetCore.Mvc.ActionResult] GetAll() on controller Database.Controllers.EmployeeController (Employee).
[2023-01-08 12:42:48.633 +05:30  INF]  Executing JsonResult, writing value of type 'System.Collections.Generic.List`1[[Database.Models.Employee, Database, Version=1.0.0.0, Culture=neutral, PublicKeyToken=null]]'.
[2023-01-08 12:42:48.685 +05:30  INF]  Executed action Database.Controllers.EmployeeController.GetAll (Employee) in 25128.3707ms
[2023-01-08 12:42:48.688 +05:30  INF]  Executed endpoint 'Database.Controllers.EmployeeController.GetAll (Employee)'
[2023-01-08 12:42:48.694 +05:30  INF]  Request finished HTTP/2 GET https://localhost:7256/Employee/GetAll - - - 200 - application/json;+charset=utf-8 27282.9673ms
[2023-01-08 12:43:28.571 +05:30  INF]  Request starting HTTP/2 OPTIONS https://localhost:7256/Employee/GetAll - -
[2023-01-08 12:43:28.571 +05:30  INF]  CORS policy execution successful.
[2023-01-08 12:43:28.571 +05:30  INF]  Request finished HTTP/2 OPTIONS https://localhost:7256/Employee/GetAll - - - 204 - - 0.7043ms
[2023-01-08 12:43:28.616 +05:30  INF]  Request starting HTTP/2 GET https://localhost:7256/Employee/GetAll - -
[2023-01-08 12:43:28.617 +05:30  INF]  CORS policy execution successful.
[2023-01-08 12:43:28.621 +05:30  INF]  Executing endpoint 'Database.Controllers.EmployeeController.GetAll (Employee)'
[2023-01-08 12:43:28.621 +05:30  INF]  Route matched with {action = "GetAll", controller = "Employee"}. Executing controller action with signature System.Threading.Tasks.Task`1[Microsoft.AspNetCore.Mvc.ActionResult] GetAll() on controller Database.Controllers.EmployeeController (Employee).
