[2022-12-22 09:38:01.498 +05:30  INF]  Request starting HTTP/2 GET https://localhost:7256/swagger/v1/swagger.json - -
[2022-12-22 09:38:01.876 +05:30  INF]  Request finished HTTP/2 GET https://localhost:7256/swagger/v1/swagger.json - - - 200 - application/json;charset=utf-8 391.4519ms
[2022-12-22 12:24:56.094 +05:30  INF]  User profile is available. Using 'C:\Users\logesh.karthik\AppData\Local\ASP.NET\DataProtection-Keys' as key repository and Windows DPAPI to encrypt keys at rest.
[2022-12-22 12:24:56.410 +05:30  INF]  Now listening on: https://localhost:7256
[2022-12-22 12:24:56.412 +05:30  INF]  Now listening on: http://localhost:5155
[2022-12-22 12:24:56.423 +05:30  INF]  Application started. Press Ctrl+C to shut down.
[2022-12-22 12:24:56.426 +05:30  INF]  Hosting environment: Development
[2022-12-22 12:24:56.430 +05:30  INF]  Content root path: C:\Users\logesh.karthik\Desktop\Github\AngularMVC\AngularMVC\Employee\
[2022-12-22 12:24:57.110 +05:30  INF]  Request starting HTTP/2 GET https://localhost:7256/ - -
[2022-12-22 12:24:57.186 +05:30  INF]  Executing endpoint 'Database.Controllers.HomeController.Index (Employee)'
[2022-12-22 12:24:57.195 +05:30  INF]  Route matched with {action = "Index", controller = "Home"}. Executing controller action with signature Microsoft.AspNetCore.Mvc.IActionResult Index() on controller Database.Controllers.HomeController (Employee).
[2022-12-22 12:24:57.207 +05:30  INF]  Executing ViewResult, running view Index.
[2022-12-22 12:24:57.339 +05:30  INF]  Executed ViewResult - view Index executed in 132.3206ms.
[2022-12-22 12:24:57.347 +05:30  INF]  Executed action Database.Controllers.HomeController.Index (Employee) in 151.0985ms
[2022-12-22 12:24:57.347 +05:30  INF]  Executed endpoint 'Database.Controllers.HomeController.Index (Employee)'
[2022-12-22 12:24:57.359 +05:30  INF]  Request finished HTTP/2 GET https://localhost:7256/ - - - 200 - text/html;+charset=utf-8 253.5870ms
[2022-12-22 12:24:57.383 +05:30  INF]  Request starting HTTP/2 GET https://localhost:7256/Employee.styles.css?v=1zBmUAqtmJGZ4iG0upJMx4OCtBwRsT0xXpZ3s3bh0xA - -
[2022-12-22 12:24:57.394 +05:30  INF]  The file /Employee.styles.css was not modified
[2022-12-22 12:24:57.395 +05:30  INF]  Request finished HTTP/2 GET https://localhost:7256/Employee.styles.css?v=1zBmUAqtmJGZ4iG0upJMx4OCtBwRsT0xXpZ3s3bh0xA - - - 304 - text/css 11.4746ms
[2022-12-22 12:25:41.217 +05:30  INF]  Request starting HTTP/2 GET https://localhost:7256/Employee/GetAll - -
[2022-12-22 12:25:41.257 +05:30  INF]  CORS policy execution successful.
[2022-12-22 12:25:41.261 +05:30  INF]  Executing endpoint 'Database.Controllers.EmployeeController.GetAll (Employee)'
[2022-12-22 12:25:41.273 +05:30  INF]  Route matched with {action = "GetAll", controller = "Employee"}. Executing controller action with signature System.Threading.Tasks.Task`1[Microsoft.AspNetCore.Mvc.ActionResult] GetAll() on controller Database.Controllers.EmployeeController (Employee).
[2022-12-22 12:25:41.275 +05:30  INF]  Executed action Database.Controllers.EmployeeController.GetAll (Employee) in 2.7127ms
[2022-12-22 12:25:41.276 +05:30  INF]  Executed endpoint 'Database.Controllers.EmployeeController.GetAll (Employee)'
[2022-12-22 12:25:41.342 +05:30  ERR]  An unhandled exception has occurred while executing the request.
System.InvalidOperationException: Unable to resolve service for type 'Database.DataAccessLayer.EmployeeDAL' while attempting to activate 'Database.Controllers.EmployeeController'.
   at Microsoft.Extensions.DependencyInjection.ActivatorUtilities.GetService(IServiceProvider sp, Type type, Type requiredBy, Boolean isDefaultParameterRequired)
   at lambda_method27(Closure , IServiceProvider , Object[] )
   at Microsoft.AspNetCore.Mvc.Controllers.ControllerActivatorProvider.<>c__DisplayClass7_0.<CreateActivator>b__0(ControllerContext controllerContext)
   at Microsoft.AspNetCore.Mvc.Controllers.ControllerFactoryProvider.<>c__DisplayClass6_0.<CreateControllerFactory>g__CreateController|0(ControllerContext controllerContext)
   at Microsoft.AspNetCore.Mvc.Infrastructure.ControllerActionInvoker.Next(State& next, Scope& scope, Object& state, Boolean& isCompleted)
   at Microsoft.AspNetCore.Mvc.Infrastructure.ControllerActionInvoker.InvokeInnerFilterAsync()
--- End of stack trace from previous location ---
   at Microsoft.AspNetCore.Mvc.Infrastructure.ResourceInvoker.<InvokeNextResourceFilter>g__Awaited|25_0(ResourceInvoker invoker, Task lastTask, State next, Scope scope, Object state, Boolean isCompleted)
   at Microsoft.AspNetCore.Mvc.Infrastructure.ResourceInvoker.Rethrow(ResourceExecutedContextSealed context)
   at Microsoft.AspNetCore.Mvc.Infrastructure.ResourceInvoker.Next(State& next, Scope& scope, Object& state, Boolean& isCompleted)
   at Microsoft.AspNetCore.Mvc.Infrastructure.ResourceInvoker.InvokeFilterPipelineAsync()
--- End of stack trace from previous location ---
   at Microsoft.AspNetCore.Mvc.Infrastructure.ResourceInvoker.<InvokeAsync>g__Logged|17_1(ResourceInvoker invoker)
   at Microsoft.AspNetCore.Mvc.Infrastructure.ResourceInvoker.<InvokeAsync>g__Logged|17_1(ResourceInvoker invoker)
   at Microsoft.AspNetCore.Routing.EndpointMiddleware.<Invoke>g__AwaitRequestTask|6_0(Endpoint endpoint, Task requestTask, ILogger logger)
   at Microsoft.AspNetCore.Authorization.AuthorizationMiddleware.Invoke(HttpContext context)
   at Swashbuckle.AspNetCore.SwaggerUI.SwaggerUIMiddleware.Invoke(HttpContext httpContext)
   at Swashbuckle.AspNetCore.Swagger.SwaggerMiddleware.Invoke(HttpContext httpContext, ISwaggerProvider swaggerProvider)
   at Microsoft.AspNetCore.Diagnostics.DeveloperExceptionPageMiddleware.Invoke(HttpContext context)
[2022-12-22 12:25:41.351 +05:30  INF]  Request finished HTTP/2 GET https://localhost:7256/Employee/GetAll - - - 500 - text/plain;+charset=utf-8 134.0821ms
[2022-12-22 12:25:54.333 +05:30  INF]  Request starting HTTP/2 GET https://localhost:7256/Employee/GetAll - -
[2022-12-22 12:25:54.333 +05:30  INF]  CORS policy execution successful.
[2022-12-22 12:25:54.336 +05:30  INF]  Executing endpoint 'Database.Controllers.EmployeeController.GetAll (Employee)'
[2022-12-22 12:25:54.336 +05:30  INF]  Route matched with {action = "GetAll", controller = "Employee"}. Executing controller action with signature System.Threading.Tasks.Task`1[Microsoft.AspNetCore.Mvc.ActionResult] GetAll() on controller Database.Controllers.EmployeeController (Employee).
[2022-12-22 12:25:54.337 +05:30  INF]  Executed action Database.Controllers.EmployeeController.GetAll (Employee) in 0.456ms
[2022-12-22 12:25:54.337 +05:30  INF]  Executed endpoint 'Database.Controllers.EmployeeController.GetAll (Employee)'
[2022-12-22 12:25:54.341 +05:30  ERR]  An unhandled exception has occurred while executing the request.
System.InvalidOperationException: Unable to resolve service for type 'Database.DataAccessLayer.EmployeeDAL' while attempting to activate 'Database.Controllers.EmployeeController'.
   at Microsoft.Extensions.DependencyInjection.ActivatorUtilities.GetService(IServiceProvider sp, Type type, Type requiredBy, Boolean isDefaultParameterRequired)
   at lambda_method27(Closure , IServiceProvider , Object[] )
   at Microsoft.AspNetCore.Mvc.Controllers.ControllerActivatorProvider.<>c__DisplayClass7_0.<CreateActivator>b__0(ControllerContext controllerContext)
   at Microsoft.AspNetCore.Mvc.Controllers.ControllerFactoryProvider.<>c__DisplayClass6_0.<CreateControllerFactory>g__CreateController|0(ControllerContext controllerContext)
   at Microsoft.AspNetCore.Mvc.Infrastructure.ControllerActionInvoker.Next(State& next, Scope& scope, Object& state, Boolean& isCompleted)
   at Microsoft.AspNetCore.Mvc.Infrastructure.ControllerActionInvoker.InvokeInnerFilterAsync()
--- End of stack trace from previous location ---
   at Microsoft.AspNetCore.Mvc.Infrastructure.ResourceInvoker.<InvokeNextResourceFilter>g__Awaited|25_0(ResourceInvoker invoker, Task lastTask, State next, Scope scope, Object state, Boolean isCompleted)
   at Microsoft.AspNetCore.Mvc.Infrastructure.ResourceInvoker.Rethrow(ResourceExecutedContextSealed context)
   at Microsoft.AspNetCore.Mvc.Infrastructure.ResourceInvoker.Next(State& next, Scope& scope, Object& state, Boolean& isCompleted)
   at Microsoft.AspNetCore.Mvc.Infrastructure.ResourceInvoker.InvokeFilterPipelineAsync()
--- End of stack trace from previous location ---
   at Microsoft.AspNetCore.Mvc.Infrastructure.ResourceInvoker.<InvokeAsync>g__Logged|17_1(ResourceInvoker invoker)
   at Microsoft.AspNetCore.Mvc.Infrastructure.ResourceInvoker.<InvokeAsync>g__Logged|17_1(ResourceInvoker invoker)
   at Microsoft.AspNetCore.Routing.EndpointMiddleware.<Invoke>g__AwaitRequestTask|6_0(Endpoint endpoint, Task requestTask, ILogger logger)
   at Microsoft.AspNetCore.Authorization.AuthorizationMiddleware.Invoke(HttpContext context)
   at Swashbuckle.AspNetCore.SwaggerUI.SwaggerUIMiddleware.Invoke(HttpContext httpContext)
   at Swashbuckle.AspNetCore.Swagger.SwaggerMiddleware.Invoke(HttpContext httpContext, ISwaggerProvider swaggerProvider)
   at Microsoft.AspNetCore.Diagnostics.DeveloperExceptionPageMiddleware.Invoke(HttpContext context)
[2022-12-22 12:25:54.342 +05:30  INF]  Request finished HTTP/2 GET https://localhost:7256/Employee/GetAll - - - 500 - text/plain;+charset=utf-8 9.0346ms
[2022-12-22 12:25:55.552 +05:30  INF]  Request starting HTTP/2 GET https://localhost:7256/Employee/GetAll - -
[2022-12-22 12:25:55.552 +05:30  INF]  CORS policy execution successful.
[2022-12-22 12:25:55.552 +05:30  INF]  Executing endpoint 'Database.Controllers.EmployeeController.GetAll (Employee)'
[2022-12-22 12:25:55.552 +05:30  INF]  Route matched with {action = "GetAll", controller = "Employee"}. Executing controller action with signature System.Threading.Tasks.Task`1[Microsoft.AspNetCore.Mvc.ActionResult] GetAll() on controller Database.Controllers.EmployeeController (Employee).
[2022-12-22 12:25:55.554 +05:30  INF]  Executed action Database.Controllers.EmployeeController.GetAll (Employee) in 1.8594ms
[2022-12-22 12:25:55.554 +05:30  INF]  Executed endpoint 'Database.Controllers.EmployeeController.GetAll (Employee)'
[2022-12-22 12:25:55.563 +05:30  ERR]  An unhandled exception has occurred while executing the request.
System.InvalidOperationException: Unable to resolve service for type 'Database.DataAccessLayer.EmployeeDAL' while attempting to activate 'Database.Controllers.EmployeeController'.
   at Microsoft.Extensions.DependencyInjection.ActivatorUtilities.GetService(IServiceProvider sp, Type type, Type requiredBy, Boolean isDefaultParameterRequired)
   at lambda_method27(Closure , IServiceProvider , Object[] )
   at Microsoft.AspNetCore.Mvc.Controllers.ControllerActivatorProvider.<>c__DisplayClass7_0.<CreateActivator>b__0(ControllerContext controllerContext)
   at Microsoft.AspNetCore.Mvc.Controllers.ControllerFactoryProvider.<>c__DisplayClass6_0.<CreateControllerFactory>g__CreateController|0(ControllerContext controllerContext)
   at Microsoft.AspNetCore.Mvc.Infrastructure.ControllerActionInvoker.Next(State& next, Scope& scope, Object& state, Boolean& isCompleted)
   at Microsoft.AspNetCore.Mvc.Infrastructure.ControllerActionInvoker.InvokeInnerFilterAsync()
--- End of stack trace from previous location ---
   at Microsoft.AspNetCore.Mvc.Infrastructure.ResourceInvoker.<InvokeNextResourceFilter>g__Awaited|25_0(ResourceInvoker invoker, Task lastTask, State next, Scope scope, Object state, Boolean isCompleted)
   at Microsoft.AspNetCore.Mvc.Infrastructure.ResourceInvoker.Rethrow(ResourceExecutedContextSealed context)
   at Microsoft.AspNetCore.Mvc.Infrastructure.ResourceInvoker.Next(State& next, Scope& scope, Object& state, Boolean& isCompleted)
   at Microsoft.AspNetCore.Mvc.Infrastructure.ResourceInvoker.InvokeFilterPipelineAsync()
--- End of stack trace from previous location ---
   at Microsoft.AspNetCore.Mvc.Infrastructure.ResourceInvoker.<InvokeAsync>g__Logged|17_1(ResourceInvoker invoker)
   at Microsoft.AspNetCore.Mvc.Infrastructure.ResourceInvoker.<InvokeAsync>g__Logged|17_1(ResourceInvoker invoker)
   at Microsoft.AspNetCore.Routing.EndpointMiddleware.<Invoke>g__AwaitRequestTask|6_0(Endpoint endpoint, Task requestTask, ILogger logger)
   at Microsoft.AspNetCore.Authorization.AuthorizationMiddleware.Invoke(HttpContext context)
   at Swashbuckle.AspNetCore.SwaggerUI.SwaggerUIMiddleware.Invoke(HttpContext httpContext)
   at Swashbuckle.AspNetCore.Swagger.SwaggerMiddleware.Invoke(HttpContext httpContext, ISwaggerProvider swaggerProvider)
   at Microsoft.AspNetCore.Diagnostics.DeveloperExceptionPageMiddleware.Invoke(HttpContext context)
[2022-12-22 12:25:55.564 +05:30  INF]  Request finished HTTP/2 GET https://localhost:7256/Employee/GetAll - - - 500 - text/plain;+charset=utf-8 12.6814ms
[2022-12-22 14:46:15.738 +05:30  INF]  User profile is available. Using 'C:\Users\logesh.karthik\AppData\Local\ASP.NET\DataProtection-Keys' as key repository and Windows DPAPI to encrypt keys at rest.
[2022-12-22 14:46:15.975 +05:30  INF]  Now listening on: https://localhost:7256
[2022-12-22 14:46:15.976 +05:30  INF]  Now listening on: http://localhost:5155
[2022-12-22 14:46:15.990 +05:30  INF]  Application started. Press Ctrl+C to shut down.
[2022-12-22 14:46:15.992 +05:30  INF]  Hosting environment: Development
[2022-12-22 14:46:15.994 +05:30  INF]  Content root path: C:\Users\logesh.karthik\Desktop\Github\AngularMVC\AngularMVC\Employee\
[2022-12-22 14:46:16.827 +05:30  INF]  Request starting HTTP/2 GET https://localhost:7256/ - -
[2022-12-22 14:46:17.017 +05:30  INF]  Executing endpoint 'Database.Controllers.HomeController.Index (Employee)'
[2022-12-22 14:46:17.045 +05:30  INF]  Route matched with {action = "Index", controller = "Home"}. Executing controller action with signature Microsoft.AspNetCore.Mvc.IActionResult Index() on controller Database.Controllers.HomeController (Employee).
[2022-12-22 14:46:17.077 +05:30  INF]  Executing ViewResult, running view Index.
[2022-12-22 14:46:17.386 +05:30  INF]  Executed ViewResult - view Index executed in 306.5163ms.
[2022-12-22 14:46:17.392 +05:30  INF]  Executed action Database.Controllers.HomeController.Index (Employee) in 342.671ms
[2022-12-22 14:46:17.392 +05:30  INF]  Executed endpoint 'Database.Controllers.HomeController.Index (Employee)'
[2022-12-22 14:46:17.401 +05:30  INF]  Request finished HTTP/2 GET https://localhost:7256/ - - - 200 - text/html;+charset=utf-8 584.2783ms
[2022-12-22 14:46:49.433 +05:30  INF]  Request starting HTTP/2 GET https://localhost:7256/Employee/GetAll - -
[2022-12-22 14:46:49.447 +05:30  INF]  CORS policy execution successful.
[2022-12-22 14:46:49.460 +05:30  INF]  Executing endpoint 'Database.Controllers.EmployeeController.GetAll (Employee)'
[2022-12-22 14:46:49.478 +05:30  INF]  Route matched with {action = "GetAll", controller = "Employee"}. Executing controller action with signature System.Threading.Tasks.Task`1[Microsoft.AspNetCore.Mvc.ActionResult] GetAll() on controller Database.Controllers.EmployeeController (Employee).
[2022-12-22 14:46:49.486 +05:30  INF]  Executed action Database.Controllers.EmployeeController.GetAll (Employee) in 8.3084ms
[2022-12-22 14:46:49.490 +05:30  INF]  Executed endpoint 'Database.Controllers.EmployeeController.GetAll (Employee)'
[2022-12-22 14:46:49.594 +05:30  ERR]  An unhandled exception has occurred while executing the request.
System.InvalidOperationException: Unable to resolve service for type 'Database.DataAccessLayer.EmployeeDAL' while attempting to activate 'Database.Controllers.EmployeeController'.
   at Microsoft.Extensions.DependencyInjection.ActivatorUtilities.GetService(IServiceProvider sp, Type type, Type requiredBy, Boolean isDefaultParameterRequired)
   at lambda_method27(Closure , IServiceProvider , Object[] )
   at Microsoft.AspNetCore.Mvc.Controllers.ControllerActivatorProvider.<>c__DisplayClass7_0.<CreateActivator>b__0(ControllerContext controllerContext)
   at Microsoft.AspNetCore.Mvc.Controllers.ControllerFactoryProvider.<>c__DisplayClass6_0.<CreateControllerFactory>g__CreateController|0(ControllerContext controllerContext)
   at Microsoft.AspNetCore.Mvc.Infrastructure.ControllerActionInvoker.Next(State& next, Scope& scope, Object& state, Boolean& isCompleted)
   at Microsoft.AspNetCore.Mvc.Infrastructure.ControllerActionInvoker.InvokeInnerFilterAsync()
--- End of stack trace from previous location ---
   at Microsoft.AspNetCore.Mvc.Infrastructure.ResourceInvoker.<InvokeNextResourceFilter>g__Awaited|25_0(ResourceInvoker invoker, Task lastTask, State next, Scope scope, Object state, Boolean isCompleted)
   at Microsoft.AspNetCore.Mvc.Infrastructure.ResourceInvoker.Rethrow(ResourceExecutedContextSealed context)
   at Microsoft.AspNetCore.Mvc.Infrastructure.ResourceInvoker.Next(State& next, Scope& scope, Object& state, Boolean& isCompleted)
   at Microsoft.AspNetCore.Mvc.Infrastructure.ResourceInvoker.InvokeFilterPipelineAsync()
--- End of stack trace from previous location ---
   at Microsoft.AspNetCore.Mvc.Infrastructure.ResourceInvoker.<InvokeAsync>g__Logged|17_1(ResourceInvoker invoker)
   at Microsoft.AspNetCore.Mvc.Infrastructure.ResourceInvoker.<InvokeAsync>g__Logged|17_1(ResourceInvoker invoker)
   at Microsoft.AspNetCore.Routing.EndpointMiddleware.<Invoke>g__AwaitRequestTask|6_0(Endpoint endpoint, Task requestTask, ILogger logger)
   at Microsoft.AspNetCore.Authorization.AuthorizationMiddleware.Invoke(HttpContext context)
   at Swashbuckle.AspNetCore.SwaggerUI.SwaggerUIMiddleware.Invoke(HttpContext httpContext)
   at Swashbuckle.AspNetCore.Swagger.SwaggerMiddleware.Invoke(HttpContext httpContext, ISwaggerProvider swaggerProvider)
   at Microsoft.AspNetCore.Diagnostics.DeveloperExceptionPageMiddleware.Invoke(HttpContext context)
[2022-12-22 14:46:49.601 +05:30  INF]  Request finished HTTP/2 GET https://localhost:7256/Employee/GetAll - - - 500 - text/plain;+charset=utf-8 167.6863ms
[2022-12-22 14:50:43.195 +05:30  INF]  Request starting HTTP/2 GET https://localhost:7256/api/swagger/index.html - -
[2022-12-22 14:50:43.474 +05:30  INF]  Request finished HTTP/2 GET https://localhost:7256/api/swagger/index.html - - - 200 - text/html;charset=utf-8 278.6224ms
[2022-12-22 14:50:43.606 +05:30  INF]  Request starting HTTP/2 GET https://localhost:7256/swagger/v1/swagger.json - -
[2022-12-22 14:50:43.995 +05:30  INF]  Request finished HTTP/2 GET https://localhost:7256/swagger/v1/swagger.json - - - 200 - application/json;charset=utf-8 388.8549ms
[2022-12-22 14:51:06.705 +05:30  INF]  Request starting HTTP/2 GET https://localhost:7256/Employee/GetAll - -
[2022-12-22 14:51:06.720 +05:30  INF]  Executing endpoint 'Database.Controllers.EmployeeController.GetAll (Employee)'
[2022-12-22 14:51:06.720 +05:30  INF]  Route matched with {action = "GetAll", controller = "Employee"}. Executing controller action with signature System.Threading.Tasks.Task`1[Microsoft.AspNetCore.Mvc.ActionResult] GetAll() on controller Database.Controllers.EmployeeController (Employee).
[2022-12-22 14:51:06.722 +05:30  INF]  Executed action Database.Controllers.EmployeeController.GetAll (Employee) in 1.1643ms
[2022-12-22 14:51:06.722 +05:30  INF]  Executed endpoint 'Database.Controllers.EmployeeController.GetAll (Employee)'
[2022-12-22 14:51:06.735 +05:30  ERR]  An unhandled exception has occurred while executing the request.
System.InvalidOperationException: Unable to resolve service for type 'Database.DataAccessLayer.EmployeeDAL' while attempting to activate 'Database.Controllers.EmployeeController'.
   at Microsoft.Extensions.DependencyInjection.ActivatorUtilities.GetService(IServiceProvider sp, Type type, Type requiredBy, Boolean isDefaultParameterRequired)
   at lambda_method27(Closure , IServiceProvider , Object[] )
   at Microsoft.AspNetCore.Mvc.Controllers.ControllerActivatorProvider.<>c__DisplayClass7_0.<CreateActivator>b__0(ControllerContext controllerContext)
   at Microsoft.AspNetCore.Mvc.Controllers.ControllerFactoryProvider.<>c__DisplayClass6_0.<CreateControllerFactory>g__CreateController|0(ControllerContext controllerContext)
   at Microsoft.AspNetCore.Mvc.Infrastructure.ControllerActionInvoker.Next(State& next, Scope& scope, Object& state, Boolean& isCompleted)
   at Microsoft.AspNetCore.Mvc.Infrastructure.ControllerActionInvoker.InvokeInnerFilterAsync()
--- End of stack trace from previous location ---
   at Microsoft.AspNetCore.Mvc.Infrastructure.ResourceInvoker.<InvokeNextResourceFilter>g__Awaited|25_0(ResourceInvoker invoker, Task lastTask, State next, Scope scope, Object state, Boolean isCompleted)
   at Microsoft.AspNetCore.Mvc.Infrastructure.ResourceInvoker.Rethrow(ResourceExecutedContextSealed context)
   at Microsoft.AspNetCore.Mvc.Infrastructure.ResourceInvoker.Next(State& next, Scope& scope, Object& state, Boolean& isCompleted)
   at Microsoft.AspNetCore.Mvc.Infrastructure.ResourceInvoker.InvokeFilterPipelineAsync()
--- End of stack trace from previous location ---
   at Microsoft.AspNetCore.Mvc.Infrastructure.ResourceInvoker.<InvokeAsync>g__Logged|17_1(ResourceInvoker invoker)
   at Microsoft.AspNetCore.Mvc.Infrastructure.ResourceInvoker.<InvokeAsync>g__Logged|17_1(ResourceInvoker invoker)
   at Microsoft.AspNetCore.Routing.EndpointMiddleware.<Invoke>g__AwaitRequestTask|6_0(Endpoint endpoint, Task requestTask, ILogger logger)
   at Microsoft.AspNetCore.Authorization.AuthorizationMiddleware.Invoke(HttpContext context)
   at Swashbuckle.AspNetCore.SwaggerUI.SwaggerUIMiddleware.Invoke(HttpContext httpContext)
   at Swashbuckle.AspNetCore.Swagger.SwaggerMiddleware.Invoke(HttpContext httpContext, ISwaggerProvider swaggerProvider)
   at Microsoft.AspNetCore.Diagnostics.DeveloperExceptionPageMiddleware.Invoke(HttpContext context)
[2022-12-22 14:51:06.738 +05:30  INF]  Request finished HTTP/2 GET https://localhost:7256/Employee/GetAll - - - 500 - text/plain;+charset=utf-8 32.4749ms
[2022-12-22 15:03:15.334 +05:30  INF]  User profile is available. Using 'C:\Users\logesh.karthik\AppData\Local\ASP.NET\DataProtection-Keys' as key repository and Windows DPAPI to encrypt keys at rest.
[2022-12-22 15:03:15.558 +05:30  INF]  Now listening on: https://localhost:7256
[2022-12-22 15:03:15.559 +05:30  INF]  Now listening on: http://localhost:5155
[2022-12-22 15:03:15.568 +05:30  INF]  Application started. Press Ctrl+C to shut down.
[2022-12-22 15:03:15.570 +05:30  INF]  Hosting environment: Development
[2022-12-22 15:03:15.572 +05:30  INF]  Content root path: C:\Users\logesh.karthik\Desktop\Github\AngularMVC\AngularMVC\Employee\
[2022-12-22 15:03:15.935 +05:30  INF]  Request starting HTTP/2 GET https://localhost:7256/ - -
[2022-12-22 15:03:15.999 +05:30  INF]  Executing endpoint 'Database.Controllers.HomeController.Index (Employee)'
[2022-12-22 15:03:16.010 +05:30  INF]  Route matched with {action = "Index", controller = "Home"}. Executing controller action with signature Microsoft.AspNetCore.Mvc.IActionResult Index() on controller Database.Controllers.HomeController (Employee).
[2022-12-22 15:03:16.031 +05:30  INF]  Executing ViewResult, running view Index.
[2022-12-22 15:03:16.399 +05:30  INF]  Executed ViewResult - view Index executed in 370.8939ms.
[2022-12-22 15:03:16.412 +05:30  INF]  Executed action Database.Controllers.HomeController.Index (Employee) in 401.1628ms
[2022-12-22 15:03:16.412 +05:30  INF]  Executed endpoint 'Database.Controllers.HomeController.Index (Employee)'
[2022-12-22 15:03:16.420 +05:30  INF]  Request finished HTTP/2 GET https://localhost:7256/ - - - 200 - text/html;+charset=utf-8 490.1393ms
[2022-12-22 15:03:25.228 +05:30  INF]  Request starting HTTP/2 GET https://localhost:7256/Employee/GetAll - -
[2022-12-22 15:03:25.273 +05:30  INF]  CORS policy execution successful.
[2022-12-22 15:03:25.282 +05:30  INF]  Executing endpoint 'Database.Controllers.EmployeeController.GetAll (Employee)'
[2022-12-22 15:03:25.317 +05:30  INF]  Route matched with {action = "GetAll", controller = "Employee"}. Executing controller action with signature System.Threading.Tasks.Task`1[Microsoft.AspNetCore.Mvc.ActionResult] GetAll() on controller Database.Controllers.EmployeeController (Employee).
[2022-12-22 15:03:53.096 +05:30  INF]  Executed action Database.Controllers.EmployeeController.GetAll (Employee) in 27779.0443ms
[2022-12-22 15:03:53.097 +05:30  INF]  Executed endpoint 'Database.Controllers.EmployeeController.GetAll (Employee)'
[2022-12-22 15:03:53.172 +05:30  ERR]  An unhandled exception has occurred while executing the request.
System.Net.Http.HttpRequestException: No connection could be made because the target machine actively refused it. (localhost:7031)
 ---> System.Net.Sockets.SocketException (10061): No connection could be made because the target machine actively refused it.
   at System.Net.Sockets.Socket.AwaitableSocketAsyncEventArgs.ThrowException(SocketError error, CancellationToken cancellationToken)
   at System.Net.Sockets.Socket.AwaitableSocketAsyncEventArgs.System.Threading.Tasks.Sources.IValueTaskSource.GetResult(Int16 token)
   at System.Net.Sockets.Socket.<ConnectAsync>g__WaitForConnectWithCancellation|277_0(AwaitableSocketAsyncEventArgs saea, ValueTask connectTask, CancellationToken cancellationToken)
   at System.Net.Http.HttpConnectionPool.ConnectToTcpHostAsync(String host, Int32 port, HttpRequestMessage initialRequest, Boolean async, CancellationToken cancellationToken)
   --- End of inner exception stack trace ---
   at System.Net.Http.HttpConnectionPool.ConnectToTcpHostAsync(String host, Int32 port, HttpRequestMessage initialRequest, Boolean async, CancellationToken cancellationToken)
   at System.Net.Http.HttpConnectionPool.ConnectAsync(HttpRequestMessage request, Boolean async, CancellationToken cancellationToken)
   at System.Net.Http.HttpConnectionPool.CreateHttp11ConnectionAsync(HttpRequestMessage request, Boolean async, CancellationToken cancellationToken)
   at System.Net.Http.HttpConnectionPool.AddHttp11ConnectionAsync(HttpRequestMessage request)
   at System.Threading.Tasks.TaskCompletionSourceWithCancellation`1.WaitWithCancellationAsync(CancellationToken cancellationToken)
   at System.Net.Http.HttpConnectionPool.GetHttp11ConnectionAsync(HttpRequestMessage request, Boolean async, CancellationToken cancellationToken)
   at System.Net.Http.HttpConnectionPool.SendWithVersionDetectionAndRetryAsync(HttpRequestMessage request, Boolean async, Boolean doRequestAuth, CancellationToken cancellationToken)
   at System.Net.Http.DiagnosticsHandler.SendAsyncCore(HttpRequestMessage request, Boolean async, CancellationToken cancellationToken)
   at System.Net.Http.RedirectHandler.SendAsync(HttpRequestMessage request, Boolean async, CancellationToken cancellationToken)
   at System.Net.Http.HttpClient.<SendAsync>g__Core|83_0(HttpRequestMessage request, HttpCompletionOption completionOption, CancellationTokenSource cts, Boolean disposeCts, CancellationTokenSource pendingRequestsCts, CancellationToken originalCancellationToken)
   at Database.Controllers.EmployeeController.GetAll() in C:\Users\logesh.karthik\Desktop\Github\AngularMVC\AngularMVC\Employee\Controllers\EmployeeController.cs:line 49
   at lambda_method23(Closure , Object )
   at Microsoft.AspNetCore.Mvc.Infrastructure.ActionMethodExecutor.TaskOfActionResultExecutor.Execute(IActionResultTypeMapper mapper, ObjectMethodExecutor executor, Object controller, Object[] arguments)
   at Microsoft.AspNetCore.Mvc.Infrastructure.ControllerActionInvoker.<InvokeActionMethodAsync>g__Awaited|12_0(ControllerActionInvoker invoker, ValueTask`1 actionResultValueTask)
   at Microsoft.AspNetCore.Mvc.Infrastructure.ControllerActionInvoker.<InvokeNextActionFilterAsync>g__Awaited|10_0(ControllerActionInvoker invoker, Task lastTask, State next, Scope scope, Object state, Boolean isCompleted)
   at Microsoft.AspNetCore.Mvc.Infrastructure.ControllerActionInvoker.Rethrow(ActionExecutedContextSealed context)
   at Microsoft.AspNetCore.Mvc.Infrastructure.ControllerActionInvoker.Next(State& next, Scope& scope, Object& state, Boolean& isCompleted)
   at Microsoft.AspNetCore.Mvc.Infrastructure.ControllerActionInvoker.<InvokeInnerFilterAsync>g__Awaited|13_0(ControllerActionInvoker invoker, Task lastTask, State next, Scope scope, Object state, Boolean isCompleted)
   at Microsoft.AspNetCore.Mvc.Infrastructure.ResourceInvoker.<InvokeNextResourceFilter>g__Awaited|25_0(ResourceInvoker invoker, Task lastTask, State next, Scope scope, Object state, Boolean isCompleted)
   at Microsoft.AspNetCore.Mvc.Infrastructure.ResourceInvoker.Rethrow(ResourceExecutedContextSealed context)
   at Microsoft.AspNetCore.Mvc.Infrastructure.ResourceInvoker.Next(State& next, Scope& scope, Object& state, Boolean& isCompleted)
   at Microsoft.AspNetCore.Mvc.Infrastructure.ResourceInvoker.<InvokeFilterPipelineAsync>g__Awaited|20_0(ResourceInvoker invoker, Task lastTask, State next, Scope scope, Object state, Boolean isCompleted)
   at Microsoft.AspNetCore.Mvc.Infrastructure.ResourceInvoker.<InvokeAsync>g__Logged|17_1(ResourceInvoker invoker)
   at Microsoft.AspNetCore.Mvc.Infrastructure.ResourceInvoker.<InvokeAsync>g__Logged|17_1(ResourceInvoker invoker)
   at Microsoft.AspNetCore.Routing.EndpointMiddleware.<Invoke>g__AwaitRequestTask|6_0(Endpoint endpoint, Task requestTask, ILogger logger)
   at Microsoft.AspNetCore.Authorization.AuthorizationMiddleware.Invoke(HttpContext context)
   at Swashbuckle.AspNetCore.SwaggerUI.SwaggerUIMiddleware.Invoke(HttpContext httpContext)
   at Swashbuckle.AspNetCore.Swagger.SwaggerMiddleware.Invoke(HttpContext httpContext, ISwaggerProvider swaggerProvider)
   at Microsoft.AspNetCore.Diagnostics.DeveloperExceptionPageMiddleware.Invoke(HttpContext context)
[2022-12-22 15:03:53.179 +05:30  INF]  Request finished HTTP/2 GET https://localhost:7256/Employee/GetAll - - - 500 - text/plain;+charset=utf-8 27951.7761ms
[2022-12-22 15:04:33.539 +05:30  INF]  Request starting HTTP/2 GET https://localhost:7256/Employee/GetAll - -
[2022-12-22 15:04:33.540 +05:30  INF]  CORS policy execution successful.
[2022-12-22 15:04:33.543 +05:30  INF]  Executing endpoint 'Database.Controllers.EmployeeController.GetAll (Employee)'
[2022-12-22 15:04:33.543 +05:30  INF]  Route matched with {action = "GetAll", controller = "Employee"}. Executing controller action with signature System.Threading.Tasks.Task`1[Microsoft.AspNetCore.Mvc.ActionResult] GetAll() on controller Database.Controllers.EmployeeController (Employee).
[2022-12-22 15:04:51.031 +05:30  INF]  Executing JsonResult, writing value of type 'System.Collections.Generic.List`1[[Database.Models.Employee, Database, Version=1.0.0.0, Culture=neutral, PublicKeyToken=null]]'.
[2022-12-22 15:04:51.189 +05:30  INF]  Executed action Database.Controllers.EmployeeController.GetAll (Employee) in 17645.469ms
[2022-12-22 15:04:51.189 +05:30  INF]  Executed endpoint 'Database.Controllers.EmployeeController.GetAll (Employee)'
[2022-12-22 15:04:51.192 +05:30  INF]  Request finished HTTP/2 GET https://localhost:7256/Employee/GetAll - - - 200 - application/json;+charset=utf-8 17652.3733ms
[2022-12-22 15:04:51.230 +05:30  INF]  Request starting HTTP/2 GET https://localhost:7256//Employee/getcount - -
[2022-12-22 15:04:51.230 +05:30  INF]  CORS policy execution successful.
[2022-12-22 15:04:51.230 +05:30  INF]  Request finished HTTP/2 GET https://localhost:7256//Employee/getcount - - - 404 0 - 0.5151ms
[2022-12-22 15:06:56.529 +05:30  INF]  Request starting HTTP/2 GET https://localhost:7256/Employee/GetAll - -
[2022-12-22 15:06:56.530 +05:30  INF]  Executing endpoint 'Database.Controllers.EmployeeController.GetAll (Employee)'
[2022-12-22 15:06:56.530 +05:30  INF]  Route matched with {action = "GetAll", controller = "Employee"}. Executing controller action with signature System.Threading.Tasks.Task`1[Microsoft.AspNetCore.Mvc.ActionResult] GetAll() on controller Database.Controllers.EmployeeController (Employee).
[2022-12-22 15:07:04.474 +05:30  INF]  Executing JsonResult, writing value of type 'System.Collections.Generic.List`1[[Database.Models.Employee, Database, Version=1.0.0.0, Culture=neutral, PublicKeyToken=null]]'.
[2022-12-22 15:07:04.474 +05:30  INF]  Executed action Database.Controllers.EmployeeController.GetAll (Employee) in 7943.8483ms
[2022-12-22 15:07:04.474 +05:30  INF]  Executed endpoint 'Database.Controllers.EmployeeController.GetAll (Employee)'
[2022-12-22 15:07:04.474 +05:30  INF]  Request finished HTTP/2 GET https://localhost:7256/Employee/GetAll - - - 200 - application/json;+charset=utf-8 7944.4761ms
[2022-12-22 15:41:09.780 +05:30  INF]  Request starting HTTP/2 GET https://localhost:7256/Employee/GetAll - -
[2022-12-22 15:41:09.780 +05:30  INF]  Executing endpoint 'Database.Controllers.EmployeeController.GetAll (Employee)'
[2022-12-22 15:41:09.780 +05:30  INF]  Route matched with {action = "GetAll", controller = "Employee"}. Executing controller action with signature System.Threading.Tasks.Task`1[Microsoft.AspNetCore.Mvc.ActionResult] GetAll() on controller Database.Controllers.EmployeeController (Employee).
[2022-12-22 15:41:31.412 +05:30  INF]  Executing JsonResult, writing value of type 'System.Collections.Generic.List`1[[Database.Models.Employee, Database, Version=1.0.0.0, Culture=neutral, PublicKeyToken=null]]'.
[2022-12-22 15:41:31.412 +05:30  INF]  Executed action Database.Controllers.EmployeeController.GetAll (Employee) in 21632.1955ms
[2022-12-22 15:41:31.413 +05:30  INF]  Executed endpoint 'Database.Controllers.EmployeeController.GetAll (Employee)'
[2022-12-22 15:41:31.413 +05:30  INF]  Request finished HTTP/2 GET https://localhost:7256/Employee/GetAll - - - 200 - application/json;+charset=utf-8 21633.1814ms
[2022-12-22 15:49:13.901 +05:30  INF]  Request starting HTTP/2 GET https://localhost:7256/Employee/GetAll?pageNo=1&size=5&sort=firstname - -
[2022-12-22 15:49:13.901 +05:30  INF]  CORS policy execution successful.
[2022-12-22 15:49:13.905 +05:30  INF]  Executing endpoint 'Database.Controllers.EmployeeController.GetAll (Employee)'
[2022-12-22 15:49:13.905 +05:30  INF]  Route matched with {action = "GetAll", controller = "Employee"}. Executing controller action with signature System.Threading.Tasks.Task`1[Microsoft.AspNetCore.Mvc.ActionResult] GetAll() on controller Database.Controllers.EmployeeController (Employee).
[2022-12-22 15:49:32.090 +05:30  INF]  Executing JsonResult, writing value of type 'System.Collections.Generic.List`1[[Database.Models.Employee, Database, Version=1.0.0.0, Culture=neutral, PublicKeyToken=null]]'.
[2022-12-22 15:49:32.091 +05:30  INF]  Executed action Database.Controllers.EmployeeController.GetAll (Employee) in 18185.0776ms
[2022-12-22 15:49:32.091 +05:30  INF]  Executed endpoint 'Database.Controllers.EmployeeController.GetAll (Employee)'
[2022-12-22 15:49:32.091 +05:30  INF]  Request finished HTTP/2 GET https://localhost:7256/Employee/GetAll?pageNo=1&size=5&sort=firstname - - - 200 - application/json;+charset=utf-8 18189.8670ms
[2022-12-22 15:49:32.159 +05:30  INF]  Request starting HTTP/2 GET https://localhost:7256/Employee/GetAll?pageNo=1&size=5&sort=firstname/Employee/getcount - -
[2022-12-22 15:49:32.160 +05:30  INF]  CORS policy execution successful.
[2022-12-22 15:49:32.160 +05:30  INF]  Executing endpoint 'Database.Controllers.EmployeeController.GetAll (Employee)'
[2022-12-22 15:49:32.161 +05:30  INF]  Route matched with {action = "GetAll", controller = "Employee"}. Executing controller action with signature System.Threading.Tasks.Task`1[Microsoft.AspNetCore.Mvc.ActionResult] GetAll() on controller Database.Controllers.EmployeeController (Employee).
[2022-12-22 15:49:37.524 +05:30  INF]  Executing JsonResult, writing value of type 'System.Collections.Generic.List`1[[Database.Models.Employee, Database, Version=1.0.0.0, Culture=neutral, PublicKeyToken=null]]'.
[2022-12-22 15:49:37.524 +05:30  INF]  Executed action Database.Controllers.EmployeeController.GetAll (Employee) in 5363.2326ms
[2022-12-22 15:49:37.524 +05:30  INF]  Executed endpoint 'Database.Controllers.EmployeeController.GetAll (Employee)'
[2022-12-22 15:49:37.524 +05:30  INF]  Request finished HTTP/2 GET https://localhost:7256/Employee/GetAll?pageNo=1&size=5&sort=firstname/Employee/getcount - - - 200 - application/json;+charset=utf-8 5364.8881ms
[2022-12-22 16:46:56.804 +05:30  INF]  User profile is available. Using 'C:\Users\logesh.karthik\AppData\Local\ASP.NET\DataProtection-Keys' as key repository and Windows DPAPI to encrypt keys at rest.
[2022-12-22 16:46:57.130 +05:30  INF]  Now listening on: https://localhost:7256
[2022-12-22 16:46:57.133 +05:30  INF]  Now listening on: http://localhost:5155
[2022-12-22 16:46:57.146 +05:30  INF]  Application started. Press Ctrl+C to shut down.
[2022-12-22 16:46:57.152 +05:30  INF]  Hosting environment: Development
[2022-12-22 16:46:57.162 +05:30  INF]  Content root path: C:\Users\logesh.karthik\Desktop\Github\AngularMVC\AngularMVC\Employee\
[2022-12-22 16:46:58.171 +05:30  INF]  Request starting HTTP/2 GET https://localhost:7256/ - -
[2022-12-22 16:46:58.333 +05:30  INF]  Executing endpoint 'Database.Controllers.HomeController.Index (Employee)'
[2022-12-22 16:46:58.370 +05:30  INF]  Route matched with {action = "Index", controller = "Home"}. Executing controller action with signature Microsoft.AspNetCore.Mvc.IActionResult Index() on controller Database.Controllers.HomeController (Employee).
[2022-12-22 16:46:58.401 +05:30  INF]  Executing ViewResult, running view Index.
[2022-12-22 16:46:58.839 +05:30  INF]  Executed ViewResult - view Index executed in 437.4694ms.
[2022-12-22 16:46:58.861 +05:30  INF]  Executed action Database.Controllers.HomeController.Index (Employee) in 490.7997ms
[2022-12-22 16:46:58.861 +05:30  INF]  Executed endpoint 'Database.Controllers.HomeController.Index (Employee)'
[2022-12-22 16:46:58.903 +05:30  INF]  Request finished HTTP/2 GET https://localhost:7256/ - - - 200 - text/html;+charset=utf-8 745.0014ms
[2022-12-22 16:47:17.439 +05:30  INF]  Request starting HTTP/2 GET https://localhost:7256/swagger/v1/swagger.json - -
[2022-12-22 16:47:17.850 +05:30  INF]  Request finished HTTP/2 GET https://localhost:7256/swagger/v1/swagger.json - - - 200 - application/json;charset=utf-8 411.3579ms
[2022-12-22 16:47:24.813 +05:30  INF]  Request starting HTTP/2 GET https://localhost:7256/api/swagger/index.html - -
[2022-12-22 16:47:25.003 +05:30  INF]  Request finished HTTP/2 GET https://localhost:7256/api/swagger/index.html - - - 200 - text/html;charset=utf-8 190.1370ms
[2022-12-22 16:47:25.132 +05:30  INF]  Request starting HTTP/2 GET https://localhost:7256/swagger/v1/swagger.json - -
[2022-12-22 16:47:25.134 +05:30  INF]  Request finished HTTP/2 GET https://localhost:7256/swagger/v1/swagger.json - - - 200 - application/json;charset=utf-8 2.4712ms
[2022-12-22 16:48:32.559 +05:30  INF]  Request starting HTTP/2 GET https://localhost:7256/Employee/GetAll - -
[2022-12-22 16:48:32.564 +05:30  INF]  Executing endpoint 'Database.Controllers.EmployeeController.GetAll (Employee)'
[2022-12-22 16:48:32.577 +05:30  INF]  Route matched with {action = "GetAll", controller = "Employee"}. Executing controller action with signature System.Threading.Tasks.Task`1[Microsoft.AspNetCore.Mvc.ActionResult] GetAll() on controller Database.Controllers.EmployeeController (Employee).
[2022-12-22 16:50:24.776 +05:30  INF]  User profile is available. Using 'C:\Users\logesh.karthik\AppData\Local\ASP.NET\DataProtection-Keys' as key repository and Windows DPAPI to encrypt keys at rest.
[2022-12-22 16:50:24.979 +05:30  INF]  Now listening on: https://localhost:7256
[2022-12-22 16:50:24.981 +05:30  INF]  Now listening on: http://localhost:5155
[2022-12-22 16:50:24.993 +05:30  INF]  Application started. Press Ctrl+C to shut down.
[2022-12-22 16:50:24.994 +05:30  INF]  Hosting environment: Development
[2022-12-22 16:50:24.996 +05:30  INF]  Content root path: C:\Users\logesh.karthik\Desktop\Github\AngularMVC\AngularMVC\Employee\
[2022-12-22 16:50:25.373 +05:30  INF]  Request starting HTTP/2 GET https://localhost:7256/ - -
[2022-12-22 16:50:25.519 +05:30  INF]  Executing endpoint 'Database.Controllers.HomeController.Index (Employee)'
[2022-12-22 16:50:25.537 +05:30  INF]  Route matched with {action = "Index", controller = "Home"}. Executing controller action with signature Microsoft.AspNetCore.Mvc.IActionResult Index() on controller Database.Controllers.HomeController (Employee).
[2022-12-22 16:50:25.551 +05:30  INF]  Executing ViewResult, running view Index.
[2022-12-22 16:50:25.683 +05:30  INF]  Executed ViewResult - view Index executed in 128.8597ms.
[2022-12-22 16:50:25.699 +05:30  INF]  Executed action Database.Controllers.HomeController.Index (Employee) in 160.7231ms
[2022-12-22 16:50:25.700 +05:30  INF]  Executed endpoint 'Database.Controllers.HomeController.Index (Employee)'
[2022-12-22 16:50:25.719 +05:30  INF]  Request finished HTTP/2 GET https://localhost:7256/ - - - 200 - text/html;+charset=utf-8 349.2643ms
[2022-12-22 16:50:42.293 +05:30  INF]  Request starting HTTP/2 GET https://localhost:7256/api/swagger/index.html - -
[2022-12-22 16:50:42.543 +05:30  INF]  Request finished HTTP/2 GET https://localhost:7256/api/swagger/index.html - - - 200 - text/html;charset=utf-8 250.4981ms
[2022-12-22 16:50:42.882 +05:30  INF]  Request starting HTTP/2 GET https://localhost:7256/swagger/v1/swagger.json - -
[2022-12-22 16:50:43.261 +05:30  INF]  Request finished HTTP/2 GET https://localhost:7256/swagger/v1/swagger.json - - - 200 - application/json;charset=utf-8 379.6922ms
[2022-12-22 16:50:50.759 +05:30  INF]  Request starting HTTP/2 GET https://localhost:7256/Employee/GetAll - -
[2022-12-22 16:50:50.763 +05:30  INF]  Executing endpoint 'Database.Controllers.EmployeeController.GetAll (Employee)'
[2022-12-22 16:50:50.790 +05:30  INF]  Route matched with {action = "GetAll", controller = "Employee"}. Executing controller action with signature System.Threading.Tasks.Task`1[Microsoft.AspNetCore.Mvc.ActionResult] GetAll() on controller Database.Controllers.EmployeeController (Employee).
[2022-12-22 16:50:57.973 +05:30  INF]  Executing JsonResult, writing value of type 'System.Collections.Generic.List`1[[Database.Models.Employee, Database, Version=1.0.0.0, Culture=neutral, PublicKeyToken=null]]'.
[2022-12-22 16:50:58.008 +05:30  INF]  Executed action Database.Controllers.EmployeeController.GetAll (Employee) in 7217.3233ms
[2022-12-22 16:50:58.011 +05:30  INF]  Executed endpoint 'Database.Controllers.EmployeeController.GetAll (Employee)'
[2022-12-22 16:50:58.022 +05:30  INF]  Request finished HTTP/2 GET https://localhost:7256/Employee/GetAll - - - 200 - application/json;+charset=utf-8 7262.3474ms
