[2023-01-09 16:14:07.250 +05:30  INF]  User profile is available. Using 'C:\Users\logesh.karthik\AppData\Local\ASP.NET\DataProtection-Keys' as key repository and Windows DPAPI to encrypt keys at rest.
[2023-01-09 16:14:07.409 +05:30  INF]  Now listening on: https://localhost:7256
[2023-01-09 16:14:07.409 +05:30  INF]  Now listening on: http://localhost:5155
[2023-01-09 16:14:07.412 +05:30  INF]  Application started. Press Ctrl+C to shut down.
[2023-01-09 16:14:07.412 +05:30  INF]  Hosting environment: Development
[2023-01-09 16:14:07.412 +05:30  INF]  Content root path: C:\Users\logesh.karthik\Desktop\Github\AngularMVC\AngularMVC\Employee\
[2023-01-09 16:16:24.377 +05:30  INF]  Request starting HTTP/2 OPTIONS https://localhost:7256/Employee/GetAll - -
[2023-01-09 16:16:24.467 +05:30  INF]  CORS policy execution successful.
[2023-01-09 16:16:24.476 +05:30  INF]  Request finished HTTP/2 OPTIONS https://localhost:7256/Employee/GetAll - - - 204 - - 122.4011ms
[2023-01-09 16:16:24.483 +05:30  INF]  Request starting HTTP/2 GET https://localhost:7256/Employee/GetAll - -
[2023-01-09 16:16:24.509 +05:30  INF]  CORS policy execution successful.
[2023-01-09 16:16:24.782 +05:30  INF]  Executing endpoint 'Database.Controllers.EmployeeController.GetAll (Employee)'
[2023-01-09 16:16:24.813 +05:30  INF]  Route matched with {action = "GetAll", controller = "Employee"}. Executing controller action with signature System.Threading.Tasks.Task`1[Microsoft.AspNetCore.Mvc.ActionResult] GetAll() on controller Database.Controllers.EmployeeController (Employee).
[2023-01-09 16:16:25.318 +05:30  INF]  Executing JsonResult, writing value of type 'System.Collections.Generic.List`1[[Database.Models.Employee, Database, Version=1.0.0.0, Culture=neutral, PublicKeyToken=null]]'.
[2023-01-09 16:16:25.366 +05:30  INF]  Executed action Database.Controllers.EmployeeController.GetAll (Employee) in 547.0373ms
[2023-01-09 16:16:25.368 +05:30  INF]  Executed endpoint 'Database.Controllers.EmployeeController.GetAll (Employee)'
[2023-01-09 16:16:25.370 +05:30  INF]  Request finished HTTP/2 GET https://localhost:7256/Employee/GetAll - - - 200 - application/json;+charset=utf-8 887.1783ms
[2023-01-09 16:16:52.822 +05:30  INF]  Request starting HTTP/2 GET https://localhost:7256/Employee/GetAll - -
[2023-01-09 16:16:52.841 +05:30  INF]  Executing endpoint 'Database.Controllers.EmployeeController.GetAll (Employee)'
[2023-01-09 16:16:52.842 +05:30  INF]  Route matched with {action = "GetAll", controller = "Employee"}. Executing controller action with signature System.Threading.Tasks.Task`1[Microsoft.AspNetCore.Mvc.ActionResult] GetAll() on controller Database.Controllers.EmployeeController (Employee).
[2023-01-09 16:16:52.877 +05:30  INF]  Executing JsonResult, writing value of type 'System.Collections.Generic.List`1[[Database.Models.Employee, Database, Version=1.0.0.0, Culture=neutral, PublicKeyToken=null]]'.
[2023-01-09 16:16:52.877 +05:30  INF]  Executed action Database.Controllers.EmployeeController.GetAll (Employee) in 34.9837ms
[2023-01-09 16:16:52.877 +05:30  INF]  Executed endpoint 'Database.Controllers.EmployeeController.GetAll (Employee)'
[2023-01-09 16:16:52.878 +05:30  INF]  Request finished HTTP/2 GET https://localhost:7256/Employee/GetAll - - - 200 - application/json;+charset=utf-8 63.9122ms
[2023-01-09 16:18:37.115 +05:30  INF]  Application is shutting down...
[2023-01-09 16:19:01.955 +05:30  INF]  User profile is available. Using 'C:\Users\logesh.karthik\AppData\Local\ASP.NET\DataProtection-Keys' as key repository and Windows DPAPI to encrypt keys at rest.
[2023-01-09 16:19:02.353 +05:30  INF]  Now listening on: https://localhost:7256
[2023-01-09 16:19:02.354 +05:30  INF]  Now listening on: http://localhost:5155
[2023-01-09 16:19:02.363 +05:30  INF]  Application started. Press Ctrl+C to shut down.
[2023-01-09 16:19:02.365 +05:30  INF]  Hosting environment: Development
[2023-01-09 16:19:02.366 +05:30  INF]  Content root path: C:\Users\logesh.karthik\Desktop\Github\AngularMVC\AngularMVC\Employee\
[2023-01-09 16:19:02.869 +05:30  INF]  Request starting HTTP/2 GET https://localhost:7256/ - -
[2023-01-09 16:19:03.105 +05:30  INF]  Executing endpoint 'Database.Controllers.HomeController.Index (Employee)'
[2023-01-09 16:19:03.121 +05:30  INF]  Route matched with {action = "Index", controller = "Home"}. Executing controller action with signature Microsoft.AspNetCore.Mvc.IActionResult Index() on controller Database.Controllers.HomeController (Employee).
[2023-01-09 16:19:03.138 +05:30  INF]  Executing ViewResult, running view Index.
[2023-01-09 16:19:03.268 +05:30  INF]  Executed ViewResult - view Index executed in 130.1057ms.
[2023-01-09 16:19:03.278 +05:30  INF]  Executed action Database.Controllers.HomeController.Index (Employee) in 155.9552ms
[2023-01-09 16:19:03.278 +05:30  INF]  Executed endpoint 'Database.Controllers.HomeController.Index (Employee)'
[2023-01-09 16:19:03.285 +05:30  INF]  Request finished HTTP/2 GET https://localhost:7256/ - - - 200 - text/html;+charset=utf-8 417.8843ms
[2023-01-09 16:19:03.335 +05:30  INF]  Request starting HTTP/2 GET https://localhost:7256/js/site.js?v=4q1jwFhaPaZgr8WAUSrux6hAuh0XDg9kPS3xIVq36I0 - -
[2023-01-09 16:19:03.337 +05:30  INF]  Request starting HTTP/2 GET https://localhost:7256/Employee.styles.css?v=1zBmUAqtmJGZ4iG0upJMx4OCtBwRsT0xXpZ3s3bh0xA - -
[2023-01-09 16:19:03.359 +05:30  INF]  The file /Employee.styles.css was not modified
[2023-01-09 16:19:03.359 +05:30  INF]  Request finished HTTP/2 GET https://localhost:7256/Employee.styles.css?v=1zBmUAqtmJGZ4iG0upJMx4OCtBwRsT0xXpZ3s3bh0xA - - - 304 - text/css 22.6187ms
[2023-01-09 16:19:03.409 +05:30  INF]  Sending file. Request path: '/js/site.js'. Physical path: 'C:\Users\logesh.karthik\Desktop\Github\AngularMVC\AngularMVC\Employee\wwwroot\js\site.js'
[2023-01-09 16:19:03.410 +05:30  INF]  Request finished HTTP/2 GET https://localhost:7256/js/site.js?v=4q1jwFhaPaZgr8WAUSrux6hAuh0XDg9kPS3xIVq36I0 - - - 0 230 application/javascript 74.8562ms
[2023-01-09 16:19:03.510 +05:30  INF]  Request starting HTTP/2 GET https://localhost:7256/favicon.ico - -
[2023-01-09 16:19:03.517 +05:30  INF]  Sending file. Request path: '/favicon.ico'. Physical path: 'C:\Users\logesh.karthik\Desktop\Github\AngularMVC\AngularMVC\Employee\wwwroot\favicon.ico'
[2023-01-09 16:19:03.517 +05:30  INF]  Request finished HTTP/2 GET https://localhost:7256/favicon.ico - - - 0 5430 image/x-icon 7.4664ms
[2023-01-09 16:19:08.860 +05:30  INF]  Request starting HTTP/2 OPTIONS https://localhost:7256/Employee/GetAll - -
[2023-01-09 16:19:08.865 +05:30  INF]  CORS policy execution successful.
[2023-01-09 16:19:08.867 +05:30  INF]  Request finished HTTP/2 OPTIONS https://localhost:7256/Employee/GetAll - - - 204 - - 7.1675ms
[2023-01-09 16:19:08.870 +05:30  INF]  Request starting HTTP/2 GET https://localhost:7256/Employee/GetAll - -
[2023-01-09 16:19:08.870 +05:30  INF]  CORS policy execution successful.
[2023-01-09 16:19:09.232 +05:30  INF]  Executing endpoint 'Database.Controllers.EmployeeController.GetAll (Employee)'
[2023-01-09 16:19:09.242 +05:30  INF]  Route matched with {action = "GetAll", controller = "Employee"}. Executing controller action with signature System.Threading.Tasks.Task`1[Microsoft.AspNetCore.Mvc.ActionResult] GetAll() on controller Database.Controllers.EmployeeController (Employee).
[2023-01-09 16:19:35.238 +05:30  INF]  Executing JsonResult, writing value of type 'System.Collections.Generic.List`1[[Database.Models.Employee, Database, Version=1.0.0.0, Culture=neutral, PublicKeyToken=null]]'.
[2023-01-09 16:19:37.455 +05:30  INF]  Executed action Database.Controllers.EmployeeController.GetAll (Employee) in 28213.1633ms
[2023-01-09 16:19:37.637 +05:30  INF]  Executed endpoint 'Database.Controllers.EmployeeController.GetAll (Employee)'
[2023-01-09 16:19:37.642 +05:30  INF]  Request finished HTTP/2 GET https://localhost:7256/Employee/GetAll - - - 200 - application/json;+charset=utf-8 28772.1881ms
[2023-01-09 16:19:50.363 +05:30  INF]  Request starting HTTP/2 OPTIONS https://localhost:7256/Employee/GetAll - -
[2023-01-09 16:19:50.363 +05:30  INF]  CORS policy execution successful.
[2023-01-09 16:19:50.364 +05:30  INF]  Request finished HTTP/2 OPTIONS https://localhost:7256/Employee/GetAll - - - 204 - - 1.3873ms
[2023-01-09 16:19:50.430 +05:30  INF]  Request starting HTTP/2 GET https://localhost:7256/Employee/GetAll - -
[2023-01-09 16:19:50.430 +05:30  INF]  CORS policy execution successful.
[2023-01-09 16:19:50.440 +05:30  INF]  Executing endpoint 'Database.Controllers.EmployeeController.GetAll (Employee)'
[2023-01-09 16:19:50.440 +05:30  INF]  Route matched with {action = "GetAll", controller = "Employee"}. Executing controller action with signature System.Threading.Tasks.Task`1[Microsoft.AspNetCore.Mvc.ActionResult] GetAll() on controller Database.Controllers.EmployeeController (Employee).
[2023-01-09 16:19:56.853 +05:30  INF]  Executing JsonResult, writing value of type 'System.Collections.Generic.List`1[[Database.Models.Employee, Database, Version=1.0.0.0, Culture=neutral, PublicKeyToken=null]]'.
[2023-01-09 16:19:56.854 +05:30  INF]  Executed action Database.Controllers.EmployeeController.GetAll (Employee) in 6413.6352ms
[2023-01-09 16:19:56.854 +05:30  INF]  Executed endpoint 'Database.Controllers.EmployeeController.GetAll (Employee)'
[2023-01-09 16:19:56.854 +05:30  INF]  Request finished HTTP/2 GET https://localhost:7256/Employee/GetAll - - - 200 - application/json;+charset=utf-8 6423.7203ms
